2024-10-04 08:28:36,015 [INFO] Activator:176 - 


2024-10-04 08:28:36,020 [INFO] Activator:177 - !SESSION log4j initialized
2024-10-04 08:28:43,217 [INFO] LogOutputStream:77 - [STDOUT_REDIRECT] 
2024-10-04 08:28:45,823 [INFO] ApplicationProperties:184 - Using Application install path: C:\ST\STM32CubeIDE_1.15.1\STM32CubeIDE\plugins\com.st.stm32cube.common.mx_6.11.1.202404110753
2024-10-04 08:28:45,844 [INFO] DbMcusXml:78 - Set database path to: C:\ST\STM32CubeIDE_1.15.1\STM32CubeIDE\plugins\com.st.stm32cube.common.mx_6.11.1.202404110753\\db\/mcu/
2024-10-04 08:28:45,844 [INFO] ApiDb:274 - Set plugin database path to: C:\ST\STM32CubeIDE_1.15.1\STM32CubeIDE\plugins\com.st.stm32cube.common.mx_6.11.1.202404110753\\db\/plugins/boardmanager/
2024-10-04 08:28:45,845 [WARN] ApiDb:259 - Overriding images path with different value:  => C:\ST\STM32CubeIDE_1.15.1\STM32CubeIDE\plugins\com.st.stm32cube.common.mx_6.11.1.202404110753\\db\/plugins/mcufinder/images/
2024-10-04 08:28:45,858 [INFO] ApiDb:250 - Set database path to: C:\Users\Asif\.stmcufinder\plugins\mcufinder//mcu/
2024-10-04 08:28:45,860 [INFO] DbMcusAds:125 - Set database path to: C:\Users\Asif\.stmcufinder\plugins\mcufinder//mcu/
2024-10-04 08:28:45,862 [INFO] CrossReferenceDbSqlite:203 - Set database path to: C:\Users\Asif\.stmcufinder\plugins\mcufinder//mcu/cs/
2024-10-04 08:28:45,999 [INFO] RulesReader:64 - Compatibility file has been processed (297 Rules)
2024-10-04 08:28:46,094 [INFO] DbMcusXml:78 - Set database path to: C:\ST\STM32CubeIDE_1.15.1\STM32CubeIDE\plugins\com.st.stm32cube.common.mx_6.11.1.202404110753\\db\/mcu/
2024-10-04 08:28:46,094 [INFO] ApiDb:274 - Set plugin database path to: C:\ST\STM32CubeIDE_1.15.1\STM32CubeIDE\plugins\com.st.stm32cube.common.mx_6.11.1.202404110753\\db\/plugins/boardmanager/
2024-10-04 08:28:46,095 [INFO] ApiDb:261 - Set plugin images path to: C:\ST\STM32CubeIDE_1.15.1\STM32CubeIDE\plugins\com.st.stm32cube.common.mx_6.11.1.202404110753\\db\/plugins/mcufinder/images/
2024-10-04 08:28:46,095 [WARN] DbFile:41 - Overriding database path with different value: C:\Users\Asif\.stmcufinder\plugins\mcufinder/ => C:\Users\Asif\.stmcufinder\plugins\mcufinder
2024-10-04 08:28:46,095 [INFO] ApiDb:250 - Set database path to: C:\Users\Asif\.stmcufinder\plugins\mcufinder//mcu/
2024-10-04 08:28:46,095 [WARN] DbFile:41 - Overriding database path with different value: C:\Users\Asif\.stmcufinder\plugins\mcufinder/ => C:\Users\Asif\.stmcufinder\plugins\mcufinder
2024-10-04 08:28:46,095 [INFO] DbMcusAds:125 - Set database path to: C:\Users\Asif\.stmcufinder\plugins\mcufinder//mcu/
2024-10-04 08:28:46,095 [WARN] DbFile:41 - Overriding database path with different value: C:\Users\Asif\.stmcufinder\plugins\mcufinder/ => C:\Users\Asif\.stmcufinder\plugins\mcufinder
2024-10-04 08:28:46,096 [WARN] DbFile:41 - Overriding database path with different value: C:\Users\Asif\.stmcufinder\plugins\mcufinder/ => C:\Users\Asif\.stmcufinder\plugins\mcufinder
2024-10-04 08:28:46,096 [INFO] CrossReferenceDbSqlite:203 - Set database path to: C:\Users\Asif\.stmcufinder\plugins\mcufinder//mcu/cs/
2024-10-04 08:28:46,179 [INFO] MainPanel:264 - HeapMemory: 268435456
2024-10-04 08:28:46,290 [INFO] DbMcusXml:78 - Set database path to: C:\ST\STM32CubeIDE_1.15.1\STM32CubeIDE\plugins\com.st.stm32cube.common.mx_6.11.1.202404110753\\db\/mcu/
2024-10-04 08:28:46,290 [INFO] ApiDb:274 - Set plugin database path to: C:\ST\STM32CubeIDE_1.15.1\STM32CubeIDE\plugins\com.st.stm32cube.common.mx_6.11.1.202404110753\\db\/plugins/boardmanager/
2024-10-04 08:28:46,290 [INFO] ApiDb:261 - Set plugin images path to: C:\ST\STM32CubeIDE_1.15.1\STM32CubeIDE\plugins\com.st.stm32cube.common.mx_6.11.1.202404110753\\db\/plugins/mcufinder/images/
2024-10-04 08:28:46,291 [WARN] DbFile:41 - Overriding database path with different value: C:\Users\Asif\.stmcufinder\plugins\mcufinder/ => C:\Users\Asif\.stmcufinder\plugins\mcufinder
2024-10-04 08:28:46,291 [INFO] ApiDb:250 - Set database path to: C:\Users\Asif\.stmcufinder\plugins\mcufinder//mcu/
2024-10-04 08:28:46,291 [WARN] DbFile:41 - Overriding database path with different value: C:\Users\Asif\.stmcufinder\plugins\mcufinder/ => C:\Users\Asif\.stmcufinder\plugins\mcufinder
2024-10-04 08:28:46,291 [INFO] DbMcusAds:125 - Set database path to: C:\Users\Asif\.stmcufinder\plugins\mcufinder//mcu/
2024-10-04 08:28:46,291 [WARN] DbFile:41 - Overriding database path with different value: C:\Users\Asif\.stmcufinder\plugins\mcufinder/ => C:\Users\Asif\.stmcufinder\plugins\mcufinder
2024-10-04 08:28:46,291 [WARN] DbFile:41 - Overriding database path with different value: C:\Users\Asif\.stmcufinder\plugins\mcufinder/ => C:\Users\Asif\.stmcufinder\plugins\mcufinder
2024-10-04 08:28:46,291 [INFO] CrossReferenceDbSqlite:203 - Set database path to: C:\Users\Asif\.stmcufinder\plugins\mcufinder//mcu/cs/
2024-10-04 08:28:46,312 [INFO] ApplicationProperties:184 - Using Application install path: C:\ST\STM32CubeIDE_1.15.1\STM32CubeIDE\plugins\com.st.stm32cube.common.mx_6.11.1.202404110753
2024-10-04 08:28:46,314 [INFO] PluginManage:196 - Search for loadable plugins [exclusion list=, ]
2024-10-04 08:28:46,316 [INFO] PluginManage:310 - Check plugin analytics
2024-10-04 08:28:46,489 [INFO] AnalyticsPlugin:253 - Accepted Software Licenses: 
2024-10-04 08:28:46,489 [INFO] AnalyticsPlugin:255 - Accepted CMSIS Pack Licenses: 
2024-10-04 08:28:46,490 [INFO] AnalyticsPlugin:257 - Accepted Firmware Licenses: FW.F4.1.28.0
2024-10-04 08:28:46,492 [INFO] PluginManage:359 - Loaded plugin analytics (category:tool,tabindex:-1)
2024-10-04 08:28:46,492 [INFO] PluginManage:310 - Check plugin cadmodel
2024-10-04 08:28:46,508 [INFO] CADModel:105 - Init CAD model plugin
2024-10-04 08:28:46,508 [INFO] PluginManage:359 - Loaded plugin cadmodel (category:power,tabindex:5)
2024-10-04 08:28:46,509 [INFO] PluginManage:310 - Check plugin clock
2024-10-04 08:28:46,533 [INFO] PluginManage:359 - Loaded plugin clock (category:base,tabindex:2)
2024-10-04 08:28:46,534 [INFO] PluginManage:310 - Check plugin ddr
2024-10-04 08:28:46,536 [INFO] PluginManage:359 - Loaded plugin ddr (category:tool,tabindex:6)
2024-10-04 08:28:46,536 [INFO] PluginManage:310 - Check plugin filemanager
2024-10-04 08:28:46,695 [INFO] PluginManage:359 - Loaded plugin filemanager (category:base,tabindex:10)
2024-10-04 08:28:46,695 [INFO] PluginManage:310 - Check plugin ipmanager
2024-10-04 08:28:46,702 [INFO] PluginManage:359 - Loaded plugin ipmanager (category:base,tabindex:5)
2024-10-04 08:28:46,702 [INFO] PluginManage:310 - Check plugin lpbam
2024-10-04 08:28:46,722 [INFO] PluginManage:359 - Loaded plugin lpbam (category:base,tabindex:0)
2024-10-04 08:28:46,722 [INFO] PluginManage:310 - Check plugin memorymap
2024-10-04 08:28:46,746 [INFO] PluginManage:359 - Loaded plugin memorymap (category:base,tabindex:4)
2024-10-04 08:28:46,746 [INFO] PluginManage:310 - Check plugin pinoutandconfiguration
2024-10-04 08:28:46,763 [INFO] PluginManage:359 - Loaded plugin pinoutandconfiguration (category:base,tabindex:1)
2024-10-04 08:28:46,764 [INFO] PluginManage:310 - Check plugin pinoutconfig
2024-10-04 08:28:46,854 [WARN] SupportedApi:132 - Cannot load RTOS API schema: s4s-elt-must-match.1: The content of 'definitions' must match (annotation?, (simpleType | complexType)?, (unique | key | keyref)*)). A problem was found starting at: attribute.
2024-10-04 08:28:46,986 [INFO] PluginManage:359 - Loaded plugin pinoutconfig (category:base,tabindex:0)
2024-10-04 08:28:46,986 [INFO] PluginManage:310 - Check plugin power
2024-10-04 08:28:47,007 [INFO] PluginManage:359 - Loaded plugin power (category:power,tabindex:4)
2024-10-04 08:28:47,007 [INFO] PluginManage:310 - Check plugin projectmanager
2024-10-04 08:28:47,023 [INFO] PluginManage:359 - Loaded plugin projectmanager (category:projectmanager,tabindex:3)
2024-10-04 08:28:47,023 [INFO] PluginManage:310 - Check plugin thirdparty
2024-10-04 08:28:47,303 [INFO] PluginManage:359 - Loaded plugin thirdparty (category:base,tabindex:-1)
2024-10-04 08:28:47,303 [WARN] IntegrityCheckThread:84 - waiting for thirdparty lock release [integrity check]
2024-10-04 08:28:47,304 [INFO] PluginManage:310 - Check plugin tools
2024-10-04 08:28:47,304 [INFO] IntegrityCheckThread:86 - entering critical section [integrity check]
2024-10-04 08:28:47,304 [INFO] ThirdPartyUpdaterWithRetryManager:70 - Updater plugin not ready yet. [1/15]
2024-10-04 08:28:47,343 [INFO] PluginManage:359 - Loaded plugin tools (category:base,tabindex:7)
2024-10-04 08:28:47,343 [INFO] PluginManage:310 - Check plugin tutovideos
2024-10-04 08:28:47,539 [INFO] PluginManage:359 - Loaded plugin tutovideos (category:base,tabindex:-1)
2024-10-04 08:28:47,541 [INFO] PluginManage:310 - Check plugin updater
2024-10-04 08:28:47,554 [INFO] PluginManage:359 - Loaded plugin updater (category:base,tabindex:12)
2024-10-04 08:28:47,554 [INFO] PluginManage:310 - Check plugin userauth
2024-10-04 08:28:47,560 [INFO] UserAuth:114 - Init User Auth plugin
2024-10-04 08:28:47,560 [INFO] PluginManage:359 - Loaded plugin userauth (category:base,tabindex:14)
2024-10-04 08:28:47,560 [INFO] PluginManage:283 - PluginManage : Loaded plugins [17]
2024-10-04 08:28:47,788 [INFO] PinOutPanel:1561 - setPackage(No Configuration,No Configuration)
2024-10-04 08:28:47,864 [INFO] CADModel:165 - CPN selected for project level
2024-10-04 08:28:47,864 [INFO] CADModel:114 - Register for checkConnection events
2024-10-04 08:28:47,891 [INFO] IPUIPlugin:80 - create IPUIPlugin
2024-10-04 08:28:47,891 [INFO] PluginManager:220 - loadIPPluginJar : add adc
2024-10-04 08:28:47,927 [INFO] IPUIPlugin:80 - create IPUIPlugin
2024-10-04 08:28:47,927 [INFO] PluginManager:220 - loadIPPluginJar : add aes
2024-10-04 08:28:47,968 [INFO] IPUIPlugin:80 - create IPUIPlugin
2024-10-04 08:28:47,968 [INFO] PluginManager:220 - loadIPPluginJar : add can
2024-10-04 08:28:47,991 [INFO] IPUIPlugin:80 - create IPUIPlugin
2024-10-04 08:28:47,992 [INFO] PluginManager:220 - loadIPPluginJar : add comp
2024-10-04 08:28:48,026 [INFO] IPUIPlugin:80 - create IPUIPlugin
2024-10-04 08:28:48,026 [INFO] PluginManager:220 - loadIPPluginJar : add cryp
2024-10-04 08:28:48,054 [INFO] IPUIPlugin:80 - create IPUIPlugin
2024-10-04 08:28:48,054 [INFO] PluginManager:220 - loadIPPluginJar : add dfsdm
2024-10-04 08:28:48,069 [INFO] IPUIPlugin:80 - create IPUIPlugin
2024-10-04 08:28:48,069 [INFO] PluginManager:220 - loadIPPluginJar : add dma
2024-10-04 08:28:48,112 [INFO] IPUIPlugin:80 - create IPUIPlugin
2024-10-04 08:28:48,113 [INFO] PluginManager:220 - loadIPPluginJar : add dma3
2024-10-04 08:28:48,157 [INFO] IPUIPlugin:80 - create IPUIPlugin
2024-10-04 08:28:48,157 [INFO] PluginManager:220 - loadIPPluginJar : add extmemmanager
2024-10-04 08:28:48,177 [INFO] IPUIPlugin:80 - create IPUIPlugin
2024-10-04 08:28:48,177 [INFO] PluginManager:220 - loadIPPluginJar : add fatfs
2024-10-04 08:28:48,227 [INFO] IPUIPlugin:80 - create IPUIPlugin
2024-10-04 08:28:48,227 [INFO] PluginManager:220 - loadIPPluginJar : add fmc
2024-10-04 08:28:48,244 [INFO] IPUIPlugin:80 - create IPUIPlugin
2024-10-04 08:28:48,245 [INFO] PluginManager:220 - loadIPPluginJar : add freertos
2024-10-04 08:28:48,270 [INFO] IPUIPlugin:80 - create IPUIPlugin
2024-10-04 08:28:48,270 [INFO] PluginManager:220 - loadIPPluginJar : add genericplugin
2024-10-04 08:28:48,388 [INFO] IPUIPlugin:80 - create IPUIPlugin
2024-10-04 08:28:48,389 [INFO] PluginManager:220 - loadIPPluginJar : add gfxmmu
2024-10-04 08:28:48,519 [INFO] IPUIPlugin:80 - create IPUIPlugin
2024-10-04 08:28:48,519 [INFO] PluginManager:220 - loadIPPluginJar : add gic
2024-10-04 08:28:48,531 [INFO] IPUIPlugin:80 - create IPUIPlugin
2024-10-04 08:28:48,531 [INFO] PluginManager:220 - loadIPPluginJar : add gpio
2024-10-04 08:28:48,625 [INFO] IPUIPlugin:80 - create IPUIPlugin
2024-10-04 08:28:48,625 [INFO] PluginManager:220 - loadIPPluginJar : add gtzc
2024-10-04 08:28:48,659 [INFO] IPUIPlugin:80 - create IPUIPlugin
2024-10-04 08:28:48,659 [INFO] PluginManager:220 - loadIPPluginJar : add hash
2024-10-04 08:28:48,710 [INFO] IPUIPlugin:80 - create IPUIPlugin
2024-10-04 08:28:48,710 [INFO] PluginManager:220 - loadIPPluginJar : add i2c
2024-10-04 08:28:48,748 [INFO] IPUIPlugin:80 - create IPUIPlugin
2024-10-04 08:28:48,748 [INFO] PluginManager:220 - loadIPPluginJar : add i2s
2024-10-04 08:28:48,791 [INFO] IPUIPlugin:80 - create IPUIPlugin
2024-10-04 08:28:48,791 [INFO] PluginManager:220 - loadIPPluginJar : add i3c
2024-10-04 08:28:48,900 [INFO] IPUIPlugin:80 - create IPUIPlugin
2024-10-04 08:28:48,900 [INFO] PluginManager:220 - loadIPPluginJar : add ipddr
2024-10-04 08:28:48,990 [INFO] IPUIPlugin:80 - create IPUIPlugin
2024-10-04 08:28:48,990 [INFO] PluginManager:220 - loadIPPluginJar : add linkedlist
2024-10-04 08:28:49,024 [INFO] IPUIPlugin:80 - create IPUIPlugin
2024-10-04 08:28:49,024 [INFO] PluginManager:220 - loadIPPluginJar : add lorawan
2024-10-04 08:28:49,060 [INFO] IPUIPlugin:80 - create IPUIPlugin
2024-10-04 08:28:49,060 [INFO] PluginManager:220 - loadIPPluginJar : add ltdc
2024-10-04 08:28:49,074 [INFO] IPUIPlugin:80 - create IPUIPlugin
2024-10-04 08:28:49,074 [INFO] PluginManager:220 - loadIPPluginJar : add mdma
2024-10-04 08:28:49,086 [INFO] IPUIPlugin:80 - create IPUIPlugin
2024-10-04 08:28:49,086 [INFO] PluginManager:220 - loadIPPluginJar : add nvic
2024-10-04 08:28:49,126 [INFO] IPUIPlugin:80 - create IPUIPlugin
2024-10-04 08:28:49,126 [INFO] PluginManager:220 - loadIPPluginJar : add opamp
2024-10-04 08:28:49,188 [INFO] IPUIPlugin:80 - create IPUIPlugin
2024-10-04 08:28:49,188 [INFO] PluginManager:220 - loadIPPluginJar : add openamp
2024-10-04 08:28:49,229 [INFO] IPUIPlugin:80 - create IPUIPlugin
2024-10-04 08:28:49,229 [INFO] PluginManager:220 - loadIPPluginJar : add pdm2pcm
2024-10-04 08:28:49,244 [INFO] IPUIPlugin:80 - create IPUIPlugin
2024-10-04 08:28:49,246 [INFO] PluginManager:220 - loadIPPluginJar : add plateformsettings
2024-10-04 08:28:49,268 [INFO] IPUIPlugin:80 - create IPUIPlugin
2024-10-04 08:28:49,268 [INFO] PluginManager:220 - loadIPPluginJar : add quadspi
2024-10-04 08:28:49,281 [INFO] IPUIPlugin:80 - create IPUIPlugin
2024-10-04 08:28:49,281 [INFO] PluginManager:220 - loadIPPluginJar : add resmgrutility
2024-10-04 08:28:49,330 [INFO] IPUIPlugin:80 - create IPUIPlugin
2024-10-04 08:28:49,330 [INFO] PluginManager:220 - loadIPPluginJar : add sai
2024-10-04 08:28:49,366 [INFO] IPUIPlugin:80 - create IPUIPlugin
2024-10-04 08:28:49,366 [INFO] PluginManager:220 - loadIPPluginJar : add spi
2024-10-04 08:28:49,436 [INFO] IPUIPlugin:80 - create IPUIPlugin
2024-10-04 08:28:49,436 [INFO] PluginManager:220 - loadIPPluginJar : add stm32_wpan
2024-10-04 08:28:49,459 [INFO] IPUIPlugin:80 - create IPUIPlugin
2024-10-04 08:28:49,459 [INFO] PluginManager:220 - loadIPPluginJar : add tim
2024-10-04 08:28:49,520 [INFO] IPUIPlugin:80 - create IPUIPlugin
2024-10-04 08:28:49,520 [INFO] PluginManager:220 - loadIPPluginJar : add touchsensing
2024-10-04 08:28:49,543 [INFO] IPUIPlugin:80 - create IPUIPlugin
2024-10-04 08:28:49,543 [INFO] PluginManager:220 - loadIPPluginJar : add tracer_emb
2024-10-04 08:28:49,568 [INFO] IPUIPlugin:80 - create IPUIPlugin
2024-10-04 08:28:49,568 [INFO] PluginManager:220 - loadIPPluginJar : add ts
2024-10-04 08:28:49,591 [INFO] IPUIPlugin:80 - create IPUIPlugin
2024-10-04 08:28:49,592 [INFO] PluginManager:220 - loadIPPluginJar : add tsc
2024-10-04 08:28:49,615 [INFO] IPUIPlugin:80 - create IPUIPlugin
2024-10-04 08:28:49,615 [INFO] PluginManager:220 - loadIPPluginJar : add ucpd
2024-10-04 08:28:49,660 [INFO] IPUIPlugin:80 - create IPUIPlugin
2024-10-04 08:28:49,660 [INFO] PluginManager:220 - loadIPPluginJar : add usart
2024-10-04 08:28:49,709 [INFO] IPUIPlugin:80 - create IPUIPlugin
2024-10-04 08:28:49,709 [INFO] PluginManager:220 - loadIPPluginJar : add usbx
2024-10-04 08:28:49,843 [INFO] CADModel:165 - CPN selected for project level
2024-10-04 08:28:49,844 [INFO] CADModel:114 - Register for checkConnection events
2024-10-04 08:28:49,844 [FATAL] Updater:308 - Updater called before beeing initialized
2024-10-04 08:28:49,845 [ERROR] CADModel:125 - Updater not yet initialized, retry later 
2024-10-04 08:28:50,032 [INFO] CADModel:165 - CPN selected for project level
2024-10-04 08:28:50,032 [INFO] CADModel:114 - Register for checkConnection events
2024-10-04 08:28:50,032 [FATAL] Updater:308 - Updater called before beeing initialized
2024-10-04 08:28:50,032 [ERROR] CADModel:125 - Updater not yet initialized, retry later 
2024-10-04 08:28:50,036 [FATAL] Updater:308 - Updater called before beeing initialized
2024-10-04 08:28:50,150 [FATAL] Updater:308 - Updater called before beeing initialized
2024-10-04 08:28:50,162 [INFO] DbMcusAds:53 - JSON generation date=Fri Sep 20 18:04:23 PKT 2024 (1726837463113)
2024-10-04 08:28:50,162 [FATAL] Updater:308 - Updater called before beeing initialized
2024-10-04 08:28:50,254 [WARN] DetailPanel:346 - Failed to get advertising image, set to default
2024-10-04 08:28:50,306 [INFO] ThirdPartyUpdaterWithRetryManager:70 - Updater plugin not ready yet. [2/15]
2024-10-04 08:28:50,353 [FATAL] Updater:308 - Updater called before beeing initialized
2024-10-04 08:28:50,356 [FATAL] Updater:308 - Updater called before beeing initialized
2024-10-04 08:28:50,356 [FATAL] Updater:308 - Updater called before beeing initialized
2024-10-04 08:28:50,356 [WARN] DetailPanel:346 - Failed to get advertising image, set to default
2024-10-04 08:28:50,357 [FATAL] Updater:308 - Updater called before beeing initialized
2024-10-04 08:28:50,416 [ERROR] Updater:1120 - MainUpdater not yet initialized. External WinMGr cannot be set.
2024-10-04 08:28:50,428 [INFO] Updater:1056 - Updater Version found : 6.11.1
2024-10-04 08:28:50,447 [INFO] ApplicationProperties:184 - Using Application install path: C:\ST\STM32CubeIDE_1.15.1\STM32CubeIDE\plugins\com.st.stm32cube.common.mx_6.11.1.202404110753
2024-10-04 08:28:52,045 [ERROR] LogOutputStream:75 - [STDERR_REDIRECT] Oct 04, 2024 8:28:52 AM java.util.prefs.WindowsPreferences <init>
2024-10-04 08:28:52,051 [ERROR] LogOutputStream:75 - [STDERR_REDIRECT] WARNING: Could not open/create prefs root node Software\JavaSoft\Prefs at root 0xffffffff80000002. Windows RegCreateKeyEx(...) returned error code 5.
2024-10-04 08:28:52,052 [ERROR] LogOutputStream:75 - [STDERR_REDIRECT] 
2024-10-04 08:28:53,037 [INFO] MainUpdater:2873 - connection check result : 10
2024-10-04 08:28:53,039 [INFO] MainUpdater:290 - Updater Check For Update Now.
2024-10-04 08:28:53,039 [INFO] MicroXplorer:498 - Change Database Version : DB.6.0.111
2024-10-04 08:28:53,072 [INFO] McuFinderGlobals:63 - Set McuFinder mode to 2 (CubeIDE integrated)
2024-10-04 08:28:53,089 [INFO] UserAuth:415 - Internet connection configuration mode: 1
2024-10-04 08:28:53,116 [INFO] JxBrowserEngine:152 - Initiate JxBrowser Engine with user profile folder
2024-10-04 08:28:53,305 [INFO] CheckServerUpdateThread:120 - End of CheckServer Thread
2024-10-04 08:28:53,524 [WARN] PackLoader:240 - Cannot read IP mode file for STMicroelectronics.FP-SNS-MOTENVWB1.1.4.0
2024-10-04 08:28:53,549 [WARN] PackLoader:240 - Cannot read IP mode file for STMicroelectronics.X-CUBE-SMBUS.2.1.0
2024-10-04 08:28:53,593 [WARN] PackLoader:240 - Cannot read IP mode file for STMicroelectronics.X-CUBE-AZRTOS-F7.1.1.0
2024-10-04 08:28:53,706 [WARN] PackLoader:240 - Cannot read IP mode file for STMicroelectronics.X-CUBE-MEMS1.11.0.0
2024-10-04 08:28:53,886 [WARN] PackLoader:240 - Cannot read IP mode file for STMicroelectronics.FP-SNS-FLIGHT1.5.0.2
2024-10-04 08:28:53,906 [WARN] PackLoader:240 - Cannot read IP mode file for STMicroelectronics.X-CUBE-DISPLAY.3.0.0
2024-10-04 08:28:53,925 [WARN] PackLoader:240 - Cannot read IP mode file for STMicroelectronics.X-CUBE-BLE1.7.0.0
2024-10-04 08:28:53,940 [WARN] PackLoader:240 - Cannot read IP mode file for STMicroelectronics.X-CUBE-NFC10.1.0.0
2024-10-04 08:28:53,958 [WARN] PackLoader:240 - Cannot read IP mode file for emotas.I-CUBE-CANOPEN.1.3.0
2024-10-04 08:28:53,986 [WARN] PackLoader:240 - Cannot read IP mode file for STMicroelectronics.X-CUBE-BLEMGR.3.1.0
2024-10-04 08:28:54,000 [WARN] PackLoader:240 - Cannot read IP mode file for STMicroelectronics.FP-SNS-SMARTAG2.1.2.0
2024-10-04 08:28:54,025 [INFO] LogOutputStream:77 - [STDOUT_REDIRECT] 1 : Invalid condition id : UX_CORESTACK_Condition cause : null
2024-10-04 08:28:54,026 [INFO] LogOutputStream:77 - [STDOUT_REDIRECT] 1 : Invalid condition id : UX_CORESTACK_Condition cause : null
2024-10-04 08:28:54,027 [INFO] LogOutputStream:77 - [STDOUT_REDIRECT] 1 : Invalid condition id : UX_CORESTACK_Condition cause : null
2024-10-04 08:28:54,028 [INFO] LogOutputStream:77 - [STDOUT_REDIRECT] 1 : Invalid condition id : UX_CORESTACK_Condition cause : null
2024-10-04 08:28:54,029 [INFO] LogOutputStream:77 - [STDOUT_REDIRECT] 1 : Invalid condition id : UX_CORESTACK_Condition cause : null
2024-10-04 08:28:54,032 [WARN] PackLoader:240 - Cannot read IP mode file for STMicroelectronics.X-CUBE-AZRTOS-WL.2.0.0
2024-10-04 08:28:54,049 [WARN] PackLoader:240 - Cannot read IP mode file for STMicroelectronics.FP-SNS-MOTENV1.5.0.0
2024-10-04 08:28:54,065 [WARN] PackLoader:240 - Cannot read IP mode file for wolfSSL.I-CUBE-wolfMQTT.1.19.0
2024-10-04 08:28:54,081 [WARN] PackLoader:240 - Cannot read IP mode file for WES.I-CUBE-Cesium.1.3.0
2024-10-04 08:28:54,096 [WARN] PackLoader:240 - Cannot read IP mode file for STMicroelectronics.X-CUBE-BLE2.3.3.0
2024-10-04 08:28:54,117 [WARN] PackLoader:240 - Cannot read IP mode file for STMicroelectronics.X-CUBE-NFC9.1.0.0
2024-10-04 08:28:54,137 [WARN] PackLoader:240 - Cannot read IP mode file for STMicroelectronics.X-CUBE-TCPP.4.1.0
2024-10-04 08:28:54,166 [WARN] PackLoader:240 - Cannot read IP mode file for STMicroelectronics.X-CUBE-AZRTOS-G0.1.1.0
2024-10-04 08:28:54,207 [WARN] PackLoader:240 - Cannot read IP mode file for STMicroelectronics.X-CUBE-SAFEA1.1.2.2
2024-10-04 08:28:54,411 [WARN] PackLoader:240 - Cannot read IP mode file for STMicroelectronics.X-CUBE-NFC4.3.0.0
2024-10-04 08:28:54,431 [WARN] PackLoader:240 - Cannot read IP mode file for EmbeddedOffice.I-CUBE-FS-RTOS.1.0.1
2024-10-04 08:28:54,431 [ERROR] ConditionMgr:805 - Attr not supported : Dmpu
2024-10-04 08:28:54,431 [ERROR] ConditionMgr:805 - Attr not supported : Dmpu
2024-10-04 08:28:54,432 [ERROR] ConditionMgr:805 - Attr not supported : Dmpu
2024-10-04 08:28:54,432 [ERROR] ConditionMgr:805 - Attr not supported : Dmpu
2024-10-04 08:28:54,432 [ERROR] ConditionMgr:805 - Attr not supported : Dmpu
2024-10-04 08:28:54,432 [ERROR] ConditionMgr:805 - Attr not supported : Dmpu
2024-10-04 08:28:54,432 [ERROR] ConditionMgr:805 - Attr not supported : Dmpu
2024-10-04 08:28:54,432 [ERROR] ConditionMgr:805 - Attr not supported : Dmpu
2024-10-04 08:28:54,432 [ERROR] ConditionMgr:805 - Attr not supported : Dmpu
2024-10-04 08:28:54,432 [ERROR] ConditionMgr:805 - Attr not supported : Dmpu
2024-10-04 08:28:54,432 [ERROR] ConditionMgr:805 - Attr not supported : Dmpu
2024-10-04 08:28:54,432 [ERROR] ConditionMgr:805 - Attr not supported : Dmpu
2024-10-04 08:28:54,432 [ERROR] ConditionMgr:805 - Attr not supported : Dmpu
2024-10-04 08:28:54,432 [ERROR] ConditionMgr:805 - Attr not supported : Dmpu
2024-10-04 08:28:54,432 [ERROR] ConditionMgr:805 - Attr not supported : Dmpu
2024-10-04 08:28:54,432 [ERROR] ConditionMgr:805 - Attr not supported : Dmpu
2024-10-04 08:28:54,433 [ERROR] ConditionMgr:805 - Attr not supported : Dmpu
2024-10-04 08:28:54,433 [ERROR] ConditionMgr:805 - Attr not supported : Dmpu
2024-10-04 08:28:54,433 [ERROR] ConditionMgr:805 - Attr not supported : Dmpu
2024-10-04 08:28:54,433 [ERROR] ConditionMgr:805 - Attr not supported : Dmpu
2024-10-04 08:28:54,433 [ERROR] ConditionMgr:805 - Attr not supported : Dmpu
2024-10-04 08:28:54,433 [ERROR] ConditionMgr:805 - Attr not supported : Dmpu
2024-10-04 08:28:54,433 [ERROR] ConditionMgr:805 - Attr not supported : Dmpu
2024-10-04 08:28:54,433 [ERROR] ConditionMgr:805 - Attr not supported : Dmpu
2024-10-04 08:28:54,433 [ERROR] ConditionMgr:805 - Attr not supported : Dmpu
2024-10-04 08:28:54,433 [ERROR] ConditionMgr:805 - Attr not supported : Dmpu
2024-10-04 08:28:54,433 [ERROR] ConditionMgr:805 - Attr not supported : Dmpu
2024-10-04 08:28:54,433 [ERROR] ConditionMgr:805 - Attr not supported : Dmpu
2024-10-04 08:28:54,433 [ERROR] ConditionMgr:805 - Attr not supported : Dmpu
2024-10-04 08:28:54,433 [ERROR] ConditionMgr:805 - Attr not supported : Dmpu
2024-10-04 08:28:54,433 [ERROR] ConditionMgr:805 - Attr not supported : Dmpu
2024-10-04 08:28:54,433 [ERROR] ConditionMgr:805 - Attr not supported : Dmpu
2024-10-04 08:28:54,434 [ERROR] ConditionMgr:805 - Attr not supported : Dmpu
2024-10-04 08:28:54,434 [ERROR] ConditionMgr:805 - Attr not supported : Dmpu
2024-10-04 08:28:54,434 [ERROR] ConditionMgr:805 - Attr not supported : Dmpu
2024-10-04 08:28:54,434 [ERROR] ConditionMgr:805 - Attr not supported : Dmpu
2024-10-04 08:28:54,434 [ERROR] ConditionMgr:805 - Attr not supported : Dmpu
2024-10-04 08:28:54,434 [ERROR] ConditionMgr:805 - Attr not supported : Dmpu
2024-10-04 08:28:54,434 [ERROR] ConditionMgr:805 - Attr not supported : Dmpu
2024-10-04 08:28:54,434 [ERROR] ConditionMgr:805 - Attr not supported : Dmpu
2024-10-04 08:28:54,434 [ERROR] ConditionMgr:805 - Attr not supported : Dmpu
2024-10-04 08:28:54,434 [ERROR] ConditionMgr:805 - Attr not supported : Dmpu
2024-10-04 08:28:54,434 [ERROR] ConditionMgr:805 - Attr not supported : Dmpu
2024-10-04 08:28:54,434 [ERROR] ConditionMgr:805 - Attr not supported : Dmpu
2024-10-04 08:28:54,434 [ERROR] ConditionMgr:805 - Attr not supported : Dmpu
2024-10-04 08:28:54,435 [ERROR] ConditionMgr:805 - Attr not supported : Dmpu
2024-10-04 08:28:54,435 [ERROR] ConditionMgr:805 - Attr not supported : Dmpu
2024-10-04 08:28:54,435 [ERROR] ConditionMgr:805 - Attr not supported : Dmpu
2024-10-04 08:28:54,435 [ERROR] ConditionMgr:805 - Attr not supported : Dmpu
2024-10-04 08:28:54,435 [ERROR] ConditionMgr:805 - Attr not supported : Dmpu
2024-10-04 08:28:54,435 [ERROR] ConditionMgr:805 - Attr not supported : Dmpu
2024-10-04 08:28:54,435 [ERROR] ConditionMgr:805 - Attr not supported : Dmpu
2024-10-04 08:28:54,435 [ERROR] ConditionMgr:805 - Attr not supported : Dmpu
2024-10-04 08:28:54,435 [ERROR] ConditionMgr:805 - Attr not supported : Dmpu
2024-10-04 08:28:54,435 [ERROR] ConditionMgr:805 - Attr not supported : Dmpu
2024-10-04 08:28:54,435 [ERROR] ConditionMgr:805 - Attr not supported : Dmpu
2024-10-04 08:28:54,435 [ERROR] ConditionMgr:805 - Attr not supported : Dmpu
2024-10-04 08:28:54,435 [ERROR] ConditionMgr:805 - Attr not supported : Dmpu
2024-10-04 08:28:54,435 [ERROR] ConditionMgr:805 - Attr not supported : Dmpu
2024-10-04 08:28:54,435 [ERROR] ConditionMgr:805 - Attr not supported : Dmpu
2024-10-04 08:28:54,436 [ERROR] ConditionMgr:805 - Attr not supported : Dmpu
2024-10-04 08:28:54,436 [ERROR] ConditionMgr:805 - Attr not supported : Dmpu
2024-10-04 08:28:54,436 [ERROR] ConditionMgr:805 - Attr not supported : Dmpu
2024-10-04 08:28:54,436 [ERROR] ConditionMgr:805 - Attr not supported : Dmpu
2024-10-04 08:28:54,448 [WARN] PackLoader:240 - Cannot read IP mode file for RealThread.X-CUBE-RT-Thread_Nano.4.1.1
2024-10-04 08:28:54,460 [WARN] PackLoader:240 - Cannot read IP mode file for STMicroelectronics.FP-ATR-SIGFOX1.3.2.0
2024-10-04 08:28:54,472 [WARN] PackLoader:240 - Cannot read IP mode file for wolfSSL.I-CUBE-wolfSSL.5.7.2
2024-10-04 08:28:54,486 [WARN] PackLoader:240 - Cannot read IP mode file for STMicroelectronics.X-CUBE-EEPRMA1.5.1.0
2024-10-04 08:28:54,502 [WARN] PackLoader:240 - Cannot read IP mode file for ITTIA_DB.I-CUBE-ITTIADB.8.9.0
2024-10-04 08:28:54,578 [WARN] PackLoader:240 - Cannot read IP mode file for SEGGER.I-CUBE-embOS.1.3.1
2024-10-04 08:28:54,626 [WARN] PackLoader:240 - Cannot read IP mode file for STMicroelectronics.X-CUBE-ALGOBUILD.1.4.0
2024-10-04 08:28:54,640 [WARN] PackLoader:240 - Cannot read IP mode file for STMicroelectronics.X-CUBE-GNSS1.6.0.0
2024-10-04 08:28:54,667 [WARN] PackLoader:240 - Cannot read IP mode file for STMicroelectronics.X-CUBE-AZRTOS-F4.1.1.0
2024-10-04 08:28:54,681 [WARN] PackLoader:240 - Cannot read IP mode file for STMicroelectronics.X-CUBE-ISPU.2.1.0
2024-10-04 08:28:54,695 [WARN] PackLoader:240 - Cannot read IP mode file for STMicroelectronics.X-CUBE-FREERTOS.1.2.0
2024-10-04 08:28:54,723 [WARN] PackLoader:240 - Cannot read IP mode file for STMicroelectronics.X-CUBE-AZRTOS-L5.2.0.0
2024-10-04 08:28:54,739 [WARN] PackLoader:240 - Cannot read IP mode file for STMicroelectronics.X-CUBE-NFC6.3.1.0
2024-10-04 08:28:54,754 [WARN] PackLoader:240 - Cannot read IP mode file for STMicroelectronics.X-CUBE-DPower.1.2.0
2024-10-04 08:28:54,769 [WARN] PackLoader:240 - Cannot read IP mode file for STMicroelectronics.X-CUBE-AI.9.0.0
2024-10-04 08:28:54,784 [WARN] PackLoader:240 - Cannot read IP mode file for STMicroelectronics.X-CUBE-NFC7.1.0.1
2024-10-04 08:28:54,802 [WARN] PackLoader:240 - Cannot read IP mode file for wolfSSL.I-CUBE-wolfTPM.3.2.0
2024-10-04 08:28:54,832 [WARN] ConditionMgr:438 - getConditionDescription Invalid condition id : LAN8742 Phy interface Condition cause : null
2024-10-04 08:28:54,832 [WARN] PackLoader:240 - Cannot read IP mode file for STMicroelectronics.X-CUBE-AZRTOS-L4.2.0.0
2024-10-04 08:28:54,834 [WARN] ConditionMgr:1039 - genDependencies : Invalid condition id : LAN8742 Phy interface Condition cause : null
2024-10-04 08:28:54,834 [WARN] ConditionMgr:1039 - genDependencies : Invalid condition id : LAN8742 Phy interface Condition cause : null
2024-10-04 08:28:54,834 [WARN] ConditionMgr:1039 - genDependencies : Invalid condition id : LAN8742 Phy interface Condition cause : null
2024-10-04 08:28:54,855 [WARN] PackLoader:240 - Cannot read IP mode file for STMicroelectronics.X-CUBE-SFXS2LP1.4.0.0
2024-10-04 08:28:54,888 [WARN] PackLoader:240 - Cannot read IP mode file for STMicroelectronics.X-CUBE-AZRTOS-H7.3.3.0
2024-10-04 08:28:54,914 [WARN] ConditionMgr:438 - getConditionDescription Invalid condition id : UX DEVICE CLASS RTOS Condition cause : null
2024-10-04 08:28:54,914 [WARN] ConditionMgr:438 - getConditionDescription Invalid condition id : UX DEVICE CLASS RTOS Condition cause : null
2024-10-04 08:28:54,916 [WARN] PackLoader:240 - Cannot read IP mode file for STMicroelectronics.X-CUBE-AZRTOS-WB.2.0.0
2024-10-04 08:28:54,916 [WARN] ConditionMgr:1039 - genDependencies : Invalid condition id : UX DEVICE CLASS RTOS Condition cause : null
2024-10-04 08:28:54,917 [WARN] ConditionMgr:1039 - genDependencies : Invalid condition id : UX DEVICE CLASS RTOS Condition cause : null
2024-10-04 08:28:54,917 [WARN] ConditionMgr:1039 - genDependencies : Invalid condition id : UX DEVICE CLASS RTOS Condition cause : null
2024-10-04 08:28:54,917 [WARN] ConditionMgr:1039 - genDependencies : Invalid condition id : UX DEVICE CLASS RTOS Condition cause : null
2024-10-04 08:28:54,917 [WARN] ConditionMgr:1039 - genDependencies : Invalid condition id : UX DEVICE CLASS RTOS Condition cause : null
2024-10-04 08:28:54,930 [WARN] PackLoader:240 - Cannot read IP mode file for STMicroelectronics.X-CUBE-GNSS1.7.0.0
2024-10-04 08:28:54,946 [WARN] PackLoader:240 - Cannot read IP mode file for STMicroelectronics.FP-SNS-STBOX1.2.0.0
2024-10-04 08:28:54,967 [WARN] PackLoader:240 - Cannot read IP mode file for STMicroelectronics.X-CUBE-SUBG2.5.0.0
2024-10-04 08:28:54,982 [WARN] PackLoader:240 - Cannot read IP mode file for Cesanta.I-CUBE-Mongoose.7.13.0
2024-10-04 08:28:55,009 [WARN] PackLoader:240 - Cannot read IP mode file for STMicroelectronics.X-CUBE-AZRTOS-G4.2.0.0
2024-10-04 08:28:55,022 [WARN] PackLoader:240 - Cannot read IP mode file for STMicroelectronics.X-CUBE-ISPU.2.0.0
2024-10-04 08:28:55,037 [WARN] PackLoader:240 - Cannot read IP mode file for STMicroelectronics.X-CUBE-ALS.1.0.2
2024-10-04 08:28:55,083 [WARN] PackLoader:240 - Cannot read IP mode file for STMicroelectronics.X-CUBE-MEMS1.10.0.0
2024-10-04 08:28:55,229 [WARN] PackLoader:240 - Cannot read IP mode file for STMicroelectronics.X-CUBE-TOUCHGFX.4.24.0
2024-10-04 08:28:55,252 [WARN] PackLoader:240 - Cannot read IP mode file for STMicroelectronics.X-CUBE-TOUCHGFX.4.24.1
2024-10-04 08:28:55,266 [WARN] PackLoader:240 - Cannot read IP mode file for portGmbH.I-Cube-SoM-uGOAL.1.1.0
2024-10-04 08:28:55,302 [WARN] PackLoader:240 - Cannot read IP mode file for STMicroelectronics.X-CUBE-AZRTOS-H7RS.1.0.0
2024-10-04 08:28:55,332 [WARN] PackLoader:240 - Cannot read IP mode file for STMicroelectronics.FP-ATR-ASTRA1.2.0.0
2024-10-04 08:28:55,363 [WARN] PackLoader:240 - Cannot read IP mode file for STMicroelectronics.X-CUBE-TOF1.3.4.2
2024-10-04 08:28:55,411 [WARN] PackLoader:240 - Cannot read IP mode file for STMicroelectronics.X-CUBE-TOF1.3.4.1
2024-10-04 08:28:55,451 [WARN] PackLoader:240 - Cannot read IP mode file for STMicroelectronics.X-CUBE-AZRTOS-H7.3.2.0
2024-10-04 08:28:55,482 [WARN] PackLoader:240 - Cannot read IP mode file for Infineon.AIROC-Wi-Fi-Bluetooth-STM32.1.6.0
2024-10-04 08:28:55,497 [WARN] PackLoader:240 - Cannot read IP mode file for wolfSSL.I-CUBE-wolfSSH.1.4.17
2024-10-04 08:28:55,498 [INFO] ThirdParty:978 - Integrity check success = true
2024-10-04 08:28:55,498 [INFO] IntegrityCheckThread:100 - exiting critical section [integrity check]
2024-10-04 08:28:55,498 [INFO] IntegrityCheckThread:103 - End integrity checks thread
2024-10-04 08:28:59,700 [INFO] WebApp:161 - Instantiating new browser for Auth
2024-10-04 08:29:00,304 [INFO] WebApp:779 - Register for checkConnection events
2024-10-04 08:29:00,304 [INFO] WebApp:414 - Apply proxy settings
2024-10-04 08:29:00,305 [INFO] WebApp:499 - Chromium requires no authentication
2024-10-04 08:29:00,313 [INFO] WebApp:442 - Direct internet connection detected
2024-10-04 08:29:00,503 [INFO] WebApp:192 - Starting web application
2024-10-04 08:29:00,503 [INFO] WebApp:544 - Web application path used C:\ST\STM32CubeIDE_1.15.1\STM32CubeIDE\plugins\com.st.stm32cube.common.mx_6.11.1.202404110753\db\plugins\mcufinder\reactClient1\index.html
2024-10-04 13:03:22,039 [ERROR] LogOutputStream:75 - [STDERR_REDIRECT] 
