2024-10-06 10:34:41,526 [INFO] Activator:176 - 


2024-10-06 10:34:41,531 [INFO] Activator:177 - !SESSION log4j initialized
2024-10-06 10:34:48,731 [INFO] LogOutputStream:77 - [STDOUT_REDIRECT] 
2024-10-06 10:34:51,190 [INFO] ApplicationProperties:184 - Using Application install path: C:\ST\STM32CubeIDE_1.15.1\STM32CubeIDE\plugins\com.st.stm32cube.common.mx_6.11.1.202404110753
2024-10-06 10:34:51,213 [INFO] DbMcusXml:78 - Set database path to: C:\ST\STM32CubeIDE_1.15.1\STM32CubeIDE\plugins\com.st.stm32cube.common.mx_6.11.1.202404110753\\db\/mcu/
2024-10-06 10:34:51,213 [INFO] ApiDb:274 - Set plugin database path to: C:\ST\STM32CubeIDE_1.15.1\STM32CubeIDE\plugins\com.st.stm32cube.common.mx_6.11.1.202404110753\\db\/plugins/boardmanager/
2024-10-06 10:34:51,214 [WARN] ApiDb:259 - Overriding images path with different value:  => C:\ST\STM32CubeIDE_1.15.1\STM32CubeIDE\plugins\com.st.stm32cube.common.mx_6.11.1.202404110753\\db\/plugins/mcufinder/images/
2024-10-06 10:34:51,226 [INFO] ApiDb:250 - Set database path to: C:\Users\Asif\.stmcufinder\plugins\mcufinder//mcu/
2024-10-06 10:34:51,227 [INFO] DbMcusAds:125 - Set database path to: C:\Users\Asif\.stmcufinder\plugins\mcufinder//mcu/
2024-10-06 10:34:51,230 [INFO] CrossReferenceDbSqlite:203 - Set database path to: C:\Users\Asif\.stmcufinder\plugins\mcufinder//mcu/cs/
2024-10-06 10:34:51,361 [INFO] RulesReader:64 - Compatibility file has been processed (297 Rules)
2024-10-06 10:34:51,450 [INFO] DbMcusXml:78 - Set database path to: C:\ST\STM32CubeIDE_1.15.1\STM32CubeIDE\plugins\com.st.stm32cube.common.mx_6.11.1.202404110753\\db\/mcu/
2024-10-06 10:34:51,450 [INFO] ApiDb:274 - Set plugin database path to: C:\ST\STM32CubeIDE_1.15.1\STM32CubeIDE\plugins\com.st.stm32cube.common.mx_6.11.1.202404110753\\db\/plugins/boardmanager/
2024-10-06 10:34:51,450 [INFO] ApiDb:261 - Set plugin images path to: C:\ST\STM32CubeIDE_1.15.1\STM32CubeIDE\plugins\com.st.stm32cube.common.mx_6.11.1.202404110753\\db\/plugins/mcufinder/images/
2024-10-06 10:34:51,450 [WARN] DbFile:41 - Overriding database path with different value: C:\Users\Asif\.stmcufinder\plugins\mcufinder/ => C:\Users\Asif\.stmcufinder\plugins\mcufinder
2024-10-06 10:34:51,450 [INFO] ApiDb:250 - Set database path to: C:\Users\Asif\.stmcufinder\plugins\mcufinder//mcu/
2024-10-06 10:34:51,450 [WARN] DbFile:41 - Overriding database path with different value: C:\Users\Asif\.stmcufinder\plugins\mcufinder/ => C:\Users\Asif\.stmcufinder\plugins\mcufinder
2024-10-06 10:34:51,451 [INFO] DbMcusAds:125 - Set database path to: C:\Users\Asif\.stmcufinder\plugins\mcufinder//mcu/
2024-10-06 10:34:51,451 [WARN] DbFile:41 - Overriding database path with different value: C:\Users\Asif\.stmcufinder\plugins\mcufinder/ => C:\Users\Asif\.stmcufinder\plugins\mcufinder
2024-10-06 10:34:51,451 [WARN] DbFile:41 - Overriding database path with different value: C:\Users\Asif\.stmcufinder\plugins\mcufinder/ => C:\Users\Asif\.stmcufinder\plugins\mcufinder
2024-10-06 10:34:51,451 [INFO] CrossReferenceDbSqlite:203 - Set database path to: C:\Users\Asif\.stmcufinder\plugins\mcufinder//mcu/cs/
2024-10-06 10:34:51,532 [INFO] MainPanel:264 - HeapMemory: 268435456
2024-10-06 10:34:51,635 [INFO] DbMcusXml:78 - Set database path to: C:\ST\STM32CubeIDE_1.15.1\STM32CubeIDE\plugins\com.st.stm32cube.common.mx_6.11.1.202404110753\\db\/mcu/
2024-10-06 10:34:51,636 [INFO] ApiDb:274 - Set plugin database path to: C:\ST\STM32CubeIDE_1.15.1\STM32CubeIDE\plugins\com.st.stm32cube.common.mx_6.11.1.202404110753\\db\/plugins/boardmanager/
2024-10-06 10:34:51,636 [INFO] ApiDb:261 - Set plugin images path to: C:\ST\STM32CubeIDE_1.15.1\STM32CubeIDE\plugins\com.st.stm32cube.common.mx_6.11.1.202404110753\\db\/plugins/mcufinder/images/
2024-10-06 10:34:51,636 [WARN] DbFile:41 - Overriding database path with different value: C:\Users\Asif\.stmcufinder\plugins\mcufinder/ => C:\Users\Asif\.stmcufinder\plugins\mcufinder
2024-10-06 10:34:51,636 [INFO] ApiDb:250 - Set database path to: C:\Users\Asif\.stmcufinder\plugins\mcufinder//mcu/
2024-10-06 10:34:51,636 [WARN] DbFile:41 - Overriding database path with different value: C:\Users\Asif\.stmcufinder\plugins\mcufinder/ => C:\Users\Asif\.stmcufinder\plugins\mcufinder
2024-10-06 10:34:51,636 [INFO] DbMcusAds:125 - Set database path to: C:\Users\Asif\.stmcufinder\plugins\mcufinder//mcu/
2024-10-06 10:34:51,636 [WARN] DbFile:41 - Overriding database path with different value: C:\Users\Asif\.stmcufinder\plugins\mcufinder/ => C:\Users\Asif\.stmcufinder\plugins\mcufinder
2024-10-06 10:34:51,637 [WARN] DbFile:41 - Overriding database path with different value: C:\Users\Asif\.stmcufinder\plugins\mcufinder/ => C:\Users\Asif\.stmcufinder\plugins\mcufinder
2024-10-06 10:34:51,637 [INFO] CrossReferenceDbSqlite:203 - Set database path to: C:\Users\Asif\.stmcufinder\plugins\mcufinder//mcu/cs/
2024-10-06 10:34:51,655 [INFO] ApplicationProperties:184 - Using Application install path: C:\ST\STM32CubeIDE_1.15.1\STM32CubeIDE\plugins\com.st.stm32cube.common.mx_6.11.1.202404110753
2024-10-06 10:34:51,656 [INFO] PluginManage:196 - Search for loadable plugins [exclusion list=, ]
2024-10-06 10:34:51,657 [INFO] PluginManage:310 - Check plugin analytics
2024-10-06 10:34:51,864 [INFO] AnalyticsPlugin:253 - Accepted Software Licenses: 
2024-10-06 10:34:51,865 [INFO] AnalyticsPlugin:255 - Accepted CMSIS Pack Licenses: 
2024-10-06 10:34:51,865 [INFO] AnalyticsPlugin:257 - Accepted Firmware Licenses: FW.F4.1.28.0
2024-10-06 10:34:51,889 [INFO] PluginManage:359 - Loaded plugin analytics (category:tool,tabindex:-1)
2024-10-06 10:34:51,890 [INFO] PluginManage:310 - Check plugin cadmodel
2024-10-06 10:34:51,909 [INFO] CADModel:105 - Init CAD model plugin
2024-10-06 10:34:51,910 [INFO] PluginManage:359 - Loaded plugin cadmodel (category:power,tabindex:5)
2024-10-06 10:34:51,910 [INFO] PluginManage:310 - Check plugin clock
2024-10-06 10:34:51,939 [INFO] PluginManage:359 - Loaded plugin clock (category:base,tabindex:2)
2024-10-06 10:34:51,940 [INFO] PluginManage:310 - Check plugin ddr
2024-10-06 10:34:51,943 [INFO] PluginManage:359 - Loaded plugin ddr (category:tool,tabindex:6)
2024-10-06 10:34:51,943 [INFO] PluginManage:310 - Check plugin filemanager
2024-10-06 10:34:52,099 [INFO] PluginManage:359 - Loaded plugin filemanager (category:base,tabindex:10)
2024-10-06 10:34:52,100 [INFO] PluginManage:310 - Check plugin ipmanager
2024-10-06 10:34:52,107 [INFO] PluginManage:359 - Loaded plugin ipmanager (category:base,tabindex:5)
2024-10-06 10:34:52,107 [INFO] PluginManage:310 - Check plugin lpbam
2024-10-06 10:34:52,124 [INFO] PluginManage:359 - Loaded plugin lpbam (category:base,tabindex:0)
2024-10-06 10:34:52,124 [INFO] PluginManage:310 - Check plugin memorymap
2024-10-06 10:34:52,148 [INFO] PluginManage:359 - Loaded plugin memorymap (category:base,tabindex:4)
2024-10-06 10:34:52,148 [INFO] PluginManage:310 - Check plugin pinoutandconfiguration
2024-10-06 10:34:52,164 [INFO] PluginManage:359 - Loaded plugin pinoutandconfiguration (category:base,tabindex:1)
2024-10-06 10:34:52,165 [INFO] PluginManage:310 - Check plugin pinoutconfig
2024-10-06 10:34:52,268 [WARN] SupportedApi:132 - Cannot load RTOS API schema: s4s-elt-must-match.1: The content of 'definitions' must match (annotation?, (simpleType | complexType)?, (unique | key | keyref)*)). A problem was found starting at: attribute.
2024-10-06 10:34:52,426 [INFO] PluginManage:359 - Loaded plugin pinoutconfig (category:base,tabindex:0)
2024-10-06 10:34:52,426 [INFO] PluginManage:310 - Check plugin power
2024-10-06 10:34:52,448 [INFO] PluginManage:359 - Loaded plugin power (category:power,tabindex:4)
2024-10-06 10:34:52,449 [INFO] PluginManage:310 - Check plugin projectmanager
2024-10-06 10:34:52,467 [INFO] PluginManage:359 - Loaded plugin projectmanager (category:projectmanager,tabindex:3)
2024-10-06 10:34:52,467 [INFO] PluginManage:310 - Check plugin thirdparty
2024-10-06 10:34:52,758 [INFO] PluginManage:359 - Loaded plugin thirdparty (category:base,tabindex:-1)
2024-10-06 10:34:52,758 [WARN] IntegrityCheckThread:84 - waiting for thirdparty lock release [integrity check]
2024-10-06 10:34:52,758 [INFO] PluginManage:310 - Check plugin tools
2024-10-06 10:34:52,758 [INFO] IntegrityCheckThread:86 - entering critical section [integrity check]
2024-10-06 10:34:52,759 [INFO] ThirdPartyUpdaterWithRetryManager:70 - Updater plugin not ready yet. [1/15]
2024-10-06 10:34:52,800 [INFO] PluginManage:359 - Loaded plugin tools (category:base,tabindex:7)
2024-10-06 10:34:52,800 [INFO] PluginManage:310 - Check plugin tutovideos
2024-10-06 10:34:53,010 [INFO] PluginManage:359 - Loaded plugin tutovideos (category:base,tabindex:-1)
2024-10-06 10:34:53,010 [INFO] PluginManage:310 - Check plugin updater
2024-10-06 10:34:53,023 [INFO] PluginManage:359 - Loaded plugin updater (category:base,tabindex:12)
2024-10-06 10:34:53,023 [INFO] PluginManage:310 - Check plugin userauth
2024-10-06 10:34:53,028 [INFO] UserAuth:114 - Init User Auth plugin
2024-10-06 10:34:53,028 [INFO] PluginManage:359 - Loaded plugin userauth (category:base,tabindex:14)
2024-10-06 10:34:53,028 [INFO] PluginManage:283 - PluginManage : Loaded plugins [17]
2024-10-06 10:34:53,257 [INFO] PinOutPanel:1561 - setPackage(No Configuration,No Configuration)
2024-10-06 10:34:53,346 [INFO] CADModel:165 - CPN selected for project level
2024-10-06 10:34:53,346 [INFO] CADModel:114 - Register for checkConnection events
2024-10-06 10:34:53,372 [INFO] IPUIPlugin:80 - create IPUIPlugin
2024-10-06 10:34:53,372 [INFO] PluginManager:220 - loadIPPluginJar : add adc
2024-10-06 10:34:53,409 [INFO] IPUIPlugin:80 - create IPUIPlugin
2024-10-06 10:34:53,409 [INFO] PluginManager:220 - loadIPPluginJar : add aes
2024-10-06 10:34:53,450 [INFO] IPUIPlugin:80 - create IPUIPlugin
2024-10-06 10:34:53,450 [INFO] PluginManager:220 - loadIPPluginJar : add can
2024-10-06 10:34:53,474 [INFO] IPUIPlugin:80 - create IPUIPlugin
2024-10-06 10:34:53,474 [INFO] PluginManager:220 - loadIPPluginJar : add comp
2024-10-06 10:34:53,508 [INFO] IPUIPlugin:80 - create IPUIPlugin
2024-10-06 10:34:53,508 [INFO] PluginManager:220 - loadIPPluginJar : add cryp
2024-10-06 10:34:53,536 [INFO] IPUIPlugin:80 - create IPUIPlugin
2024-10-06 10:34:53,536 [INFO] PluginManager:220 - loadIPPluginJar : add dfsdm
2024-10-06 10:34:53,551 [INFO] IPUIPlugin:80 - create IPUIPlugin
2024-10-06 10:34:53,551 [INFO] PluginManager:220 - loadIPPluginJar : add dma
2024-10-06 10:34:53,593 [INFO] IPUIPlugin:80 - create IPUIPlugin
2024-10-06 10:34:53,593 [INFO] PluginManager:220 - loadIPPluginJar : add dma3
2024-10-06 10:34:53,639 [INFO] IPUIPlugin:80 - create IPUIPlugin
2024-10-06 10:34:53,639 [INFO] PluginManager:220 - loadIPPluginJar : add extmemmanager
2024-10-06 10:34:53,658 [INFO] IPUIPlugin:80 - create IPUIPlugin
2024-10-06 10:34:53,659 [INFO] PluginManager:220 - loadIPPluginJar : add fatfs
2024-10-06 10:34:53,707 [INFO] IPUIPlugin:80 - create IPUIPlugin
2024-10-06 10:34:53,707 [INFO] PluginManager:220 - loadIPPluginJar : add fmc
2024-10-06 10:34:53,722 [INFO] IPUIPlugin:80 - create IPUIPlugin
2024-10-06 10:34:53,722 [INFO] PluginManager:220 - loadIPPluginJar : add freertos
2024-10-06 10:34:53,742 [INFO] IPUIPlugin:80 - create IPUIPlugin
2024-10-06 10:34:53,743 [INFO] PluginManager:220 - loadIPPluginJar : add genericplugin
2024-10-06 10:34:53,834 [INFO] IPUIPlugin:80 - create IPUIPlugin
2024-10-06 10:34:53,834 [INFO] PluginManager:220 - loadIPPluginJar : add gfxmmu
2024-10-06 10:34:53,967 [INFO] IPUIPlugin:80 - create IPUIPlugin
2024-10-06 10:34:53,967 [INFO] PluginManager:220 - loadIPPluginJar : add gic
2024-10-06 10:34:53,980 [INFO] IPUIPlugin:80 - create IPUIPlugin
2024-10-06 10:34:53,980 [INFO] PluginManager:220 - loadIPPluginJar : add gpio
2024-10-06 10:34:54,074 [INFO] IPUIPlugin:80 - create IPUIPlugin
2024-10-06 10:34:54,074 [INFO] PluginManager:220 - loadIPPluginJar : add gtzc
2024-10-06 10:34:54,107 [INFO] IPUIPlugin:80 - create IPUIPlugin
2024-10-06 10:34:54,107 [INFO] PluginManager:220 - loadIPPluginJar : add hash
2024-10-06 10:34:54,158 [INFO] IPUIPlugin:80 - create IPUIPlugin
2024-10-06 10:34:54,159 [INFO] PluginManager:220 - loadIPPluginJar : add i2c
2024-10-06 10:34:54,198 [INFO] IPUIPlugin:80 - create IPUIPlugin
2024-10-06 10:34:54,198 [INFO] PluginManager:220 - loadIPPluginJar : add i2s
2024-10-06 10:34:54,242 [INFO] IPUIPlugin:80 - create IPUIPlugin
2024-10-06 10:34:54,243 [INFO] PluginManager:220 - loadIPPluginJar : add i3c
2024-10-06 10:34:54,369 [INFO] IPUIPlugin:80 - create IPUIPlugin
2024-10-06 10:34:54,369 [INFO] PluginManager:220 - loadIPPluginJar : add ipddr
2024-10-06 10:34:54,461 [INFO] IPUIPlugin:80 - create IPUIPlugin
2024-10-06 10:34:54,461 [INFO] PluginManager:220 - loadIPPluginJar : add linkedlist
2024-10-06 10:34:54,495 [INFO] IPUIPlugin:80 - create IPUIPlugin
2024-10-06 10:34:54,496 [INFO] PluginManager:220 - loadIPPluginJar : add lorawan
2024-10-06 10:34:54,531 [INFO] IPUIPlugin:80 - create IPUIPlugin
2024-10-06 10:34:54,532 [INFO] PluginManager:220 - loadIPPluginJar : add ltdc
2024-10-06 10:34:54,545 [INFO] IPUIPlugin:80 - create IPUIPlugin
2024-10-06 10:34:54,545 [INFO] PluginManager:220 - loadIPPluginJar : add mdma
2024-10-06 10:34:54,558 [INFO] IPUIPlugin:80 - create IPUIPlugin
2024-10-06 10:34:54,558 [INFO] PluginManager:220 - loadIPPluginJar : add nvic
2024-10-06 10:34:54,598 [INFO] IPUIPlugin:80 - create IPUIPlugin
2024-10-06 10:34:54,598 [INFO] PluginManager:220 - loadIPPluginJar : add opamp
2024-10-06 10:34:54,660 [INFO] IPUIPlugin:80 - create IPUIPlugin
2024-10-06 10:34:54,661 [INFO] PluginManager:220 - loadIPPluginJar : add openamp
2024-10-06 10:34:54,703 [INFO] IPUIPlugin:80 - create IPUIPlugin
2024-10-06 10:34:54,703 [INFO] PluginManager:220 - loadIPPluginJar : add pdm2pcm
2024-10-06 10:34:54,716 [INFO] IPUIPlugin:80 - create IPUIPlugin
2024-10-06 10:34:54,718 [INFO] PluginManager:220 - loadIPPluginJar : add plateformsettings
2024-10-06 10:34:54,740 [INFO] IPUIPlugin:80 - create IPUIPlugin
2024-10-06 10:34:54,740 [INFO] PluginManager:220 - loadIPPluginJar : add quadspi
2024-10-06 10:34:54,752 [INFO] IPUIPlugin:80 - create IPUIPlugin
2024-10-06 10:34:54,752 [INFO] PluginManager:220 - loadIPPluginJar : add resmgrutility
2024-10-06 10:34:54,801 [INFO] IPUIPlugin:80 - create IPUIPlugin
2024-10-06 10:34:54,801 [INFO] PluginManager:220 - loadIPPluginJar : add sai
2024-10-06 10:34:54,836 [INFO] IPUIPlugin:80 - create IPUIPlugin
2024-10-06 10:34:54,836 [INFO] PluginManager:220 - loadIPPluginJar : add spi
2024-10-06 10:34:54,912 [INFO] IPUIPlugin:80 - create IPUIPlugin
2024-10-06 10:34:54,912 [INFO] PluginManager:220 - loadIPPluginJar : add stm32_wpan
2024-10-06 10:34:54,935 [INFO] IPUIPlugin:80 - create IPUIPlugin
2024-10-06 10:34:54,935 [INFO] PluginManager:220 - loadIPPluginJar : add tim
2024-10-06 10:34:54,998 [INFO] IPUIPlugin:80 - create IPUIPlugin
2024-10-06 10:34:54,998 [INFO] PluginManager:220 - loadIPPluginJar : add touchsensing
2024-10-06 10:34:55,020 [INFO] IPUIPlugin:80 - create IPUIPlugin
2024-10-06 10:34:55,020 [INFO] PluginManager:220 - loadIPPluginJar : add tracer_emb
2024-10-06 10:34:55,044 [INFO] IPUIPlugin:80 - create IPUIPlugin
2024-10-06 10:34:55,044 [INFO] PluginManager:220 - loadIPPluginJar : add ts
2024-10-06 10:34:55,065 [INFO] IPUIPlugin:80 - create IPUIPlugin
2024-10-06 10:34:55,066 [INFO] PluginManager:220 - loadIPPluginJar : add tsc
2024-10-06 10:34:55,087 [INFO] IPUIPlugin:80 - create IPUIPlugin
2024-10-06 10:34:55,087 [INFO] PluginManager:220 - loadIPPluginJar : add ucpd
2024-10-06 10:34:55,133 [INFO] IPUIPlugin:80 - create IPUIPlugin
2024-10-06 10:34:55,133 [INFO] PluginManager:220 - loadIPPluginJar : add usart
2024-10-06 10:34:55,183 [INFO] IPUIPlugin:80 - create IPUIPlugin
2024-10-06 10:34:55,183 [INFO] PluginManager:220 - loadIPPluginJar : add usbx
2024-10-06 10:34:55,314 [INFO] CADModel:165 - CPN selected for project level
2024-10-06 10:34:55,314 [INFO] CADModel:114 - Register for checkConnection events
2024-10-06 10:34:55,314 [FATAL] Updater:308 - Updater called before beeing initialized
2024-10-06 10:34:55,314 [ERROR] CADModel:125 - Updater not yet initialized, retry later 
2024-10-06 10:34:55,446 [INFO] CADModel:165 - CPN selected for project level
2024-10-06 10:34:55,446 [INFO] CADModel:114 - Register for checkConnection events
2024-10-06 10:34:55,446 [FATAL] Updater:308 - Updater called before beeing initialized
2024-10-06 10:34:55,446 [ERROR] CADModel:125 - Updater not yet initialized, retry later 
2024-10-06 10:34:55,450 [FATAL] Updater:308 - Updater called before beeing initialized
2024-10-06 10:34:55,555 [FATAL] Updater:308 - Updater called before beeing initialized
2024-10-06 10:34:55,565 [INFO] DbMcusAds:53 - JSON generation date=Fri Sep 20 18:04:23 PKT 2024 (1726837463113)
2024-10-06 10:34:55,566 [FATAL] Updater:308 - Updater called before beeing initialized
2024-10-06 10:34:55,656 [WARN] DetailPanel:346 - Failed to get advertising image, set to default
2024-10-06 10:34:55,747 [FATAL] Updater:308 - Updater called before beeing initialized
2024-10-06 10:34:55,749 [FATAL] Updater:308 - Updater called before beeing initialized
2024-10-06 10:34:55,749 [FATAL] Updater:308 - Updater called before beeing initialized
2024-10-06 10:34:55,749 [WARN] DetailPanel:346 - Failed to get advertising image, set to default
2024-10-06 10:34:55,750 [FATAL] Updater:308 - Updater called before beeing initialized
2024-10-06 10:34:55,759 [INFO] ThirdPartyUpdaterWithRetryManager:70 - Updater plugin not ready yet. [2/15]
2024-10-06 10:34:55,812 [ERROR] Updater:1120 - MainUpdater not yet initialized. External WinMGr cannot be set.
2024-10-06 10:34:55,823 [INFO] Updater:1056 - Updater Version found : 6.11.1
2024-10-06 10:34:55,843 [INFO] ApplicationProperties:184 - Using Application install path: C:\ST\STM32CubeIDE_1.15.1\STM32CubeIDE\plugins\com.st.stm32cube.common.mx_6.11.1.202404110753
2024-10-06 10:34:57,438 [ERROR] LogOutputStream:75 - [STDERR_REDIRECT] Oct 06, 2024 10:34:57 AM java.util.prefs.WindowsPreferences <init>
2024-10-06 10:34:57,441 [ERROR] LogOutputStream:75 - [STDERR_REDIRECT] WARNING: Could not open/create prefs root node Software\JavaSoft\Prefs at root 0xffffffff80000002. Windows RegCreateKeyEx(...) returned error code 5.
2024-10-06 10:34:57,442 [ERROR] LogOutputStream:75 - [STDERR_REDIRECT] 
2024-10-06 10:34:57,943 [INFO] MainUpdater:2873 - connection check result : 10
2024-10-06 10:34:57,946 [INFO] MainUpdater:290 - Updater Check For Update Now.
2024-10-06 10:34:57,946 [INFO] MicroXplorer:498 - Change Database Version : DB.6.0.111
2024-10-06 10:34:57,992 [INFO] McuFinderGlobals:63 - Set McuFinder mode to 2 (CubeIDE integrated)
2024-10-06 10:34:58,028 [INFO] UserAuth:415 - Internet connection configuration mode: 1
2024-10-06 10:34:58,071 [INFO] JxBrowserEngine:152 - Initiate JxBrowser Engine with user profile folder
2024-10-06 10:34:58,179 [INFO] CheckServerUpdateThread:120 - End of CheckServer Thread
2024-10-06 10:34:58,959 [WARN] PackLoader:240 - Cannot read IP mode file for STMicroelectronics.FP-SNS-MOTENVWB1.1.4.0
2024-10-06 10:34:58,979 [WARN] PackLoader:240 - Cannot read IP mode file for STMicroelectronics.X-CUBE-SMBUS.2.1.0
2024-10-06 10:34:59,005 [WARN] PackLoader:240 - Cannot read IP mode file for STMicroelectronics.X-CUBE-WB05N.1.1.0
2024-10-06 10:34:59,068 [WARN] PackLoader:240 - Cannot read IP mode file for STMicroelectronics.X-CUBE-AZRTOS-F7.1.1.0
2024-10-06 10:34:59,173 [WARN] PackLoader:240 - Cannot read IP mode file for STMicroelectronics.X-CUBE-MEMS1.11.0.0
2024-10-06 10:34:59,341 [WARN] PackLoader:240 - Cannot read IP mode file for STMicroelectronics.FP-SNS-FLIGHT1.5.0.2
2024-10-06 10:34:59,367 [WARN] PackLoader:240 - Cannot read IP mode file for STMicroelectronics.X-CUBE-DISPLAY.3.0.0
2024-10-06 10:34:59,386 [WARN] PackLoader:240 - Cannot read IP mode file for STMicroelectronics.X-CUBE-BLE1.7.0.0
2024-10-06 10:34:59,405 [WARN] PackLoader:240 - Cannot read IP mode file for STMicroelectronics.X-CUBE-NFC10.1.0.0
2024-10-06 10:34:59,421 [WARN] PackLoader:240 - Cannot read IP mode file for emotas.I-CUBE-CANOPEN.1.3.0
2024-10-06 10:34:59,440 [WARN] PackLoader:240 - Cannot read IP mode file for STMicroelectronics.X-CUBE-BLEMGR.3.1.0
2024-10-06 10:34:59,456 [WARN] PackLoader:240 - Cannot read IP mode file for STMicroelectronics.FP-SNS-SMARTAG2.1.2.0
2024-10-06 10:34:59,480 [INFO] LogOutputStream:77 - [STDOUT_REDIRECT] 1 : Invalid condition id : UX_CORESTACK_Condition cause : null
2024-10-06 10:34:59,482 [INFO] LogOutputStream:77 - [STDOUT_REDIRECT] 1 : Invalid condition id : UX_CORESTACK_Condition cause : null
2024-10-06 10:34:59,483 [INFO] LogOutputStream:77 - [STDOUT_REDIRECT] 1 : Invalid condition id : UX_CORESTACK_Condition cause : null
2024-10-06 10:34:59,484 [INFO] LogOutputStream:77 - [STDOUT_REDIRECT] 1 : Invalid condition id : UX_CORESTACK_Condition cause : null
2024-10-06 10:34:59,485 [INFO] LogOutputStream:77 - [STDOUT_REDIRECT] 1 : Invalid condition id : UX_CORESTACK_Condition cause : null
2024-10-06 10:34:59,489 [WARN] PackLoader:240 - Cannot read IP mode file for STMicroelectronics.X-CUBE-AZRTOS-WL.2.0.0
2024-10-06 10:34:59,506 [WARN] PackLoader:240 - Cannot read IP mode file for STMicroelectronics.FP-SNS-MOTENV1.5.0.0
2024-10-06 10:34:59,520 [WARN] PackLoader:240 - Cannot read IP mode file for wolfSSL.I-CUBE-wolfMQTT.1.19.0
2024-10-06 10:34:59,538 [WARN] PackLoader:240 - Cannot read IP mode file for WES.I-CUBE-Cesium.1.3.0
2024-10-06 10:34:59,552 [WARN] PackLoader:240 - Cannot read IP mode file for STMicroelectronics.X-CUBE-BLE2.3.3.0
2024-10-06 10:34:59,569 [WARN] PackLoader:240 - Cannot read IP mode file for STMicroelectronics.X-CUBE-NFC9.1.0.0
2024-10-06 10:34:59,586 [WARN] PackLoader:240 - Cannot read IP mode file for STMicroelectronics.X-CUBE-TCPP.4.1.0
2024-10-06 10:34:59,616 [WARN] PackLoader:240 - Cannot read IP mode file for STMicroelectronics.X-CUBE-AZRTOS-G0.1.1.0
2024-10-06 10:34:59,636 [WARN] PackLoader:240 - Cannot read IP mode file for STMicroelectronics.X-CUBE-SAFEA1.1.2.2
2024-10-06 10:34:59,653 [WARN] PackLoader:240 - Cannot read IP mode file for STMicroelectronics.X-CUBE-NFC4.3.0.0
2024-10-06 10:34:59,671 [WARN] PackLoader:240 - Cannot read IP mode file for EmbeddedOffice.I-CUBE-FS-RTOS.1.0.1
2024-10-06 10:34:59,671 [ERROR] ConditionMgr:805 - Attr not supported : Dmpu
2024-10-06 10:34:59,671 [ERROR] ConditionMgr:805 - Attr not supported : Dmpu
2024-10-06 10:34:59,671 [ERROR] ConditionMgr:805 - Attr not supported : Dmpu
2024-10-06 10:34:59,671 [ERROR] ConditionMgr:805 - Attr not supported : Dmpu
2024-10-06 10:34:59,672 [ERROR] ConditionMgr:805 - Attr not supported : Dmpu
2024-10-06 10:34:59,672 [ERROR] ConditionMgr:805 - Attr not supported : Dmpu
2024-10-06 10:34:59,672 [ERROR] ConditionMgr:805 - Attr not supported : Dmpu
2024-10-06 10:34:59,672 [ERROR] ConditionMgr:805 - Attr not supported : Dmpu
2024-10-06 10:34:59,672 [ERROR] ConditionMgr:805 - Attr not supported : Dmpu
2024-10-06 10:34:59,672 [ERROR] ConditionMgr:805 - Attr not supported : Dmpu
2024-10-06 10:34:59,672 [ERROR] ConditionMgr:805 - Attr not supported : Dmpu
2024-10-06 10:34:59,672 [ERROR] ConditionMgr:805 - Attr not supported : Dmpu
2024-10-06 10:34:59,672 [ERROR] ConditionMgr:805 - Attr not supported : Dmpu
2024-10-06 10:34:59,672 [ERROR] ConditionMgr:805 - Attr not supported : Dmpu
2024-10-06 10:34:59,672 [ERROR] ConditionMgr:805 - Attr not supported : Dmpu
2024-10-06 10:34:59,672 [ERROR] ConditionMgr:805 - Attr not supported : Dmpu
2024-10-06 10:34:59,672 [ERROR] ConditionMgr:805 - Attr not supported : Dmpu
2024-10-06 10:34:59,672 [ERROR] ConditionMgr:805 - Attr not supported : Dmpu
2024-10-06 10:34:59,673 [ERROR] ConditionMgr:805 - Attr not supported : Dmpu
2024-10-06 10:34:59,673 [ERROR] ConditionMgr:805 - Attr not supported : Dmpu
2024-10-06 10:34:59,673 [ERROR] ConditionMgr:805 - Attr not supported : Dmpu
2024-10-06 10:34:59,673 [ERROR] ConditionMgr:805 - Attr not supported : Dmpu
2024-10-06 10:34:59,673 [ERROR] ConditionMgr:805 - Attr not supported : Dmpu
2024-10-06 10:34:59,673 [ERROR] ConditionMgr:805 - Attr not supported : Dmpu
2024-10-06 10:34:59,673 [ERROR] ConditionMgr:805 - Attr not supported : Dmpu
2024-10-06 10:34:59,673 [ERROR] ConditionMgr:805 - Attr not supported : Dmpu
2024-10-06 10:34:59,674 [ERROR] ConditionMgr:805 - Attr not supported : Dmpu
2024-10-06 10:34:59,674 [ERROR] ConditionMgr:805 - Attr not supported : Dmpu
2024-10-06 10:34:59,674 [ERROR] ConditionMgr:805 - Attr not supported : Dmpu
2024-10-06 10:34:59,674 [ERROR] ConditionMgr:805 - Attr not supported : Dmpu
2024-10-06 10:34:59,674 [ERROR] ConditionMgr:805 - Attr not supported : Dmpu
2024-10-06 10:34:59,674 [ERROR] ConditionMgr:805 - Attr not supported : Dmpu
2024-10-06 10:34:59,674 [ERROR] ConditionMgr:805 - Attr not supported : Dmpu
2024-10-06 10:34:59,674 [ERROR] ConditionMgr:805 - Attr not supported : Dmpu
2024-10-06 10:34:59,675 [ERROR] ConditionMgr:805 - Attr not supported : Dmpu
2024-10-06 10:34:59,675 [ERROR] ConditionMgr:805 - Attr not supported : Dmpu
2024-10-06 10:34:59,675 [ERROR] ConditionMgr:805 - Attr not supported : Dmpu
2024-10-06 10:34:59,676 [ERROR] ConditionMgr:805 - Attr not supported : Dmpu
2024-10-06 10:34:59,681 [ERROR] ConditionMgr:805 - Attr not supported : Dmpu
2024-10-06 10:34:59,682 [ERROR] ConditionMgr:805 - Attr not supported : Dmpu
2024-10-06 10:34:59,682 [ERROR] ConditionMgr:805 - Attr not supported : Dmpu
2024-10-06 10:34:59,682 [ERROR] ConditionMgr:805 - Attr not supported : Dmpu
2024-10-06 10:34:59,682 [ERROR] ConditionMgr:805 - Attr not supported : Dmpu
2024-10-06 10:34:59,682 [ERROR] ConditionMgr:805 - Attr not supported : Dmpu
2024-10-06 10:34:59,682 [ERROR] ConditionMgr:805 - Attr not supported : Dmpu
2024-10-06 10:34:59,682 [ERROR] ConditionMgr:805 - Attr not supported : Dmpu
2024-10-06 10:34:59,683 [ERROR] ConditionMgr:805 - Attr not supported : Dmpu
2024-10-06 10:34:59,683 [ERROR] ConditionMgr:805 - Attr not supported : Dmpu
2024-10-06 10:34:59,683 [ERROR] ConditionMgr:805 - Attr not supported : Dmpu
2024-10-06 10:34:59,683 [ERROR] ConditionMgr:805 - Attr not supported : Dmpu
2024-10-06 10:34:59,683 [ERROR] ConditionMgr:805 - Attr not supported : Dmpu
2024-10-06 10:34:59,683 [ERROR] ConditionMgr:805 - Attr not supported : Dmpu
2024-10-06 10:34:59,683 [ERROR] ConditionMgr:805 - Attr not supported : Dmpu
2024-10-06 10:34:59,683 [ERROR] ConditionMgr:805 - Attr not supported : Dmpu
2024-10-06 10:34:59,683 [ERROR] ConditionMgr:805 - Attr not supported : Dmpu
2024-10-06 10:34:59,683 [ERROR] ConditionMgr:805 - Attr not supported : Dmpu
2024-10-06 10:34:59,683 [ERROR] ConditionMgr:805 - Attr not supported : Dmpu
2024-10-06 10:34:59,683 [ERROR] ConditionMgr:805 - Attr not supported : Dmpu
2024-10-06 10:34:59,683 [ERROR] ConditionMgr:805 - Attr not supported : Dmpu
2024-10-06 10:34:59,683 [ERROR] ConditionMgr:805 - Attr not supported : Dmpu
2024-10-06 10:34:59,683 [ERROR] ConditionMgr:805 - Attr not supported : Dmpu
2024-10-06 10:34:59,683 [ERROR] ConditionMgr:805 - Attr not supported : Dmpu
2024-10-06 10:34:59,684 [ERROR] ConditionMgr:805 - Attr not supported : Dmpu
2024-10-06 10:34:59,684 [ERROR] ConditionMgr:805 - Attr not supported : Dmpu
2024-10-06 10:34:59,698 [WARN] PackLoader:240 - Cannot read IP mode file for RealThread.X-CUBE-RT-Thread_Nano.4.1.1
2024-10-06 10:34:59,711 [WARN] PackLoader:240 - Cannot read IP mode file for STMicroelectronics.FP-ATR-SIGFOX1.3.2.0
2024-10-06 10:34:59,725 [WARN] PackLoader:240 - Cannot read IP mode file for wolfSSL.I-CUBE-wolfSSL.5.7.2
2024-10-06 10:34:59,741 [WARN] PackLoader:240 - Cannot read IP mode file for STMicroelectronics.X-CUBE-EEPRMA1.5.1.0
2024-10-06 10:34:59,758 [WARN] PackLoader:240 - Cannot read IP mode file for ITTIA_DB.I-CUBE-ITTIADB.8.9.0
2024-10-06 10:34:59,834 [WARN] PackLoader:240 - Cannot read IP mode file for SEGGER.I-CUBE-embOS.1.3.1
2024-10-06 10:34:59,952 [WARN] PackLoader:240 - Cannot read IP mode file for STMicroelectronics.X-CUBE-ALGOBUILD.1.4.0
2024-10-06 10:34:59,993 [WARN] PackLoader:240 - Cannot read IP mode file for STMicroelectronics.X-CUBE-AI.9.1.0
2024-10-06 10:35:00,066 [WARN] PackLoader:240 - Cannot read IP mode file for STMicroelectronics.X-CUBE-GNSS1.6.0.0
2024-10-06 10:35:00,130 [WARN] PackLoader:240 - Cannot read IP mode file for STMicroelectronics.X-CUBE-AZRTOS-F4.1.1.0
2024-10-06 10:35:00,144 [WARN] PackLoader:240 - Cannot read IP mode file for STMicroelectronics.X-CUBE-ISPU.2.1.0
2024-10-06 10:35:00,158 [WARN] PackLoader:240 - Cannot read IP mode file for STMicroelectronics.X-CUBE-FREERTOS.1.2.0
2024-10-06 10:35:00,188 [WARN] PackLoader:240 - Cannot read IP mode file for STMicroelectronics.X-CUBE-AZRTOS-L5.2.0.0
2024-10-06 10:35:00,209 [WARN] PackLoader:240 - Cannot read IP mode file for STMicroelectronics.X-CUBE-NFC6.3.1.0
2024-10-06 10:35:00,224 [WARN] PackLoader:240 - Cannot read IP mode file for STMicroelectronics.X-CUBE-DPower.1.2.0
2024-10-06 10:35:00,239 [WARN] PackLoader:240 - Cannot read IP mode file for STMicroelectronics.X-CUBE-AI.9.0.0
2024-10-06 10:35:00,252 [WARN] PackLoader:240 - Cannot read IP mode file for STMicroelectronics.X-CUBE-NFC7.1.0.1
2024-10-06 10:35:00,267 [WARN] PackLoader:240 - Cannot read IP mode file for wolfSSL.I-CUBE-wolfTPM.3.2.0
2024-10-06 10:35:00,309 [WARN] ConditionMgr:438 - getConditionDescription Invalid condition id : LAN8742 Phy interface Condition cause : null
2024-10-06 10:35:00,310 [WARN] PackLoader:240 - Cannot read IP mode file for STMicroelectronics.X-CUBE-AZRTOS-L4.2.0.0
2024-10-06 10:35:00,311 [WARN] ConditionMgr:1039 - genDependencies : Invalid condition id : LAN8742 Phy interface Condition cause : null
2024-10-06 10:35:00,311 [WARN] ConditionMgr:1039 - genDependencies : Invalid condition id : LAN8742 Phy interface Condition cause : null
2024-10-06 10:35:00,311 [WARN] ConditionMgr:1039 - genDependencies : Invalid condition id : LAN8742 Phy interface Condition cause : null
2024-10-06 10:35:00,326 [WARN] PackLoader:240 - Cannot read IP mode file for STMicroelectronics.X-CUBE-SFXS2LP1.4.0.0
2024-10-06 10:35:00,359 [WARN] PackLoader:240 - Cannot read IP mode file for STMicroelectronics.X-CUBE-AZRTOS-H7.3.3.0
2024-10-06 10:35:00,381 [WARN] PackLoader:240 - Cannot read IP mode file for STMicroelectronics.X-CUBE-IPS.3.0.0
2024-10-06 10:35:00,412 [WARN] ConditionMgr:438 - getConditionDescription Invalid condition id : UX DEVICE CLASS RTOS Condition cause : null
2024-10-06 10:35:00,412 [WARN] ConditionMgr:438 - getConditionDescription Invalid condition id : UX DEVICE CLASS RTOS Condition cause : null
2024-10-06 10:35:00,414 [WARN] PackLoader:240 - Cannot read IP mode file for STMicroelectronics.X-CUBE-AZRTOS-WB.2.0.0
2024-10-06 10:35:00,414 [WARN] ConditionMgr:1039 - genDependencies : Invalid condition id : UX DEVICE CLASS RTOS Condition cause : null
2024-10-06 10:35:00,415 [WARN] ConditionMgr:1039 - genDependencies : Invalid condition id : UX DEVICE CLASS RTOS Condition cause : null
2024-10-06 10:35:00,415 [WARN] ConditionMgr:1039 - genDependencies : Invalid condition id : UX DEVICE CLASS RTOS Condition cause : null
2024-10-06 10:35:00,415 [WARN] ConditionMgr:1039 - genDependencies : Invalid condition id : UX DEVICE CLASS RTOS Condition cause : null
2024-10-06 10:35:00,415 [WARN] ConditionMgr:1039 - genDependencies : Invalid condition id : UX DEVICE CLASS RTOS Condition cause : null
2024-10-06 10:35:00,429 [WARN] PackLoader:240 - Cannot read IP mode file for STMicroelectronics.X-CUBE-GNSS1.7.0.0
2024-10-06 10:35:00,445 [WARN] PackLoader:240 - Cannot read IP mode file for STMicroelectronics.FP-SNS-STBOX1.2.0.0
2024-10-06 10:35:00,470 [WARN] PackLoader:240 - Cannot read IP mode file for STMicroelectronics.X-CUBE-SUBG2.5.0.0
2024-10-06 10:35:00,485 [WARN] PackLoader:240 - Cannot read IP mode file for Cesanta.I-CUBE-Mongoose.7.13.0
2024-10-06 10:35:00,510 [WARN] PackLoader:240 - Cannot read IP mode file for STMicroelectronics.X-CUBE-AZRTOS-G4.2.0.0
2024-10-06 10:35:00,524 [WARN] PackLoader:240 - Cannot read IP mode file for STMicroelectronics.X-CUBE-ISPU.2.0.0
2024-10-06 10:35:00,538 [WARN] PackLoader:240 - Cannot read IP mode file for STMicroelectronics.X-CUBE-ALS.1.0.2
2024-10-06 10:35:00,584 [WARN] PackLoader:240 - Cannot read IP mode file for STMicroelectronics.X-CUBE-MEMS1.10.0.0
2024-10-06 10:35:00,696 [WARN] PackLoader:240 - Cannot read IP mode file for STMicroelectronics.X-CUBE-TOUCHGFX.4.24.0
2024-10-06 10:35:00,708 [WARN] PackLoader:240 - Cannot read IP mode file for STMicroelectronics.X-CUBE-TOUCHGFX.4.24.1
2024-10-06 10:35:00,744 [WARN] PackLoader:240 - Cannot read IP mode file for portGmbH.I-Cube-SoM-uGOAL.1.1.0
2024-10-06 10:35:00,785 [WARN] PackLoader:240 - Cannot read IP mode file for STMicroelectronics.X-CUBE-AZRTOS-H7RS.1.0.0
2024-10-06 10:35:00,799 [WARN] PackLoader:240 - Cannot read IP mode file for STMicroelectronics.FP-ATR-ASTRA1.2.0.0
2024-10-06 10:35:00,818 [WARN] PackLoader:240 - Cannot read IP mode file for STMicroelectronics.X-CUBE-TOF1.3.4.2
2024-10-06 10:35:00,845 [WARN] PackLoader:240 - Cannot read IP mode file for STMicroelectronics.X-CUBE-TOF1.3.4.1
2024-10-06 10:35:00,880 [WARN] PackLoader:240 - Cannot read IP mode file for STMicroelectronics.X-CUBE-AZRTOS-H7.3.2.0
2024-10-06 10:35:00,906 [WARN] PackLoader:240 - Cannot read IP mode file for Infineon.AIROC-Wi-Fi-Bluetooth-STM32.1.6.0
2024-10-06 10:35:00,921 [WARN] PackLoader:240 - Cannot read IP mode file for wolfSSL.I-CUBE-wolfSSH.1.4.17
2024-10-06 10:35:00,922 [INFO] ThirdParty:978 - Integrity check success = true
2024-10-06 10:35:00,922 [INFO] IntegrityCheckThread:100 - exiting critical section [integrity check]
2024-10-06 10:35:00,922 [INFO] IntegrityCheckThread:103 - End integrity checks thread
2024-10-06 10:35:04,642 [INFO] WebApp:161 - Instantiating new browser for Auth
2024-10-06 10:35:05,241 [INFO] WebApp:779 - Register for checkConnection events
2024-10-06 10:35:05,241 [INFO] WebApp:414 - Apply proxy settings
2024-10-06 10:35:05,242 [INFO] WebApp:499 - Chromium requires no authentication
2024-10-06 10:35:05,251 [INFO] WebApp:442 - Direct internet connection detected
2024-10-06 10:35:05,424 [INFO] WebApp:192 - Starting web application
2024-10-06 10:35:05,424 [INFO] WebApp:544 - Web application path used C:\ST\STM32CubeIDE_1.15.1\STM32CubeIDE\plugins\com.st.stm32cube.common.mx_6.11.1.202404110753\db\plugins\mcufinder\reactClient1\index.html
2024-10-06 15:30:34,701 [INFO] WebApp:354 - JxBrowser engine has been closed 
2024-10-06 17:04:19,971 [ERROR] LogOutputStream:75 - [STDERR_REDIRECT] 
