2024-10-05 09:27:50,978 [INFO] Activator:176 - 


2024-10-05 09:27:50,984 [INFO] Activator:177 - !SESSION log4j initialized
2024-10-05 09:27:58,178 [INFO] LogOutputStream:77 - [STDOUT_REDIRECT] 
2024-10-05 09:28:00,631 [INFO] ApplicationProperties:184 - Using Application install path: C:\ST\STM32CubeIDE_1.15.1\STM32CubeIDE\plugins\com.st.stm32cube.common.mx_6.11.1.202404110753
2024-10-05 09:28:00,650 [INFO] DbMcusXml:78 - Set database path to: C:\ST\STM32CubeIDE_1.15.1\STM32CubeIDE\plugins\com.st.stm32cube.common.mx_6.11.1.202404110753\\db\/mcu/
2024-10-05 09:28:00,650 [INFO] ApiDb:274 - Set plugin database path to: C:\ST\STM32CubeIDE_1.15.1\STM32CubeIDE\plugins\com.st.stm32cube.common.mx_6.11.1.202404110753\\db\/plugins/boardmanager/
2024-10-05 09:28:00,650 [WARN] ApiDb:259 - Overriding images path with different value:  => C:\ST\STM32CubeIDE_1.15.1\STM32CubeIDE\plugins\com.st.stm32cube.common.mx_6.11.1.202404110753\\db\/plugins/mcufinder/images/
2024-10-05 09:28:00,660 [INFO] ApiDb:250 - Set database path to: C:\Users\Asif\.stmcufinder\plugins\mcufinder//mcu/
2024-10-05 09:28:00,661 [INFO] DbMcusAds:125 - Set database path to: C:\Users\Asif\.stmcufinder\plugins\mcufinder//mcu/
2024-10-05 09:28:00,663 [INFO] CrossReferenceDbSqlite:203 - Set database path to: C:\Users\Asif\.stmcufinder\plugins\mcufinder//mcu/cs/
2024-10-05 09:28:00,782 [INFO] RulesReader:64 - Compatibility file has been processed (297 Rules)
2024-10-05 09:28:00,867 [INFO] DbMcusXml:78 - Set database path to: C:\ST\STM32CubeIDE_1.15.1\STM32CubeIDE\plugins\com.st.stm32cube.common.mx_6.11.1.202404110753\\db\/mcu/
2024-10-05 09:28:00,867 [INFO] ApiDb:274 - Set plugin database path to: C:\ST\STM32CubeIDE_1.15.1\STM32CubeIDE\plugins\com.st.stm32cube.common.mx_6.11.1.202404110753\\db\/plugins/boardmanager/
2024-10-05 09:28:00,867 [INFO] ApiDb:261 - Set plugin images path to: C:\ST\STM32CubeIDE_1.15.1\STM32CubeIDE\plugins\com.st.stm32cube.common.mx_6.11.1.202404110753\\db\/plugins/mcufinder/images/
2024-10-05 09:28:00,868 [WARN] DbFile:41 - Overriding database path with different value: C:\Users\Asif\.stmcufinder\plugins\mcufinder/ => C:\Users\Asif\.stmcufinder\plugins\mcufinder
2024-10-05 09:28:00,868 [INFO] ApiDb:250 - Set database path to: C:\Users\Asif\.stmcufinder\plugins\mcufinder//mcu/
2024-10-05 09:28:00,868 [WARN] DbFile:41 - Overriding database path with different value: C:\Users\Asif\.stmcufinder\plugins\mcufinder/ => C:\Users\Asif\.stmcufinder\plugins\mcufinder
2024-10-05 09:28:00,868 [INFO] DbMcusAds:125 - Set database path to: C:\Users\Asif\.stmcufinder\plugins\mcufinder//mcu/
2024-10-05 09:28:00,868 [WARN] DbFile:41 - Overriding database path with different value: C:\Users\Asif\.stmcufinder\plugins\mcufinder/ => C:\Users\Asif\.stmcufinder\plugins\mcufinder
2024-10-05 09:28:00,868 [WARN] DbFile:41 - Overriding database path with different value: C:\Users\Asif\.stmcufinder\plugins\mcufinder/ => C:\Users\Asif\.stmcufinder\plugins\mcufinder
2024-10-05 09:28:00,868 [INFO] CrossReferenceDbSqlite:203 - Set database path to: C:\Users\Asif\.stmcufinder\plugins\mcufinder//mcu/cs/
2024-10-05 09:28:00,951 [INFO] MainPanel:264 - HeapMemory: 268435456
2024-10-05 09:28:01,052 [INFO] DbMcusXml:78 - Set database path to: C:\ST\STM32CubeIDE_1.15.1\STM32CubeIDE\plugins\com.st.stm32cube.common.mx_6.11.1.202404110753\\db\/mcu/
2024-10-05 09:28:01,053 [INFO] ApiDb:274 - Set plugin database path to: C:\ST\STM32CubeIDE_1.15.1\STM32CubeIDE\plugins\com.st.stm32cube.common.mx_6.11.1.202404110753\\db\/plugins/boardmanager/
2024-10-05 09:28:01,053 [INFO] ApiDb:261 - Set plugin images path to: C:\ST\STM32CubeIDE_1.15.1\STM32CubeIDE\plugins\com.st.stm32cube.common.mx_6.11.1.202404110753\\db\/plugins/mcufinder/images/
2024-10-05 09:28:01,053 [WARN] DbFile:41 - Overriding database path with different value: C:\Users\Asif\.stmcufinder\plugins\mcufinder/ => C:\Users\Asif\.stmcufinder\plugins\mcufinder
2024-10-05 09:28:01,053 [INFO] ApiDb:250 - Set database path to: C:\Users\Asif\.stmcufinder\plugins\mcufinder//mcu/
2024-10-05 09:28:01,053 [WARN] DbFile:41 - Overriding database path with different value: C:\Users\Asif\.stmcufinder\plugins\mcufinder/ => C:\Users\Asif\.stmcufinder\plugins\mcufinder
2024-10-05 09:28:01,054 [INFO] DbMcusAds:125 - Set database path to: C:\Users\Asif\.stmcufinder\plugins\mcufinder//mcu/
2024-10-05 09:28:01,054 [WARN] DbFile:41 - Overriding database path with different value: C:\Users\Asif\.stmcufinder\plugins\mcufinder/ => C:\Users\Asif\.stmcufinder\plugins\mcufinder
2024-10-05 09:28:01,054 [WARN] DbFile:41 - Overriding database path with different value: C:\Users\Asif\.stmcufinder\plugins\mcufinder/ => C:\Users\Asif\.stmcufinder\plugins\mcufinder
2024-10-05 09:28:01,054 [INFO] CrossReferenceDbSqlite:203 - Set database path to: C:\Users\Asif\.stmcufinder\plugins\mcufinder//mcu/cs/
2024-10-05 09:28:01,073 [INFO] ApplicationProperties:184 - Using Application install path: C:\ST\STM32CubeIDE_1.15.1\STM32CubeIDE\plugins\com.st.stm32cube.common.mx_6.11.1.202404110753
2024-10-05 09:28:01,075 [INFO] PluginManage:196 - Search for loadable plugins [exclusion list=, ]
2024-10-05 09:28:01,076 [INFO] PluginManage:310 - Check plugin analytics
2024-10-05 09:28:01,255 [INFO] AnalyticsPlugin:253 - Accepted Software Licenses: 
2024-10-05 09:28:01,255 [INFO] AnalyticsPlugin:255 - Accepted CMSIS Pack Licenses: 
2024-10-05 09:28:01,255 [INFO] AnalyticsPlugin:257 - Accepted Firmware Licenses: FW.F4.1.28.0
2024-10-05 09:28:01,259 [INFO] PluginManage:359 - Loaded plugin analytics (category:tool,tabindex:-1)
2024-10-05 09:28:01,260 [INFO] PluginManage:310 - Check plugin cadmodel
2024-10-05 09:28:01,277 [INFO] CADModel:105 - Init CAD model plugin
2024-10-05 09:28:01,277 [INFO] PluginManage:359 - Loaded plugin cadmodel (category:power,tabindex:5)
2024-10-05 09:28:01,278 [INFO] PluginManage:310 - Check plugin clock
2024-10-05 09:28:01,302 [INFO] PluginManage:359 - Loaded plugin clock (category:base,tabindex:2)
2024-10-05 09:28:01,302 [INFO] PluginManage:310 - Check plugin ddr
2024-10-05 09:28:01,305 [INFO] PluginManage:359 - Loaded plugin ddr (category:tool,tabindex:6)
2024-10-05 09:28:01,305 [INFO] PluginManage:310 - Check plugin filemanager
2024-10-05 09:28:01,478 [INFO] PluginManage:359 - Loaded plugin filemanager (category:base,tabindex:10)
2024-10-05 09:28:01,479 [INFO] PluginManage:310 - Check plugin ipmanager
2024-10-05 09:28:01,487 [INFO] PluginManage:359 - Loaded plugin ipmanager (category:base,tabindex:5)
2024-10-05 09:28:01,487 [INFO] PluginManage:310 - Check plugin lpbam
2024-10-05 09:28:01,509 [INFO] PluginManage:359 - Loaded plugin lpbam (category:base,tabindex:0)
2024-10-05 09:28:01,509 [INFO] PluginManage:310 - Check plugin memorymap
2024-10-05 09:28:01,538 [INFO] PluginManage:359 - Loaded plugin memorymap (category:base,tabindex:4)
2024-10-05 09:28:01,538 [INFO] PluginManage:310 - Check plugin pinoutandconfiguration
2024-10-05 09:28:01,555 [INFO] PluginManage:359 - Loaded plugin pinoutandconfiguration (category:base,tabindex:1)
2024-10-05 09:28:01,556 [INFO] PluginManage:310 - Check plugin pinoutconfig
2024-10-05 09:28:01,659 [WARN] SupportedApi:132 - Cannot load RTOS API schema: s4s-elt-must-match.1: The content of 'definitions' must match (annotation?, (simpleType | complexType)?, (unique | key | keyref)*)). A problem was found starting at: attribute.
2024-10-05 09:28:01,822 [INFO] PluginManage:359 - Loaded plugin pinoutconfig (category:base,tabindex:0)
2024-10-05 09:28:01,822 [INFO] PluginManage:310 - Check plugin power
2024-10-05 09:28:01,846 [INFO] PluginManage:359 - Loaded plugin power (category:power,tabindex:4)
2024-10-05 09:28:01,846 [INFO] PluginManage:310 - Check plugin projectmanager
2024-10-05 09:28:01,863 [INFO] PluginManage:359 - Loaded plugin projectmanager (category:projectmanager,tabindex:3)
2024-10-05 09:28:01,863 [INFO] PluginManage:310 - Check plugin thirdparty
2024-10-05 09:28:02,173 [INFO] PluginManage:359 - Loaded plugin thirdparty (category:base,tabindex:-1)
2024-10-05 09:28:02,173 [WARN] IntegrityCheckThread:84 - waiting for thirdparty lock release [integrity check]
2024-10-05 09:28:02,174 [INFO] PluginManage:310 - Check plugin tools
2024-10-05 09:28:02,174 [INFO] IntegrityCheckThread:86 - entering critical section [integrity check]
2024-10-05 09:28:02,174 [INFO] ThirdPartyUpdaterWithRetryManager:70 - Updater plugin not ready yet. [1/15]
2024-10-05 09:28:02,215 [INFO] PluginManage:359 - Loaded plugin tools (category:base,tabindex:7)
2024-10-05 09:28:02,215 [INFO] PluginManage:310 - Check plugin tutovideos
2024-10-05 09:28:02,418 [INFO] PluginManage:359 - Loaded plugin tutovideos (category:base,tabindex:-1)
2024-10-05 09:28:02,418 [INFO] PluginManage:310 - Check plugin updater
2024-10-05 09:28:02,432 [INFO] PluginManage:359 - Loaded plugin updater (category:base,tabindex:12)
2024-10-05 09:28:02,432 [INFO] PluginManage:310 - Check plugin userauth
2024-10-05 09:28:02,439 [INFO] UserAuth:114 - Init User Auth plugin
2024-10-05 09:28:02,439 [INFO] PluginManage:359 - Loaded plugin userauth (category:base,tabindex:14)
2024-10-05 09:28:02,440 [INFO] PluginManage:283 - PluginManage : Loaded plugins [17]
2024-10-05 09:28:02,712 [INFO] PinOutPanel:1561 - setPackage(No Configuration,No Configuration)
2024-10-05 09:28:02,786 [INFO] CADModel:165 - CPN selected for project level
2024-10-05 09:28:02,786 [INFO] CADModel:114 - Register for checkConnection events
2024-10-05 09:28:02,813 [INFO] IPUIPlugin:80 - create IPUIPlugin
2024-10-05 09:28:02,813 [INFO] PluginManager:220 - loadIPPluginJar : add adc
2024-10-05 09:28:02,850 [INFO] IPUIPlugin:80 - create IPUIPlugin
2024-10-05 09:28:02,850 [INFO] PluginManager:220 - loadIPPluginJar : add aes
2024-10-05 09:28:02,897 [INFO] IPUIPlugin:80 - create IPUIPlugin
2024-10-05 09:28:02,898 [INFO] PluginManager:220 - loadIPPluginJar : add can
2024-10-05 09:28:02,923 [INFO] IPUIPlugin:80 - create IPUIPlugin
2024-10-05 09:28:02,923 [INFO] PluginManager:220 - loadIPPluginJar : add comp
2024-10-05 09:28:02,956 [INFO] IPUIPlugin:80 - create IPUIPlugin
2024-10-05 09:28:02,956 [INFO] PluginManager:220 - loadIPPluginJar : add cryp
2024-10-05 09:28:02,986 [INFO] IPUIPlugin:80 - create IPUIPlugin
2024-10-05 09:28:02,986 [INFO] PluginManager:220 - loadIPPluginJar : add dfsdm
2024-10-05 09:28:03,001 [INFO] IPUIPlugin:80 - create IPUIPlugin
2024-10-05 09:28:03,002 [INFO] PluginManager:220 - loadIPPluginJar : add dma
2024-10-05 09:28:03,044 [INFO] IPUIPlugin:80 - create IPUIPlugin
2024-10-05 09:28:03,044 [INFO] PluginManager:220 - loadIPPluginJar : add dma3
2024-10-05 09:28:03,092 [INFO] IPUIPlugin:80 - create IPUIPlugin
2024-10-05 09:28:03,092 [INFO] PluginManager:220 - loadIPPluginJar : add extmemmanager
2024-10-05 09:28:03,113 [INFO] IPUIPlugin:80 - create IPUIPlugin
2024-10-05 09:28:03,113 [INFO] PluginManager:220 - loadIPPluginJar : add fatfs
2024-10-05 09:28:03,163 [INFO] IPUIPlugin:80 - create IPUIPlugin
2024-10-05 09:28:03,163 [INFO] PluginManager:220 - loadIPPluginJar : add fmc
2024-10-05 09:28:03,178 [INFO] IPUIPlugin:80 - create IPUIPlugin
2024-10-05 09:28:03,178 [INFO] PluginManager:220 - loadIPPluginJar : add freertos
2024-10-05 09:28:03,200 [INFO] IPUIPlugin:80 - create IPUIPlugin
2024-10-05 09:28:03,200 [INFO] PluginManager:220 - loadIPPluginJar : add genericplugin
2024-10-05 09:28:03,298 [INFO] IPUIPlugin:80 - create IPUIPlugin
2024-10-05 09:28:03,298 [INFO] PluginManager:220 - loadIPPluginJar : add gfxmmu
2024-10-05 09:28:03,426 [INFO] IPUIPlugin:80 - create IPUIPlugin
2024-10-05 09:28:03,427 [INFO] PluginManager:220 - loadIPPluginJar : add gic
2024-10-05 09:28:03,439 [INFO] IPUIPlugin:80 - create IPUIPlugin
2024-10-05 09:28:03,439 [INFO] PluginManager:220 - loadIPPluginJar : add gpio
2024-10-05 09:28:03,532 [INFO] IPUIPlugin:80 - create IPUIPlugin
2024-10-05 09:28:03,532 [INFO] PluginManager:220 - loadIPPluginJar : add gtzc
2024-10-05 09:28:03,565 [INFO] IPUIPlugin:80 - create IPUIPlugin
2024-10-05 09:28:03,565 [INFO] PluginManager:220 - loadIPPluginJar : add hash
2024-10-05 09:28:03,615 [INFO] IPUIPlugin:80 - create IPUIPlugin
2024-10-05 09:28:03,615 [INFO] PluginManager:220 - loadIPPluginJar : add i2c
2024-10-05 09:28:03,654 [INFO] IPUIPlugin:80 - create IPUIPlugin
2024-10-05 09:28:03,654 [INFO] PluginManager:220 - loadIPPluginJar : add i2s
2024-10-05 09:28:03,695 [INFO] IPUIPlugin:80 - create IPUIPlugin
2024-10-05 09:28:03,695 [INFO] PluginManager:220 - loadIPPluginJar : add i3c
2024-10-05 09:28:03,806 [INFO] IPUIPlugin:80 - create IPUIPlugin
2024-10-05 09:28:03,806 [INFO] PluginManager:220 - loadIPPluginJar : add ipddr
2024-10-05 09:28:03,895 [INFO] IPUIPlugin:80 - create IPUIPlugin
2024-10-05 09:28:03,895 [INFO] PluginManager:220 - loadIPPluginJar : add linkedlist
2024-10-05 09:28:03,928 [INFO] IPUIPlugin:80 - create IPUIPlugin
2024-10-05 09:28:03,928 [INFO] PluginManager:220 - loadIPPluginJar : add lorawan
2024-10-05 09:28:03,965 [INFO] IPUIPlugin:80 - create IPUIPlugin
2024-10-05 09:28:03,965 [INFO] PluginManager:220 - loadIPPluginJar : add ltdc
2024-10-05 09:28:03,978 [INFO] IPUIPlugin:80 - create IPUIPlugin
2024-10-05 09:28:03,978 [INFO] PluginManager:220 - loadIPPluginJar : add mdma
2024-10-05 09:28:03,990 [INFO] IPUIPlugin:80 - create IPUIPlugin
2024-10-05 09:28:03,990 [INFO] PluginManager:220 - loadIPPluginJar : add nvic
2024-10-05 09:28:04,027 [INFO] IPUIPlugin:80 - create IPUIPlugin
2024-10-05 09:28:04,027 [INFO] PluginManager:220 - loadIPPluginJar : add opamp
2024-10-05 09:28:04,095 [INFO] IPUIPlugin:80 - create IPUIPlugin
2024-10-05 09:28:04,096 [INFO] PluginManager:220 - loadIPPluginJar : add openamp
2024-10-05 09:28:04,138 [INFO] IPUIPlugin:80 - create IPUIPlugin
2024-10-05 09:28:04,138 [INFO] PluginManager:220 - loadIPPluginJar : add pdm2pcm
2024-10-05 09:28:04,153 [INFO] IPUIPlugin:80 - create IPUIPlugin
2024-10-05 09:28:04,155 [INFO] PluginManager:220 - loadIPPluginJar : add plateformsettings
2024-10-05 09:28:04,179 [INFO] IPUIPlugin:80 - create IPUIPlugin
2024-10-05 09:28:04,179 [INFO] PluginManager:220 - loadIPPluginJar : add quadspi
2024-10-05 09:28:04,192 [INFO] IPUIPlugin:80 - create IPUIPlugin
2024-10-05 09:28:04,192 [INFO] PluginManager:220 - loadIPPluginJar : add resmgrutility
2024-10-05 09:28:04,244 [INFO] IPUIPlugin:80 - create IPUIPlugin
2024-10-05 09:28:04,244 [INFO] PluginManager:220 - loadIPPluginJar : add sai
2024-10-05 09:28:04,290 [INFO] IPUIPlugin:80 - create IPUIPlugin
2024-10-05 09:28:04,290 [INFO] PluginManager:220 - loadIPPluginJar : add spi
2024-10-05 09:28:04,368 [INFO] IPUIPlugin:80 - create IPUIPlugin
2024-10-05 09:28:04,369 [INFO] PluginManager:220 - loadIPPluginJar : add stm32_wpan
2024-10-05 09:28:04,392 [INFO] IPUIPlugin:80 - create IPUIPlugin
2024-10-05 09:28:04,392 [INFO] PluginManager:220 - loadIPPluginJar : add tim
2024-10-05 09:28:04,454 [INFO] IPUIPlugin:80 - create IPUIPlugin
2024-10-05 09:28:04,454 [INFO] PluginManager:220 - loadIPPluginJar : add touchsensing
2024-10-05 09:28:04,477 [INFO] IPUIPlugin:80 - create IPUIPlugin
2024-10-05 09:28:04,477 [INFO] PluginManager:220 - loadIPPluginJar : add tracer_emb
2024-10-05 09:28:04,503 [INFO] IPUIPlugin:80 - create IPUIPlugin
2024-10-05 09:28:04,504 [INFO] PluginManager:220 - loadIPPluginJar : add ts
2024-10-05 09:28:04,529 [INFO] IPUIPlugin:80 - create IPUIPlugin
2024-10-05 09:28:04,529 [INFO] PluginManager:220 - loadIPPluginJar : add tsc
2024-10-05 09:28:04,550 [INFO] IPUIPlugin:80 - create IPUIPlugin
2024-10-05 09:28:04,550 [INFO] PluginManager:220 - loadIPPluginJar : add ucpd
2024-10-05 09:28:04,596 [INFO] IPUIPlugin:80 - create IPUIPlugin
2024-10-05 09:28:04,596 [INFO] PluginManager:220 - loadIPPluginJar : add usart
2024-10-05 09:28:04,646 [INFO] IPUIPlugin:80 - create IPUIPlugin
2024-10-05 09:28:04,646 [INFO] PluginManager:220 - loadIPPluginJar : add usbx
2024-10-05 09:28:04,780 [INFO] CADModel:165 - CPN selected for project level
2024-10-05 09:28:04,781 [INFO] CADModel:114 - Register for checkConnection events
2024-10-05 09:28:04,782 [FATAL] Updater:308 - Updater called before beeing initialized
2024-10-05 09:28:04,782 [ERROR] CADModel:125 - Updater not yet initialized, retry later 
2024-10-05 09:28:04,968 [INFO] CADModel:165 - CPN selected for project level
2024-10-05 09:28:04,968 [INFO] CADModel:114 - Register for checkConnection events
2024-10-05 09:28:04,968 [FATAL] Updater:308 - Updater called before beeing initialized
2024-10-05 09:28:04,968 [ERROR] CADModel:125 - Updater not yet initialized, retry later 
2024-10-05 09:28:04,971 [FATAL] Updater:308 - Updater called before beeing initialized
2024-10-05 09:28:05,080 [FATAL] Updater:308 - Updater called before beeing initialized
2024-10-05 09:28:05,091 [INFO] DbMcusAds:53 - JSON generation date=Fri Sep 20 18:04:23 PKT 2024 (1726837463113)
2024-10-05 09:28:05,091 [FATAL] Updater:308 - Updater called before beeing initialized
2024-10-05 09:28:05,175 [INFO] ThirdPartyUpdaterWithRetryManager:70 - Updater plugin not ready yet. [2/15]
2024-10-05 09:28:05,179 [WARN] DetailPanel:346 - Failed to get advertising image, set to default
2024-10-05 09:28:05,273 [FATAL] Updater:308 - Updater called before beeing initialized
2024-10-05 09:28:05,275 [FATAL] Updater:308 - Updater called before beeing initialized
2024-10-05 09:28:05,275 [FATAL] Updater:308 - Updater called before beeing initialized
2024-10-05 09:28:05,275 [WARN] DetailPanel:346 - Failed to get advertising image, set to default
2024-10-05 09:28:05,276 [FATAL] Updater:308 - Updater called before beeing initialized
2024-10-05 09:28:05,342 [ERROR] Updater:1120 - MainUpdater not yet initialized. External WinMGr cannot be set.
2024-10-05 09:28:05,354 [INFO] Updater:1056 - Updater Version found : 6.11.1
2024-10-05 09:28:05,371 [INFO] ApplicationProperties:184 - Using Application install path: C:\ST\STM32CubeIDE_1.15.1\STM32CubeIDE\plugins\com.st.stm32cube.common.mx_6.11.1.202404110753
2024-10-05 09:28:06,961 [ERROR] LogOutputStream:75 - [STDERR_REDIRECT] Oct 05, 2024 9:28:06 AM java.util.prefs.WindowsPreferences <init>
2024-10-05 09:28:06,965 [ERROR] LogOutputStream:75 - [STDERR_REDIRECT] WARNING: Could not open/create prefs root node Software\JavaSoft\Prefs at root 0xffffffff80000002. Windows RegCreateKeyEx(...) returned error code 5.
2024-10-05 09:28:06,965 [ERROR] LogOutputStream:75 - [STDERR_REDIRECT] 
2024-10-05 09:28:07,346 [INFO] MainUpdater:2873 - connection check result : 10
2024-10-05 09:28:07,347 [INFO] MainUpdater:3567 - Updater definition file requires update
2024-10-05 09:28:07,349 [INFO] MainUpdater:290 - Updater Check For Update Now.
2024-10-05 09:28:07,349 [INFO] MicroXplorer:498 - Change Database Version : DB.6.0.111
2024-10-05 09:28:07,366 [INFO] McuFinderGlobals:63 - Set McuFinder mode to 2 (CubeIDE integrated)
2024-10-05 09:28:07,378 [INFO] UserAuth:415 - Internet connection configuration mode: 1
2024-10-05 09:28:07,398 [INFO] ServerAccessManage:473 - Download File updaters.zip
2024-10-05 09:28:07,401 [INFO] JxBrowserEngine:152 - Initiate JxBrowser Engine with user profile folder
2024-10-05 09:28:07,554 [INFO] FileExtend:240 - Unzip File : updaters.zip
2024-10-05 09:28:07,555 [INFO] FileExtend:255 - Standard Zip Deflate
2024-10-05 09:28:08,056 [INFO] ServerAccessManage:473 - Download File PacksControlFlags.xml
2024-10-05 09:28:08,160 [INFO] ServerAccessManage:473 - Download File cubemx.pidx
2024-10-05 09:28:08,217 [WARN] MainUpdater:1194 - Updater busy. Cannot search thirdparties
2024-10-05 09:28:08,217 [INFO] ThirdPartyUpdaterWithRetryManager:96 - Updater plugin is busy. [1/15]
2024-10-05 09:28:08,773 [INFO] ServerAccessManage:473 - Download File STMicroelectronics.X-CUBE-AI.pdsc
2024-10-05 09:28:09,542 [INFO] ServerAccessManage:473 - Download File STMicroelectronics.X-CUBE-IPS.pdsc
2024-10-05 09:28:10,434 [INFO] ServerAccessManage:473 - Download File STMicroelectronics.X-CUBE-WB05N.pdsc
2024-10-05 09:28:10,852 [WARN] PackLoader:240 - Cannot read IP mode file for STMicroelectronics.X-CUBE-AI.9.1.0
2024-10-05 09:28:10,874 [WARN] PackLoader:240 - Cannot read IP mode file for STMicroelectronics.X-CUBE-IPS.3.0.0
2024-10-05 09:28:10,917 [WARN] PackLoader:240 - Cannot read IP mode file for STMicroelectronics.X-CUBE-WB05N.1.1.0
2024-10-05 09:28:10,919 [INFO] PopulateThirdPartyThread:66 - Ending populate Thread
2024-10-05 09:28:10,921 [INFO] ThirdParty:1030 - CMSIS Pack Vendor :STMicroelectronics X-CUBE-IPS 3.0.0
2024-10-05 09:28:10,921 [INFO] ThirdParty:1030 - CMSIS Pack Vendor :STMicroelectronics X-CUBE-AI 9.1.0
2024-10-05 09:28:10,922 [INFO] ThirdParty:1030 - CMSIS Pack Vendor :STMicroelectronics X-CUBE-WB05N 1.1.0
2024-10-05 09:28:10,922 [INFO] LoadServerUpdatesThread:375 - End of LoadServerUpdate Thread
2024-10-05 09:28:11,022 [INFO] CheckServerUpdateThread:120 - End of CheckServer Thread
2024-10-05 09:28:11,373 [WARN] PackLoader:240 - Cannot read IP mode file for STMicroelectronics.FP-SNS-MOTENVWB1.1.4.0
2024-10-05 09:28:11,387 [WARN] PackLoader:240 - Cannot read IP mode file for STMicroelectronics.X-CUBE-SMBUS.2.1.0
2024-10-05 09:28:11,393 [WARN] PackLoader:240 - Cannot read IP mode file for STMicroelectronics.X-CUBE-WB05N.1.1.0
2024-10-05 09:28:11,449 [WARN] PackLoader:240 - Cannot read IP mode file for STMicroelectronics.X-CUBE-AZRTOS-F7.1.1.0
2024-10-05 09:28:11,525 [WARN] PackLoader:240 - Cannot read IP mode file for STMicroelectronics.X-CUBE-MEMS1.11.0.0
2024-10-05 09:28:11,675 [WARN] PackLoader:240 - Cannot read IP mode file for STMicroelectronics.FP-SNS-FLIGHT1.5.0.2
2024-10-05 09:28:11,694 [WARN] PackLoader:240 - Cannot read IP mode file for STMicroelectronics.X-CUBE-DISPLAY.3.0.0
2024-10-05 09:28:11,709 [WARN] PackLoader:240 - Cannot read IP mode file for STMicroelectronics.X-CUBE-BLE1.7.0.0
2024-10-05 09:28:11,724 [WARN] PackLoader:240 - Cannot read IP mode file for STMicroelectronics.X-CUBE-NFC10.1.0.0
2024-10-05 09:28:11,740 [WARN] PackLoader:240 - Cannot read IP mode file for emotas.I-CUBE-CANOPEN.1.3.0
2024-10-05 09:28:11,760 [WARN] PackLoader:240 - Cannot read IP mode file for STMicroelectronics.X-CUBE-BLEMGR.3.1.0
2024-10-05 09:28:11,785 [WARN] PackLoader:240 - Cannot read IP mode file for STMicroelectronics.FP-SNS-SMARTAG2.1.2.0
2024-10-05 09:28:11,816 [INFO] LogOutputStream:77 - [STDOUT_REDIRECT] 1 : Invalid condition id : UX_CORESTACK_Condition cause : null
2024-10-05 09:28:11,818 [INFO] LogOutputStream:77 - [STDOUT_REDIRECT] 1 : Invalid condition id : UX_CORESTACK_Condition cause : null
2024-10-05 09:28:11,819 [INFO] LogOutputStream:77 - [STDOUT_REDIRECT] 1 : Invalid condition id : UX_CORESTACK_Condition cause : null
2024-10-05 09:28:11,820 [INFO] LogOutputStream:77 - [STDOUT_REDIRECT] 1 : Invalid condition id : UX_CORESTACK_Condition cause : null
2024-10-05 09:28:11,821 [INFO] LogOutputStream:77 - [STDOUT_REDIRECT] 1 : Invalid condition id : UX_CORESTACK_Condition cause : null
2024-10-05 09:28:11,824 [WARN] PackLoader:240 - Cannot read IP mode file for STMicroelectronics.X-CUBE-AZRTOS-WL.2.0.0
2024-10-05 09:28:11,841 [WARN] PackLoader:240 - Cannot read IP mode file for STMicroelectronics.FP-SNS-MOTENV1.5.0.0
2024-10-05 09:28:11,846 [WARN] PackLoader:240 - Cannot read IP mode file for wolfSSL.I-CUBE-wolfMQTT.1.19.0
2024-10-05 09:28:11,861 [WARN] PackLoader:240 - Cannot read IP mode file for WES.I-CUBE-Cesium.1.3.0
2024-10-05 09:28:11,873 [WARN] PackLoader:240 - Cannot read IP mode file for STMicroelectronics.X-CUBE-BLE2.3.3.0
2024-10-05 09:28:11,887 [WARN] PackLoader:240 - Cannot read IP mode file for STMicroelectronics.X-CUBE-NFC9.1.0.0
2024-10-05 09:28:11,902 [WARN] PackLoader:240 - Cannot read IP mode file for STMicroelectronics.X-CUBE-TCPP.4.1.0
2024-10-05 09:28:11,948 [WARN] PackLoader:240 - Cannot read IP mode file for STMicroelectronics.X-CUBE-AZRTOS-G0.1.1.0
2024-10-05 09:28:11,964 [WARN] PackLoader:240 - Cannot read IP mode file for STMicroelectronics.X-CUBE-SAFEA1.1.2.2
2024-10-05 09:28:11,980 [WARN] PackLoader:240 - Cannot read IP mode file for STMicroelectronics.X-CUBE-NFC4.3.0.0
2024-10-05 09:28:12,000 [WARN] PackLoader:240 - Cannot read IP mode file for EmbeddedOffice.I-CUBE-FS-RTOS.1.0.1
2024-10-05 09:28:12,000 [ERROR] ConditionMgr:805 - Attr not supported : Dmpu
2024-10-05 09:28:12,000 [ERROR] ConditionMgr:805 - Attr not supported : Dmpu
2024-10-05 09:28:12,000 [ERROR] ConditionMgr:805 - Attr not supported : Dmpu
2024-10-05 09:28:12,000 [ERROR] ConditionMgr:805 - Attr not supported : Dmpu
2024-10-05 09:28:12,000 [ERROR] ConditionMgr:805 - Attr not supported : Dmpu
2024-10-05 09:28:12,000 [ERROR] ConditionMgr:805 - Attr not supported : Dmpu
2024-10-05 09:28:12,001 [ERROR] ConditionMgr:805 - Attr not supported : Dmpu
2024-10-05 09:28:12,002 [ERROR] ConditionMgr:805 - Attr not supported : Dmpu
2024-10-05 09:28:12,002 [ERROR] ConditionMgr:805 - Attr not supported : Dmpu
2024-10-05 09:28:12,002 [ERROR] ConditionMgr:805 - Attr not supported : Dmpu
2024-10-05 09:28:12,002 [ERROR] ConditionMgr:805 - Attr not supported : Dmpu
2024-10-05 09:28:12,002 [ERROR] ConditionMgr:805 - Attr not supported : Dmpu
2024-10-05 09:28:12,002 [ERROR] ConditionMgr:805 - Attr not supported : Dmpu
2024-10-05 09:28:12,002 [ERROR] ConditionMgr:805 - Attr not supported : Dmpu
2024-10-05 09:28:12,002 [ERROR] ConditionMgr:805 - Attr not supported : Dmpu
2024-10-05 09:28:12,002 [ERROR] ConditionMgr:805 - Attr not supported : Dmpu
2024-10-05 09:28:12,002 [ERROR] ConditionMgr:805 - Attr not supported : Dmpu
2024-10-05 09:28:12,002 [ERROR] ConditionMgr:805 - Attr not supported : Dmpu
2024-10-05 09:28:12,002 [ERROR] ConditionMgr:805 - Attr not supported : Dmpu
2024-10-05 09:28:12,003 [ERROR] ConditionMgr:805 - Attr not supported : Dmpu
2024-10-05 09:28:12,003 [ERROR] ConditionMgr:805 - Attr not supported : Dmpu
2024-10-05 09:28:12,003 [ERROR] ConditionMgr:805 - Attr not supported : Dmpu
2024-10-05 09:28:12,003 [ERROR] ConditionMgr:805 - Attr not supported : Dmpu
2024-10-05 09:28:12,003 [ERROR] ConditionMgr:805 - Attr not supported : Dmpu
2024-10-05 09:28:12,003 [ERROR] ConditionMgr:805 - Attr not supported : Dmpu
2024-10-05 09:28:12,003 [ERROR] ConditionMgr:805 - Attr not supported : Dmpu
2024-10-05 09:28:12,003 [ERROR] ConditionMgr:805 - Attr not supported : Dmpu
2024-10-05 09:28:12,003 [ERROR] ConditionMgr:805 - Attr not supported : Dmpu
2024-10-05 09:28:12,003 [ERROR] ConditionMgr:805 - Attr not supported : Dmpu
2024-10-05 09:28:12,003 [ERROR] ConditionMgr:805 - Attr not supported : Dmpu
2024-10-05 09:28:12,003 [ERROR] ConditionMgr:805 - Attr not supported : Dmpu
2024-10-05 09:28:12,003 [ERROR] ConditionMgr:805 - Attr not supported : Dmpu
2024-10-05 09:28:12,003 [ERROR] ConditionMgr:805 - Attr not supported : Dmpu
2024-10-05 09:28:12,003 [ERROR] ConditionMgr:805 - Attr not supported : Dmpu
2024-10-05 09:28:12,003 [ERROR] ConditionMgr:805 - Attr not supported : Dmpu
2024-10-05 09:28:12,004 [ERROR] ConditionMgr:805 - Attr not supported : Dmpu
2024-10-05 09:28:12,004 [ERROR] ConditionMgr:805 - Attr not supported : Dmpu
2024-10-05 09:28:12,004 [ERROR] ConditionMgr:805 - Attr not supported : Dmpu
2024-10-05 09:28:12,004 [ERROR] ConditionMgr:805 - Attr not supported : Dmpu
2024-10-05 09:28:12,004 [ERROR] ConditionMgr:805 - Attr not supported : Dmpu
2024-10-05 09:28:12,004 [ERROR] ConditionMgr:805 - Attr not supported : Dmpu
2024-10-05 09:28:12,004 [ERROR] ConditionMgr:805 - Attr not supported : Dmpu
2024-10-05 09:28:12,004 [ERROR] ConditionMgr:805 - Attr not supported : Dmpu
2024-10-05 09:28:12,004 [ERROR] ConditionMgr:805 - Attr not supported : Dmpu
2024-10-05 09:28:12,004 [ERROR] ConditionMgr:805 - Attr not supported : Dmpu
2024-10-05 09:28:12,004 [ERROR] ConditionMgr:805 - Attr not supported : Dmpu
2024-10-05 09:28:12,004 [ERROR] ConditionMgr:805 - Attr not supported : Dmpu
2024-10-05 09:28:12,004 [ERROR] ConditionMgr:805 - Attr not supported : Dmpu
2024-10-05 09:28:12,005 [ERROR] ConditionMgr:805 - Attr not supported : Dmpu
2024-10-05 09:28:12,005 [ERROR] ConditionMgr:805 - Attr not supported : Dmpu
2024-10-05 09:28:12,005 [ERROR] ConditionMgr:805 - Attr not supported : Dmpu
2024-10-05 09:28:12,005 [ERROR] ConditionMgr:805 - Attr not supported : Dmpu
2024-10-05 09:28:12,005 [ERROR] ConditionMgr:805 - Attr not supported : Dmpu
2024-10-05 09:28:12,005 [ERROR] ConditionMgr:805 - Attr not supported : Dmpu
2024-10-05 09:28:12,005 [ERROR] ConditionMgr:805 - Attr not supported : Dmpu
2024-10-05 09:28:12,005 [ERROR] ConditionMgr:805 - Attr not supported : Dmpu
2024-10-05 09:28:12,005 [ERROR] ConditionMgr:805 - Attr not supported : Dmpu
2024-10-05 09:28:12,005 [ERROR] ConditionMgr:805 - Attr not supported : Dmpu
2024-10-05 09:28:12,005 [ERROR] ConditionMgr:805 - Attr not supported : Dmpu
2024-10-05 09:28:12,005 [ERROR] ConditionMgr:805 - Attr not supported : Dmpu
2024-10-05 09:28:12,006 [ERROR] ConditionMgr:805 - Attr not supported : Dmpu
2024-10-05 09:28:12,006 [ERROR] ConditionMgr:805 - Attr not supported : Dmpu
2024-10-05 09:28:12,006 [ERROR] ConditionMgr:805 - Attr not supported : Dmpu
2024-10-05 09:28:12,006 [ERROR] ConditionMgr:805 - Attr not supported : Dmpu
2024-10-05 09:28:12,018 [WARN] PackLoader:240 - Cannot read IP mode file for RealThread.X-CUBE-RT-Thread_Nano.4.1.1
2024-10-05 09:28:12,022 [WARN] PackLoader:240 - Cannot read IP mode file for STMicroelectronics.FP-ATR-SIGFOX1.3.2.0
2024-10-05 09:28:12,034 [WARN] PackLoader:240 - Cannot read IP mode file for wolfSSL.I-CUBE-wolfSSL.5.7.2
2024-10-05 09:28:12,048 [WARN] PackLoader:240 - Cannot read IP mode file for STMicroelectronics.X-CUBE-EEPRMA1.5.1.0
2024-10-05 09:28:12,063 [WARN] PackLoader:240 - Cannot read IP mode file for ITTIA_DB.I-CUBE-ITTIADB.8.9.0
2024-10-05 09:28:12,107 [WARN] PackLoader:240 - Cannot read IP mode file for SEGGER.I-CUBE-embOS.1.3.1
2024-10-05 09:28:12,158 [WARN] PackLoader:240 - Cannot read IP mode file for STMicroelectronics.X-CUBE-ALGOBUILD.1.4.0
2024-10-05 09:28:12,161 [WARN] PackLoader:240 - Cannot read IP mode file for STMicroelectronics.X-CUBE-AI.9.1.0
2024-10-05 09:28:12,174 [WARN] PackLoader:240 - Cannot read IP mode file for STMicroelectronics.X-CUBE-GNSS1.6.0.0
2024-10-05 09:28:12,207 [WARN] PackLoader:240 - Cannot read IP mode file for STMicroelectronics.X-CUBE-AZRTOS-F4.1.1.0
2024-10-05 09:28:12,221 [WARN] PackLoader:240 - Cannot read IP mode file for STMicroelectronics.X-CUBE-ISPU.2.1.0
2024-10-05 09:28:12,239 [WARN] PackLoader:240 - Cannot read IP mode file for STMicroelectronics.X-CUBE-FREERTOS.1.2.0
2024-10-05 09:28:12,269 [WARN] PackLoader:240 - Cannot read IP mode file for STMicroelectronics.X-CUBE-AZRTOS-L5.2.0.0
2024-10-05 09:28:12,288 [WARN] PackLoader:240 - Cannot read IP mode file for STMicroelectronics.X-CUBE-NFC6.3.1.0
2024-10-05 09:28:12,305 [WARN] PackLoader:240 - Cannot read IP mode file for STMicroelectronics.X-CUBE-DPower.1.2.0
2024-10-05 09:28:12,326 [WARN] PackLoader:240 - Cannot read IP mode file for STMicroelectronics.X-CUBE-AI.9.0.0
2024-10-05 09:28:12,342 [WARN] PackLoader:240 - Cannot read IP mode file for STMicroelectronics.X-CUBE-NFC7.1.0.1
2024-10-05 09:28:12,347 [WARN] PackLoader:240 - Cannot read IP mode file for wolfSSL.I-CUBE-wolfTPM.3.2.0
2024-10-05 09:28:12,381 [WARN] ConditionMgr:438 - getConditionDescription Invalid condition id : LAN8742 Phy interface Condition cause : null
2024-10-05 09:28:12,381 [WARN] PackLoader:240 - Cannot read IP mode file for STMicroelectronics.X-CUBE-AZRTOS-L4.2.0.0
2024-10-05 09:28:12,383 [WARN] ConditionMgr:1039 - genDependencies : Invalid condition id : LAN8742 Phy interface Condition cause : null
2024-10-05 09:28:12,383 [WARN] ConditionMgr:1039 - genDependencies : Invalid condition id : LAN8742 Phy interface Condition cause : null
2024-10-05 09:28:12,384 [WARN] ConditionMgr:1039 - genDependencies : Invalid condition id : LAN8742 Phy interface Condition cause : null
2024-10-05 09:28:12,400 [WARN] PackLoader:240 - Cannot read IP mode file for STMicroelectronics.X-CUBE-SFXS2LP1.4.0.0
2024-10-05 09:28:12,437 [WARN] PackLoader:240 - Cannot read IP mode file for STMicroelectronics.X-CUBE-AZRTOS-H7.3.3.0
2024-10-05 09:28:12,451 [WARN] PackLoader:240 - Cannot read IP mode file for STMicroelectronics.X-CUBE-IPS.3.0.0
2024-10-05 09:28:12,478 [WARN] ConditionMgr:438 - getConditionDescription Invalid condition id : UX DEVICE CLASS RTOS Condition cause : null
2024-10-05 09:28:12,478 [WARN] ConditionMgr:438 - getConditionDescription Invalid condition id : UX DEVICE CLASS RTOS Condition cause : null
2024-10-05 09:28:12,480 [WARN] PackLoader:240 - Cannot read IP mode file for STMicroelectronics.X-CUBE-AZRTOS-WB.2.0.0
2024-10-05 09:28:12,480 [WARN] ConditionMgr:1039 - genDependencies : Invalid condition id : UX DEVICE CLASS RTOS Condition cause : null
2024-10-05 09:28:12,480 [WARN] ConditionMgr:1039 - genDependencies : Invalid condition id : UX DEVICE CLASS RTOS Condition cause : null
2024-10-05 09:28:12,481 [WARN] ConditionMgr:1039 - genDependencies : Invalid condition id : UX DEVICE CLASS RTOS Condition cause : null
2024-10-05 09:28:12,481 [WARN] ConditionMgr:1039 - genDependencies : Invalid condition id : UX DEVICE CLASS RTOS Condition cause : null
2024-10-05 09:28:12,481 [WARN] ConditionMgr:1039 - genDependencies : Invalid condition id : UX DEVICE CLASS RTOS Condition cause : null
2024-10-05 09:28:12,493 [WARN] PackLoader:240 - Cannot read IP mode file for STMicroelectronics.X-CUBE-GNSS1.7.0.0
2024-10-05 09:28:12,510 [WARN] PackLoader:240 - Cannot read IP mode file for STMicroelectronics.FP-SNS-STBOX1.2.0.0
2024-10-05 09:28:12,529 [WARN] PackLoader:240 - Cannot read IP mode file for STMicroelectronics.X-CUBE-SUBG2.5.0.0
2024-10-05 09:28:12,537 [WARN] PackLoader:240 - Cannot read IP mode file for Cesanta.I-CUBE-Mongoose.7.13.0
2024-10-05 09:28:12,561 [WARN] PackLoader:240 - Cannot read IP mode file for STMicroelectronics.X-CUBE-AZRTOS-G4.2.0.0
2024-10-05 09:28:12,573 [WARN] PackLoader:240 - Cannot read IP mode file for STMicroelectronics.X-CUBE-ISPU.2.0.0
2024-10-05 09:28:12,584 [WARN] PackLoader:240 - Cannot read IP mode file for STMicroelectronics.X-CUBE-ALS.1.0.2
2024-10-05 09:28:12,629 [WARN] PackLoader:240 - Cannot read IP mode file for STMicroelectronics.X-CUBE-MEMS1.10.0.0
2024-10-05 09:28:12,727 [WARN] PackLoader:240 - Cannot read IP mode file for STMicroelectronics.X-CUBE-TOUCHGFX.4.24.0
2024-10-05 09:28:12,737 [WARN] PackLoader:240 - Cannot read IP mode file for STMicroelectronics.X-CUBE-TOUCHGFX.4.24.1
2024-10-05 09:28:12,748 [WARN] PackLoader:240 - Cannot read IP mode file for portGmbH.I-Cube-SoM-uGOAL.1.1.0
2024-10-05 09:28:12,776 [WARN] PackLoader:240 - Cannot read IP mode file for STMicroelectronics.X-CUBE-AZRTOS-H7RS.1.0.0
2024-10-05 09:28:12,782 [WARN] PackLoader:240 - Cannot read IP mode file for STMicroelectronics.FP-ATR-ASTRA1.2.0.0
2024-10-05 09:28:12,800 [WARN] PackLoader:240 - Cannot read IP mode file for STMicroelectronics.X-CUBE-TOF1.3.4.2
2024-10-05 09:28:12,827 [WARN] PackLoader:240 - Cannot read IP mode file for STMicroelectronics.X-CUBE-TOF1.3.4.1
2024-10-05 09:28:12,861 [WARN] PackLoader:240 - Cannot read IP mode file for STMicroelectronics.X-CUBE-AZRTOS-H7.3.2.0
2024-10-05 09:28:12,885 [WARN] PackLoader:240 - Cannot read IP mode file for Infineon.AIROC-Wi-Fi-Bluetooth-STM32.1.6.0
2024-10-05 09:28:12,892 [WARN] PackLoader:240 - Cannot read IP mode file for wolfSSL.I-CUBE-wolfSSH.1.4.17
2024-10-05 09:28:12,892 [INFO] ThirdParty:978 - Integrity check success = true
2024-10-05 09:28:12,892 [INFO] IntegrityCheckThread:100 - exiting critical section [integrity check]
2024-10-05 09:28:12,892 [INFO] IntegrityCheckThread:103 - End integrity checks thread
2024-10-05 09:28:15,441 [INFO] WebApp:161 - Instantiating new browser for Auth
2024-10-05 09:28:16,119 [INFO] WebApp:779 - Register for checkConnection events
2024-10-05 09:28:16,119 [INFO] WebApp:414 - Apply proxy settings
2024-10-05 09:28:16,119 [INFO] WebApp:499 - Chromium requires no authentication
2024-10-05 09:28:16,129 [INFO] WebApp:442 - Direct internet connection detected
2024-10-05 09:28:16,340 [INFO] WebApp:192 - Starting web application
2024-10-05 09:28:16,340 [INFO] WebApp:544 - Web application path used C:\ST\STM32CubeIDE_1.15.1\STM32CubeIDE\plugins\com.st.stm32cube.common.mx_6.11.1.202404110753\db\plugins\mcufinder\reactClient1\index.html
