2024-10-17 09:47:32,672 [INFO] Activator:176 - 


2024-10-17 09:47:32,677 [INFO] Activator:177 - !SESSION log4j initialized
2024-10-17 09:47:38,958 [INFO] LogOutputStream:77 - [STDOUT_REDIRECT] 
2024-10-17 09:47:39,248 [ERROR] ConfigurationRetriever:142 - IOException on connection: sw-center.st.com
2024-10-17 09:47:39,249 [ERROR] ConfigurationRetriever:142 - IOException on connection: sw-center.st.com
2024-10-17 09:47:39,249 [ERROR] ConfigurationRetriever:142 - IOException on connection: sw-center.st.com
2024-10-17 09:47:39,251 [ERROR] ConfigurationRetriever:142 - IOException on connection: sw-center.st.com
2024-10-17 09:47:39,253 [ERROR] ConfigurationRetriever:142 - IOException on connection: sw-center.st.com
2024-10-17 09:47:39,254 [ERROR] ConfigurationRetriever:142 - IOException on connection: sw-center.st.com
2024-10-17 09:47:42,491 [INFO] ApplicationProperties:184 - Using Application install path: C:\ST\STM32CubeIDE_1.15.1\STM32CubeIDE\plugins\com.st.stm32cube.common.mx_6.11.1.202404110753
2024-10-17 09:47:42,510 [INFO] DbMcusXml:78 - Set database path to: C:\ST\STM32CubeIDE_1.15.1\STM32CubeIDE\plugins\com.st.stm32cube.common.mx_6.11.1.202404110753\\db\/mcu/
2024-10-17 09:47:42,510 [INFO] ApiDb:274 - Set plugin database path to: C:\ST\STM32CubeIDE_1.15.1\STM32CubeIDE\plugins\com.st.stm32cube.common.mx_6.11.1.202404110753\\db\/plugins/boardmanager/
2024-10-17 09:47:42,511 [WARN] ApiDb:259 - Overriding images path with different value:  => C:\ST\STM32CubeIDE_1.15.1\STM32CubeIDE\plugins\com.st.stm32cube.common.mx_6.11.1.202404110753\\db\/plugins/mcufinder/images/
2024-10-17 09:47:42,519 [INFO] ApiDb:250 - Set database path to: C:\Users\Asif\.stmcufinder\plugins\mcufinder//mcu/
2024-10-17 09:47:42,520 [INFO] DbMcusAds:125 - Set database path to: C:\Users\Asif\.stmcufinder\plugins\mcufinder//mcu/
2024-10-17 09:47:42,521 [INFO] CrossReferenceDbSqlite:203 - Set database path to: C:\Users\Asif\.stmcufinder\plugins\mcufinder//mcu/cs/
2024-10-17 09:47:42,640 [INFO] RulesReader:64 - Compatibility file has been processed (297 Rules)
2024-10-17 09:47:42,727 [INFO] DbMcusXml:78 - Set database path to: C:\ST\STM32CubeIDE_1.15.1\STM32CubeIDE\plugins\com.st.stm32cube.common.mx_6.11.1.202404110753\\db\/mcu/
2024-10-17 09:47:42,727 [INFO] ApiDb:274 - Set plugin database path to: C:\ST\STM32CubeIDE_1.15.1\STM32CubeIDE\plugins\com.st.stm32cube.common.mx_6.11.1.202404110753\\db\/plugins/boardmanager/
2024-10-17 09:47:42,727 [INFO] ApiDb:261 - Set plugin images path to: C:\ST\STM32CubeIDE_1.15.1\STM32CubeIDE\plugins\com.st.stm32cube.common.mx_6.11.1.202404110753\\db\/plugins/mcufinder/images/
2024-10-17 09:47:42,728 [WARN] DbFile:41 - Overriding database path with different value: C:\Users\Asif\.stmcufinder\plugins\mcufinder/ => C:\Users\Asif\.stmcufinder\plugins\mcufinder
2024-10-17 09:47:42,728 [INFO] ApiDb:250 - Set database path to: C:\Users\Asif\.stmcufinder\plugins\mcufinder//mcu/
2024-10-17 09:47:42,728 [WARN] DbFile:41 - Overriding database path with different value: C:\Users\Asif\.stmcufinder\plugins\mcufinder/ => C:\Users\Asif\.stmcufinder\plugins\mcufinder
2024-10-17 09:47:42,728 [INFO] DbMcusAds:125 - Set database path to: C:\Users\Asif\.stmcufinder\plugins\mcufinder//mcu/
2024-10-17 09:47:42,728 [WARN] DbFile:41 - Overriding database path with different value: C:\Users\Asif\.stmcufinder\plugins\mcufinder/ => C:\Users\Asif\.stmcufinder\plugins\mcufinder
2024-10-17 09:47:42,728 [WARN] DbFile:41 - Overriding database path with different value: C:\Users\Asif\.stmcufinder\plugins\mcufinder/ => C:\Users\Asif\.stmcufinder\plugins\mcufinder
2024-10-17 09:47:42,728 [INFO] CrossReferenceDbSqlite:203 - Set database path to: C:\Users\Asif\.stmcufinder\plugins\mcufinder//mcu/cs/
2024-10-17 09:47:42,807 [INFO] MainPanel:264 - HeapMemory: 268435456
2024-10-17 09:47:42,906 [INFO] DbMcusXml:78 - Set database path to: C:\ST\STM32CubeIDE_1.15.1\STM32CubeIDE\plugins\com.st.stm32cube.common.mx_6.11.1.202404110753\\db\/mcu/
2024-10-17 09:47:42,906 [INFO] ApiDb:274 - Set plugin database path to: C:\ST\STM32CubeIDE_1.15.1\STM32CubeIDE\plugins\com.st.stm32cube.common.mx_6.11.1.202404110753\\db\/plugins/boardmanager/
2024-10-17 09:47:42,906 [INFO] ApiDb:261 - Set plugin images path to: C:\ST\STM32CubeIDE_1.15.1\STM32CubeIDE\plugins\com.st.stm32cube.common.mx_6.11.1.202404110753\\db\/plugins/mcufinder/images/
2024-10-17 09:47:42,906 [WARN] DbFile:41 - Overriding database path with different value: C:\Users\Asif\.stmcufinder\plugins\mcufinder/ => C:\Users\Asif\.stmcufinder\plugins\mcufinder
2024-10-17 09:47:42,906 [INFO] ApiDb:250 - Set database path to: C:\Users\Asif\.stmcufinder\plugins\mcufinder//mcu/
2024-10-17 09:47:42,906 [WARN] DbFile:41 - Overriding database path with different value: C:\Users\Asif\.stmcufinder\plugins\mcufinder/ => C:\Users\Asif\.stmcufinder\plugins\mcufinder
2024-10-17 09:47:42,907 [INFO] DbMcusAds:125 - Set database path to: C:\Users\Asif\.stmcufinder\plugins\mcufinder//mcu/
2024-10-17 09:47:42,907 [WARN] DbFile:41 - Overriding database path with different value: C:\Users\Asif\.stmcufinder\plugins\mcufinder/ => C:\Users\Asif\.stmcufinder\plugins\mcufinder
2024-10-17 09:47:42,907 [WARN] DbFile:41 - Overriding database path with different value: C:\Users\Asif\.stmcufinder\plugins\mcufinder/ => C:\Users\Asif\.stmcufinder\plugins\mcufinder
2024-10-17 09:47:42,907 [INFO] CrossReferenceDbSqlite:203 - Set database path to: C:\Users\Asif\.stmcufinder\plugins\mcufinder//mcu/cs/
2024-10-17 09:47:42,924 [INFO] ApplicationProperties:184 - Using Application install path: C:\ST\STM32CubeIDE_1.15.1\STM32CubeIDE\plugins\com.st.stm32cube.common.mx_6.11.1.202404110753
2024-10-17 09:47:42,926 [INFO] PluginManage:196 - Search for loadable plugins [exclusion list=, ]
2024-10-17 09:47:42,927 [INFO] PluginManage:310 - Check plugin analytics
2024-10-17 09:47:43,113 [INFO] AnalyticsPlugin:253 - Accepted Software Licenses: 
2024-10-17 09:47:43,113 [INFO] AnalyticsPlugin:255 - Accepted CMSIS Pack Licenses: 
2024-10-17 09:47:43,113 [INFO] AnalyticsPlugin:257 - Accepted Firmware Licenses: FW.F4.1.28.0
2024-10-17 09:47:43,116 [INFO] PluginManage:359 - Loaded plugin analytics (category:tool,tabindex:-1)
2024-10-17 09:47:43,117 [INFO] PluginManage:310 - Check plugin cadmodel
2024-10-17 09:47:43,117 [ERROR] ConfigurationRetriever:142 - IOException on connection: sw-center.st.com
2024-10-17 09:47:43,118 [ERROR] ConfigurationRetriever:142 - IOException on connection: sw-center.st.com
2024-10-17 09:47:43,118 [ERROR] ConfigurationRetriever:142 - IOException on connection: sw-center.st.com
2024-10-17 09:47:43,134 [INFO] CADModel:105 - Init CAD model plugin
2024-10-17 09:47:43,134 [INFO] PluginManage:359 - Loaded plugin cadmodel (category:power,tabindex:5)
2024-10-17 09:47:43,135 [INFO] PluginManage:310 - Check plugin clock
2024-10-17 09:47:43,157 [INFO] PluginManage:359 - Loaded plugin clock (category:base,tabindex:2)
2024-10-17 09:47:43,157 [INFO] PluginManage:310 - Check plugin ddr
2024-10-17 09:47:43,160 [INFO] PluginManage:359 - Loaded plugin ddr (category:tool,tabindex:6)
2024-10-17 09:47:43,160 [INFO] PluginManage:310 - Check plugin filemanager
2024-10-17 09:47:43,321 [INFO] PluginManage:359 - Loaded plugin filemanager (category:base,tabindex:10)
2024-10-17 09:47:43,321 [INFO] PluginManage:310 - Check plugin ipmanager
2024-10-17 09:47:43,328 [INFO] PluginManage:359 - Loaded plugin ipmanager (category:base,tabindex:5)
2024-10-17 09:47:43,329 [INFO] PluginManage:310 - Check plugin lpbam
2024-10-17 09:47:43,346 [INFO] PluginManage:359 - Loaded plugin lpbam (category:base,tabindex:0)
2024-10-17 09:47:43,347 [INFO] PluginManage:310 - Check plugin memorymap
2024-10-17 09:47:43,370 [INFO] PluginManage:359 - Loaded plugin memorymap (category:base,tabindex:4)
2024-10-17 09:47:43,371 [INFO] PluginManage:310 - Check plugin pinoutandconfiguration
2024-10-17 09:47:43,387 [INFO] PluginManage:359 - Loaded plugin pinoutandconfiguration (category:base,tabindex:1)
2024-10-17 09:47:43,387 [INFO] PluginManage:310 - Check plugin pinoutconfig
2024-10-17 09:47:43,485 [WARN] SupportedApi:132 - Cannot load RTOS API schema: s4s-elt-must-match.1: The content of 'definitions' must match (annotation?, (simpleType | complexType)?, (unique | key | keyref)*)). A problem was found starting at: attribute.
2024-10-17 09:47:43,627 [INFO] PluginManage:359 - Loaded plugin pinoutconfig (category:base,tabindex:0)
2024-10-17 09:47:43,627 [INFO] PluginManage:310 - Check plugin power
2024-10-17 09:47:43,647 [INFO] PluginManage:359 - Loaded plugin power (category:power,tabindex:4)
2024-10-17 09:47:43,647 [INFO] PluginManage:310 - Check plugin projectmanager
2024-10-17 09:47:43,663 [INFO] PluginManage:359 - Loaded plugin projectmanager (category:projectmanager,tabindex:3)
2024-10-17 09:47:43,664 [INFO] PluginManage:310 - Check plugin thirdparty
2024-10-17 09:47:43,920 [INFO] PluginManage:359 - Loaded plugin thirdparty (category:base,tabindex:-1)
2024-10-17 09:47:43,920 [WARN] IntegrityCheckThread:84 - waiting for thirdparty lock release [integrity check]
2024-10-17 09:47:43,920 [INFO] PluginManage:310 - Check plugin tools
2024-10-17 09:47:43,920 [INFO] IntegrityCheckThread:86 - entering critical section [integrity check]
2024-10-17 09:47:43,921 [INFO] ThirdPartyUpdaterWithRetryManager:70 - Updater plugin not ready yet. [1/15]
2024-10-17 09:47:43,954 [INFO] PluginManage:359 - Loaded plugin tools (category:base,tabindex:7)
2024-10-17 09:47:43,954 [INFO] PluginManage:310 - Check plugin tutovideos
2024-10-17 09:47:44,181 [INFO] PluginManage:359 - Loaded plugin tutovideos (category:base,tabindex:-1)
2024-10-17 09:47:44,181 [INFO] PluginManage:310 - Check plugin updater
2024-10-17 09:47:44,192 [INFO] PluginManage:359 - Loaded plugin updater (category:base,tabindex:12)
2024-10-17 09:47:44,192 [INFO] PluginManage:310 - Check plugin userauth
2024-10-17 09:47:44,198 [INFO] UserAuth:114 - Init User Auth plugin
2024-10-17 09:47:44,198 [INFO] PluginManage:359 - Loaded plugin userauth (category:base,tabindex:14)
2024-10-17 09:47:44,198 [INFO] PluginManage:283 - PluginManage : Loaded plugins [17]
2024-10-17 09:47:44,428 [INFO] PinOutPanel:1561 - setPackage(No Configuration,No Configuration)
2024-10-17 09:47:44,503 [INFO] CADModel:165 - CPN selected for project level
2024-10-17 09:47:44,503 [INFO] CADModel:114 - Register for checkConnection events
2024-10-17 09:47:44,529 [INFO] IPUIPlugin:80 - create IPUIPlugin
2024-10-17 09:47:44,529 [INFO] PluginManager:220 - loadIPPluginJar : add adc
2024-10-17 09:47:44,567 [INFO] IPUIPlugin:80 - create IPUIPlugin
2024-10-17 09:47:44,567 [INFO] PluginManager:220 - loadIPPluginJar : add aes
2024-10-17 09:47:44,609 [INFO] IPUIPlugin:80 - create IPUIPlugin
2024-10-17 09:47:44,609 [INFO] PluginManager:220 - loadIPPluginJar : add can
2024-10-17 09:47:44,634 [INFO] IPUIPlugin:80 - create IPUIPlugin
2024-10-17 09:47:44,634 [INFO] PluginManager:220 - loadIPPluginJar : add comp
2024-10-17 09:47:44,668 [INFO] IPUIPlugin:80 - create IPUIPlugin
2024-10-17 09:47:44,669 [INFO] PluginManager:220 - loadIPPluginJar : add cryp
2024-10-17 09:47:44,698 [INFO] IPUIPlugin:80 - create IPUIPlugin
2024-10-17 09:47:44,698 [INFO] PluginManager:220 - loadIPPluginJar : add dfsdm
2024-10-17 09:47:44,712 [INFO] IPUIPlugin:80 - create IPUIPlugin
2024-10-17 09:47:44,713 [INFO] PluginManager:220 - loadIPPluginJar : add dma
2024-10-17 09:47:44,756 [INFO] IPUIPlugin:80 - create IPUIPlugin
2024-10-17 09:47:44,756 [INFO] PluginManager:220 - loadIPPluginJar : add dma3
2024-10-17 09:47:44,804 [INFO] IPUIPlugin:80 - create IPUIPlugin
2024-10-17 09:47:44,804 [INFO] PluginManager:220 - loadIPPluginJar : add extmemmanager
2024-10-17 09:47:44,825 [INFO] IPUIPlugin:80 - create IPUIPlugin
2024-10-17 09:47:44,825 [INFO] PluginManager:220 - loadIPPluginJar : add fatfs
2024-10-17 09:47:44,874 [INFO] IPUIPlugin:80 - create IPUIPlugin
2024-10-17 09:47:44,874 [INFO] PluginManager:220 - loadIPPluginJar : add fmc
2024-10-17 09:47:44,890 [INFO] IPUIPlugin:80 - create IPUIPlugin
2024-10-17 09:47:44,890 [INFO] PluginManager:220 - loadIPPluginJar : add freertos
2024-10-17 09:47:44,910 [INFO] IPUIPlugin:80 - create IPUIPlugin
2024-10-17 09:47:44,910 [INFO] PluginManager:220 - loadIPPluginJar : add genericplugin
2024-10-17 09:47:45,005 [INFO] IPUIPlugin:80 - create IPUIPlugin
2024-10-17 09:47:45,005 [INFO] PluginManager:220 - loadIPPluginJar : add gfxmmu
2024-10-17 09:47:45,135 [INFO] IPUIPlugin:80 - create IPUIPlugin
2024-10-17 09:47:45,136 [INFO] PluginManager:220 - loadIPPluginJar : add gic
2024-10-17 09:47:45,149 [INFO] IPUIPlugin:80 - create IPUIPlugin
2024-10-17 09:47:45,149 [INFO] PluginManager:220 - loadIPPluginJar : add gpio
2024-10-17 09:47:45,244 [INFO] IPUIPlugin:80 - create IPUIPlugin
2024-10-17 09:47:45,244 [INFO] PluginManager:220 - loadIPPluginJar : add gtzc
2024-10-17 09:47:45,278 [INFO] IPUIPlugin:80 - create IPUIPlugin
2024-10-17 09:47:45,278 [INFO] PluginManager:220 - loadIPPluginJar : add hash
2024-10-17 09:47:45,331 [INFO] IPUIPlugin:80 - create IPUIPlugin
2024-10-17 09:47:45,331 [INFO] PluginManager:220 - loadIPPluginJar : add i2c
2024-10-17 09:47:45,373 [INFO] IPUIPlugin:80 - create IPUIPlugin
2024-10-17 09:47:45,374 [INFO] PluginManager:220 - loadIPPluginJar : add i2s
2024-10-17 09:47:45,416 [INFO] IPUIPlugin:80 - create IPUIPlugin
2024-10-17 09:47:45,416 [INFO] PluginManager:220 - loadIPPluginJar : add i3c
2024-10-17 09:47:45,529 [INFO] IPUIPlugin:80 - create IPUIPlugin
2024-10-17 09:47:45,529 [INFO] PluginManager:220 - loadIPPluginJar : add ipddr
2024-10-17 09:47:45,620 [INFO] IPUIPlugin:80 - create IPUIPlugin
2024-10-17 09:47:45,620 [INFO] PluginManager:220 - loadIPPluginJar : add linkedlist
2024-10-17 09:47:45,656 [INFO] IPUIPlugin:80 - create IPUIPlugin
2024-10-17 09:47:45,656 [INFO] PluginManager:220 - loadIPPluginJar : add lorawan
2024-10-17 09:47:45,694 [INFO] IPUIPlugin:80 - create IPUIPlugin
2024-10-17 09:47:45,694 [INFO] PluginManager:220 - loadIPPluginJar : add ltdc
2024-10-17 09:47:45,710 [INFO] IPUIPlugin:80 - create IPUIPlugin
2024-10-17 09:47:45,710 [INFO] PluginManager:220 - loadIPPluginJar : add mdma
2024-10-17 09:47:45,722 [INFO] IPUIPlugin:80 - create IPUIPlugin
2024-10-17 09:47:45,722 [INFO] PluginManager:220 - loadIPPluginJar : add nvic
2024-10-17 09:47:45,760 [INFO] IPUIPlugin:80 - create IPUIPlugin
2024-10-17 09:47:45,760 [INFO] PluginManager:220 - loadIPPluginJar : add opamp
2024-10-17 09:47:45,818 [INFO] IPUIPlugin:80 - create IPUIPlugin
2024-10-17 09:47:45,818 [INFO] PluginManager:220 - loadIPPluginJar : add openamp
2024-10-17 09:47:45,860 [INFO] IPUIPlugin:80 - create IPUIPlugin
2024-10-17 09:47:45,860 [INFO] PluginManager:220 - loadIPPluginJar : add pdm2pcm
2024-10-17 09:47:45,874 [INFO] IPUIPlugin:80 - create IPUIPlugin
2024-10-17 09:47:45,876 [INFO] PluginManager:220 - loadIPPluginJar : add plateformsettings
2024-10-17 09:47:45,898 [INFO] IPUIPlugin:80 - create IPUIPlugin
2024-10-17 09:47:45,898 [INFO] PluginManager:220 - loadIPPluginJar : add quadspi
2024-10-17 09:47:45,910 [INFO] IPUIPlugin:80 - create IPUIPlugin
2024-10-17 09:47:45,910 [INFO] PluginManager:220 - loadIPPluginJar : add resmgrutility
2024-10-17 09:47:45,961 [INFO] IPUIPlugin:80 - create IPUIPlugin
2024-10-17 09:47:45,961 [INFO] PluginManager:220 - loadIPPluginJar : add sai
2024-10-17 09:47:45,999 [INFO] IPUIPlugin:80 - create IPUIPlugin
2024-10-17 09:47:45,999 [INFO] PluginManager:220 - loadIPPluginJar : add spi
2024-10-17 09:47:46,069 [INFO] IPUIPlugin:80 - create IPUIPlugin
2024-10-17 09:47:46,069 [INFO] PluginManager:220 - loadIPPluginJar : add stm32_wpan
2024-10-17 09:47:46,093 [INFO] IPUIPlugin:80 - create IPUIPlugin
2024-10-17 09:47:46,093 [INFO] PluginManager:220 - loadIPPluginJar : add tim
2024-10-17 09:47:46,156 [INFO] IPUIPlugin:80 - create IPUIPlugin
2024-10-17 09:47:46,156 [INFO] PluginManager:220 - loadIPPluginJar : add touchsensing
2024-10-17 09:47:46,181 [INFO] IPUIPlugin:80 - create IPUIPlugin
2024-10-17 09:47:46,182 [INFO] PluginManager:220 - loadIPPluginJar : add tracer_emb
2024-10-17 09:47:46,208 [INFO] IPUIPlugin:80 - create IPUIPlugin
2024-10-17 09:47:46,208 [INFO] PluginManager:220 - loadIPPluginJar : add ts
2024-10-17 09:47:46,229 [INFO] IPUIPlugin:80 - create IPUIPlugin
2024-10-17 09:47:46,229 [INFO] PluginManager:220 - loadIPPluginJar : add tsc
2024-10-17 09:47:46,261 [INFO] IPUIPlugin:80 - create IPUIPlugin
2024-10-17 09:47:46,261 [INFO] PluginManager:220 - loadIPPluginJar : add ucpd
2024-10-17 09:47:46,321 [INFO] IPUIPlugin:80 - create IPUIPlugin
2024-10-17 09:47:46,321 [INFO] PluginManager:220 - loadIPPluginJar : add usart
2024-10-17 09:47:46,382 [INFO] IPUIPlugin:80 - create IPUIPlugin
2024-10-17 09:47:46,382 [INFO] PluginManager:220 - loadIPPluginJar : add usbx
2024-10-17 09:47:46,522 [INFO] CADModel:165 - CPN selected for project level
2024-10-17 09:47:46,522 [INFO] CADModel:114 - Register for checkConnection events
2024-10-17 09:47:46,522 [FATAL] Updater:308 - Updater called before beeing initialized
2024-10-17 09:47:46,522 [ERROR] CADModel:125 - Updater not yet initialized, retry later 
2024-10-17 09:47:46,660 [INFO] CADModel:165 - CPN selected for project level
2024-10-17 09:47:46,660 [INFO] CADModel:114 - Register for checkConnection events
2024-10-17 09:47:46,660 [FATAL] Updater:308 - Updater called before beeing initialized
2024-10-17 09:47:46,660 [ERROR] CADModel:125 - Updater not yet initialized, retry later 
2024-10-17 09:47:46,664 [FATAL] Updater:308 - Updater called before beeing initialized
2024-10-17 09:47:46,773 [FATAL] Updater:308 - Updater called before beeing initialized
2024-10-17 09:47:46,785 [INFO] DbMcusAds:53 - JSON generation date=Fri Sep 20 18:04:23 PKT 2024 (1726837463113)
2024-10-17 09:47:46,785 [FATAL] Updater:308 - Updater called before beeing initialized
2024-10-17 09:47:46,878 [WARN] DetailPanel:346 - Failed to get advertising image, set to default
2024-10-17 09:47:46,922 [INFO] ThirdPartyUpdaterWithRetryManager:70 - Updater plugin not ready yet. [2/15]
2024-10-17 09:47:46,990 [FATAL] Updater:308 - Updater called before beeing initialized
2024-10-17 09:47:46,992 [FATAL] Updater:308 - Updater called before beeing initialized
2024-10-17 09:47:46,992 [FATAL] Updater:308 - Updater called before beeing initialized
2024-10-17 09:47:46,992 [WARN] DetailPanel:346 - Failed to get advertising image, set to default
2024-10-17 09:47:46,993 [FATAL] Updater:308 - Updater called before beeing initialized
2024-10-17 09:47:47,058 [ERROR] Updater:1120 - MainUpdater not yet initialized. External WinMGr cannot be set.
2024-10-17 09:47:47,071 [INFO] Updater:1056 - Updater Version found : 6.11.1
2024-10-17 09:47:47,091 [INFO] ApplicationProperties:184 - Using Application install path: C:\ST\STM32CubeIDE_1.15.1\STM32CubeIDE\plugins\com.st.stm32cube.common.mx_6.11.1.202404110753
2024-10-17 09:47:48,667 [ERROR] LogOutputStream:75 - [STDERR_REDIRECT] Oct 17, 2024 9:47:48 AM java.util.prefs.WindowsPreferences <init>
2024-10-17 09:47:48,668 [ERROR] LogOutputStream:75 - [STDERR_REDIRECT] WARNING: Could not open/create prefs root node Software\JavaSoft\Prefs at root 0xffffffff80000002. Windows RegCreateKeyEx(...) returned error code 5.
2024-10-17 09:47:48,668 [ERROR] LogOutputStream:75 - [STDERR_REDIRECT] 
2024-10-17 09:47:48,900 [INFO] MainUpdater:2873 - connection check result : 22
2024-10-17 09:47:48,901 [INFO] MainUpdater:290 - Updater Check For Update Now.
2024-10-17 09:47:48,901 [INFO] MicroXplorer:498 - Change Database Version : DB.6.0.111
2024-10-17 09:47:48,918 [INFO] McuFinderGlobals:63 - Set McuFinder mode to 2 (CubeIDE integrated)
2024-10-17 09:47:48,935 [INFO] UserAuth:415 - Internet connection configuration mode: 2
2024-10-17 09:47:49,129 [INFO] CheckServerUpdateThread:120 - End of CheckServer Thread
2024-10-17 09:47:50,117 [WARN] PackLoader:240 - Cannot read IP mode file for STMicroelectronics.FP-SNS-MOTENVWB1.1.4.0
2024-10-17 09:47:50,138 [WARN] PackLoader:240 - Cannot read IP mode file for STMicroelectronics.X-CUBE-SMBUS.2.1.0
2024-10-17 09:47:50,155 [WARN] PackLoader:240 - Cannot read IP mode file for STMicroelectronics.X-CUBE-WB05N.1.1.0
2024-10-17 09:47:50,196 [WARN] PackLoader:240 - Cannot read IP mode file for STMicroelectronics.X-CUBE-AZRTOS-F7.1.1.0
2024-10-17 09:47:50,266 [WARN] PackLoader:240 - Cannot read IP mode file for STMicroelectronics.X-CUBE-MEMS1.11.0.0
2024-10-17 09:47:50,428 [WARN] PackLoader:240 - Cannot read IP mode file for STMicroelectronics.FP-SNS-FLIGHT1.5.0.2
2024-10-17 09:47:50,444 [WARN] PackLoader:240 - Cannot read IP mode file for STMicroelectronics.X-CUBE-DISPLAY.3.0.0
2024-10-17 09:47:50,460 [WARN] PackLoader:240 - Cannot read IP mode file for STMicroelectronics.X-CUBE-BLE1.7.0.0
2024-10-17 09:47:50,473 [WARN] PackLoader:240 - Cannot read IP mode file for STMicroelectronics.X-CUBE-NFC10.1.0.0
2024-10-17 09:47:50,488 [WARN] PackLoader:240 - Cannot read IP mode file for emotas.I-CUBE-CANOPEN.1.3.0
2024-10-17 09:47:50,505 [WARN] PackLoader:240 - Cannot read IP mode file for STMicroelectronics.X-CUBE-BLEMGR.3.1.0
2024-10-17 09:47:50,519 [WARN] PackLoader:240 - Cannot read IP mode file for STMicroelectronics.FP-SNS-SMARTAG2.1.2.0
2024-10-17 09:47:50,540 [INFO] LogOutputStream:77 - [STDOUT_REDIRECT] 1 : Invalid condition id : UX_CORESTACK_Condition cause : null
2024-10-17 09:47:50,542 [INFO] LogOutputStream:77 - [STDOUT_REDIRECT] 1 : Invalid condition id : UX_CORESTACK_Condition cause : null
2024-10-17 09:47:50,543 [INFO] LogOutputStream:77 - [STDOUT_REDIRECT] 1 : Invalid condition id : UX_CORESTACK_Condition cause : null
2024-10-17 09:47:50,544 [INFO] LogOutputStream:77 - [STDOUT_REDIRECT] 1 : Invalid condition id : UX_CORESTACK_Condition cause : null
2024-10-17 09:47:50,545 [INFO] LogOutputStream:77 - [STDOUT_REDIRECT] 1 : Invalid condition id : UX_CORESTACK_Condition cause : null
2024-10-17 09:47:50,547 [WARN] PackLoader:240 - Cannot read IP mode file for STMicroelectronics.X-CUBE-AZRTOS-WL.2.0.0
2024-10-17 09:47:50,561 [WARN] PackLoader:240 - Cannot read IP mode file for STMicroelectronics.FP-SNS-MOTENV1.5.0.0
2024-10-17 09:47:50,573 [WARN] PackLoader:240 - Cannot read IP mode file for wolfSSL.I-CUBE-wolfMQTT.1.19.0
2024-10-17 09:47:50,588 [WARN] PackLoader:240 - Cannot read IP mode file for WES.I-CUBE-Cesium.1.3.0
2024-10-17 09:47:50,600 [WARN] PackLoader:240 - Cannot read IP mode file for STMicroelectronics.X-CUBE-BLE2.3.3.0
2024-10-17 09:47:50,614 [WARN] PackLoader:240 - Cannot read IP mode file for STMicroelectronics.X-CUBE-NFC9.1.0.0
2024-10-17 09:47:50,628 [WARN] PackLoader:240 - Cannot read IP mode file for STMicroelectronics.X-CUBE-TCPP.4.1.0
2024-10-17 09:47:50,654 [WARN] PackLoader:240 - Cannot read IP mode file for STMicroelectronics.X-CUBE-AZRTOS-G0.1.1.0
2024-10-17 09:47:50,669 [WARN] PackLoader:240 - Cannot read IP mode file for STMicroelectronics.X-CUBE-SAFEA1.1.2.2
2024-10-17 09:47:50,710 [WARN] PackLoader:240 - Cannot read IP mode file for STMicroelectronics.X-CUBE-NFC4.3.0.0
2024-10-17 09:47:50,729 [WARN] PackLoader:240 - Cannot read IP mode file for EmbeddedOffice.I-CUBE-FS-RTOS.1.0.1
2024-10-17 09:47:50,730 [ERROR] ConditionMgr:805 - Attr not supported : Dmpu
2024-10-17 09:47:50,730 [ERROR] ConditionMgr:805 - Attr not supported : Dmpu
2024-10-17 09:47:50,730 [ERROR] ConditionMgr:805 - Attr not supported : Dmpu
2024-10-17 09:47:50,730 [ERROR] ConditionMgr:805 - Attr not supported : Dmpu
2024-10-17 09:47:50,730 [ERROR] ConditionMgr:805 - Attr not supported : Dmpu
2024-10-17 09:47:50,730 [ERROR] ConditionMgr:805 - Attr not supported : Dmpu
2024-10-17 09:47:50,730 [ERROR] ConditionMgr:805 - Attr not supported : Dmpu
2024-10-17 09:47:50,731 [ERROR] ConditionMgr:805 - Attr not supported : Dmpu
2024-10-17 09:47:50,731 [ERROR] ConditionMgr:805 - Attr not supported : Dmpu
2024-10-17 09:47:50,731 [ERROR] ConditionMgr:805 - Attr not supported : Dmpu
2024-10-17 09:47:50,731 [ERROR] ConditionMgr:805 - Attr not supported : Dmpu
2024-10-17 09:47:50,732 [ERROR] ConditionMgr:805 - Attr not supported : Dmpu
2024-10-17 09:47:50,732 [ERROR] ConditionMgr:805 - Attr not supported : Dmpu
2024-10-17 09:47:50,732 [ERROR] ConditionMgr:805 - Attr not supported : Dmpu
2024-10-17 09:47:50,732 [ERROR] ConditionMgr:805 - Attr not supported : Dmpu
2024-10-17 09:47:50,732 [ERROR] ConditionMgr:805 - Attr not supported : Dmpu
2024-10-17 09:47:50,732 [ERROR] ConditionMgr:805 - Attr not supported : Dmpu
2024-10-17 09:47:50,733 [ERROR] ConditionMgr:805 - Attr not supported : Dmpu
2024-10-17 09:47:50,733 [ERROR] ConditionMgr:805 - Attr not supported : Dmpu
2024-10-17 09:47:50,733 [ERROR] ConditionMgr:805 - Attr not supported : Dmpu
2024-10-17 09:47:50,733 [ERROR] ConditionMgr:805 - Attr not supported : Dmpu
2024-10-17 09:47:50,733 [ERROR] ConditionMgr:805 - Attr not supported : Dmpu
2024-10-17 09:47:50,734 [ERROR] ConditionMgr:805 - Attr not supported : Dmpu
2024-10-17 09:47:50,734 [ERROR] ConditionMgr:805 - Attr not supported : Dmpu
2024-10-17 09:47:50,734 [ERROR] ConditionMgr:805 - Attr not supported : Dmpu
2024-10-17 09:47:50,734 [ERROR] ConditionMgr:805 - Attr not supported : Dmpu
2024-10-17 09:47:50,734 [ERROR] ConditionMgr:805 - Attr not supported : Dmpu
2024-10-17 09:47:50,734 [ERROR] ConditionMgr:805 - Attr not supported : Dmpu
2024-10-17 09:47:50,734 [ERROR] ConditionMgr:805 - Attr not supported : Dmpu
2024-10-17 09:47:50,734 [ERROR] ConditionMgr:805 - Attr not supported : Dmpu
2024-10-17 09:47:50,735 [ERROR] ConditionMgr:805 - Attr not supported : Dmpu
2024-10-17 09:47:50,735 [ERROR] ConditionMgr:805 - Attr not supported : Dmpu
2024-10-17 09:47:50,735 [ERROR] ConditionMgr:805 - Attr not supported : Dmpu
2024-10-17 09:47:50,735 [ERROR] ConditionMgr:805 - Attr not supported : Dmpu
2024-10-17 09:47:50,736 [ERROR] ConditionMgr:805 - Attr not supported : Dmpu
2024-10-17 09:47:50,740 [ERROR] ConditionMgr:805 - Attr not supported : Dmpu
2024-10-17 09:47:50,750 [ERROR] ConditionMgr:805 - Attr not supported : Dmpu
2024-10-17 09:47:50,750 [ERROR] ConditionMgr:805 - Attr not supported : Dmpu
2024-10-17 09:47:50,750 [ERROR] ConditionMgr:805 - Attr not supported : Dmpu
2024-10-17 09:47:50,751 [ERROR] ConditionMgr:805 - Attr not supported : Dmpu
2024-10-17 09:47:50,751 [ERROR] ConditionMgr:805 - Attr not supported : Dmpu
2024-10-17 09:47:50,751 [ERROR] ConditionMgr:805 - Attr not supported : Dmpu
2024-10-17 09:47:50,752 [ERROR] ConditionMgr:805 - Attr not supported : Dmpu
2024-10-17 09:47:50,752 [ERROR] ConditionMgr:805 - Attr not supported : Dmpu
2024-10-17 09:47:50,752 [ERROR] ConditionMgr:805 - Attr not supported : Dmpu
2024-10-17 09:47:50,752 [ERROR] ConditionMgr:805 - Attr not supported : Dmpu
2024-10-17 09:47:50,752 [ERROR] ConditionMgr:805 - Attr not supported : Dmpu
2024-10-17 09:47:50,752 [ERROR] ConditionMgr:805 - Attr not supported : Dmpu
2024-10-17 09:47:50,752 [ERROR] ConditionMgr:805 - Attr not supported : Dmpu
2024-10-17 09:47:50,752 [ERROR] ConditionMgr:805 - Attr not supported : Dmpu
2024-10-17 09:47:50,752 [ERROR] ConditionMgr:805 - Attr not supported : Dmpu
2024-10-17 09:47:50,752 [ERROR] ConditionMgr:805 - Attr not supported : Dmpu
2024-10-17 09:47:50,752 [ERROR] ConditionMgr:805 - Attr not supported : Dmpu
2024-10-17 09:47:50,752 [ERROR] ConditionMgr:805 - Attr not supported : Dmpu
2024-10-17 09:47:50,752 [ERROR] ConditionMgr:805 - Attr not supported : Dmpu
2024-10-17 09:47:50,752 [ERROR] ConditionMgr:805 - Attr not supported : Dmpu
2024-10-17 09:47:50,752 [ERROR] ConditionMgr:805 - Attr not supported : Dmpu
2024-10-17 09:47:50,752 [ERROR] ConditionMgr:805 - Attr not supported : Dmpu
2024-10-17 09:47:50,753 [ERROR] ConditionMgr:805 - Attr not supported : Dmpu
2024-10-17 09:47:50,753 [ERROR] ConditionMgr:805 - Attr not supported : Dmpu
2024-10-17 09:47:50,753 [ERROR] ConditionMgr:805 - Attr not supported : Dmpu
2024-10-17 09:47:50,753 [ERROR] ConditionMgr:805 - Attr not supported : Dmpu
2024-10-17 09:47:50,753 [ERROR] ConditionMgr:805 - Attr not supported : Dmpu
2024-10-17 09:47:50,753 [ERROR] ConditionMgr:805 - Attr not supported : Dmpu
2024-10-17 09:47:50,770 [WARN] PackLoader:240 - Cannot read IP mode file for RealThread.X-CUBE-RT-Thread_Nano.4.1.1
2024-10-17 09:47:50,782 [WARN] PackLoader:240 - Cannot read IP mode file for STMicroelectronics.FP-ATR-SIGFOX1.3.2.0
2024-10-17 09:47:50,794 [WARN] PackLoader:240 - Cannot read IP mode file for wolfSSL.I-CUBE-wolfSSL.5.7.2
2024-10-17 09:47:50,808 [WARN] PackLoader:240 - Cannot read IP mode file for STMicroelectronics.X-CUBE-EEPRMA1.5.1.0
2024-10-17 09:47:50,826 [WARN] PackLoader:240 - Cannot read IP mode file for ITTIA_DB.I-CUBE-ITTIADB.8.9.0
2024-10-17 09:47:50,940 [WARN] PackLoader:240 - Cannot read IP mode file for SEGGER.I-CUBE-embOS.1.3.1
2024-10-17 09:47:51,015 [WARN] PackLoader:240 - Cannot read IP mode file for STMicroelectronics.X-CUBE-ALGOBUILD.1.4.0
2024-10-17 09:47:51,029 [WARN] PackLoader:240 - Cannot read IP mode file for STMicroelectronics.X-CUBE-AI.9.1.0
2024-10-17 09:47:51,042 [WARN] PackLoader:240 - Cannot read IP mode file for STMicroelectronics.X-CUBE-GNSS1.6.0.0
2024-10-17 09:47:51,070 [WARN] PackLoader:240 - Cannot read IP mode file for STMicroelectronics.X-CUBE-AZRTOS-F4.1.1.0
2024-10-17 09:47:51,086 [WARN] PackLoader:240 - Cannot read IP mode file for STMicroelectronics.X-CUBE-ISPU.2.1.0
2024-10-17 09:47:51,099 [WARN] PackLoader:240 - Cannot read IP mode file for STMicroelectronics.X-CUBE-FREERTOS.1.2.0
2024-10-17 09:47:51,127 [WARN] PackLoader:240 - Cannot read IP mode file for STMicroelectronics.X-CUBE-AZRTOS-L5.2.0.0
2024-10-17 09:47:51,145 [WARN] PackLoader:240 - Cannot read IP mode file for STMicroelectronics.X-CUBE-NFC6.3.1.0
2024-10-17 09:47:51,159 [WARN] PackLoader:240 - Cannot read IP mode file for STMicroelectronics.X-CUBE-DPower.1.2.0
2024-10-17 09:47:51,175 [WARN] PackLoader:240 - Cannot read IP mode file for STMicroelectronics.X-CUBE-AI.9.0.0
2024-10-17 09:47:51,190 [WARN] PackLoader:240 - Cannot read IP mode file for STMicroelectronics.X-CUBE-NFC7.1.0.1
2024-10-17 09:47:51,204 [WARN] PackLoader:240 - Cannot read IP mode file for wolfSSL.I-CUBE-wolfTPM.3.2.0
2024-10-17 09:47:51,241 [WARN] ConditionMgr:438 - getConditionDescription Invalid condition id : LAN8742 Phy interface Condition cause : null
2024-10-17 09:47:51,241 [WARN] PackLoader:240 - Cannot read IP mode file for STMicroelectronics.X-CUBE-AZRTOS-L4.2.0.0
2024-10-17 09:47:51,243 [WARN] ConditionMgr:1039 - genDependencies : Invalid condition id : LAN8742 Phy interface Condition cause : null
2024-10-17 09:47:51,243 [WARN] ConditionMgr:1039 - genDependencies : Invalid condition id : LAN8742 Phy interface Condition cause : null
2024-10-17 09:47:51,244 [WARN] ConditionMgr:1039 - genDependencies : Invalid condition id : LAN8742 Phy interface Condition cause : null
2024-10-17 09:47:51,260 [WARN] PackLoader:240 - Cannot read IP mode file for STMicroelectronics.X-CUBE-SFXS2LP1.4.0.0
2024-10-17 09:47:51,299 [WARN] PackLoader:240 - Cannot read IP mode file for STMicroelectronics.X-CUBE-AZRTOS-H7.3.3.0
2024-10-17 09:47:51,322 [WARN] PackLoader:240 - Cannot read IP mode file for STMicroelectronics.X-CUBE-IPS.3.0.0
2024-10-17 09:47:51,348 [WARN] ConditionMgr:438 - getConditionDescription Invalid condition id : UX DEVICE CLASS RTOS Condition cause : null
2024-10-17 09:47:51,349 [WARN] ConditionMgr:438 - getConditionDescription Invalid condition id : UX DEVICE CLASS RTOS Condition cause : null
2024-10-17 09:47:51,350 [WARN] PackLoader:240 - Cannot read IP mode file for STMicroelectronics.X-CUBE-AZRTOS-WB.2.0.0
2024-10-17 09:47:51,351 [WARN] ConditionMgr:1039 - genDependencies : Invalid condition id : UX DEVICE CLASS RTOS Condition cause : null
2024-10-17 09:47:51,351 [WARN] ConditionMgr:1039 - genDependencies : Invalid condition id : UX DEVICE CLASS RTOS Condition cause : null
2024-10-17 09:47:51,351 [WARN] ConditionMgr:1039 - genDependencies : Invalid condition id : UX DEVICE CLASS RTOS Condition cause : null
2024-10-17 09:47:51,352 [WARN] ConditionMgr:1039 - genDependencies : Invalid condition id : UX DEVICE CLASS RTOS Condition cause : null
2024-10-17 09:47:51,352 [WARN] ConditionMgr:1039 - genDependencies : Invalid condition id : UX DEVICE CLASS RTOS Condition cause : null
2024-10-17 09:47:51,365 [WARN] PackLoader:240 - Cannot read IP mode file for STMicroelectronics.X-CUBE-GNSS1.7.0.0
2024-10-17 09:47:51,379 [WARN] PackLoader:240 - Cannot read IP mode file for STMicroelectronics.FP-SNS-STBOX1.2.0.0
2024-10-17 09:47:51,399 [WARN] PackLoader:240 - Cannot read IP mode file for STMicroelectronics.X-CUBE-SUBG2.5.0.0
2024-10-17 09:47:51,414 [WARN] PackLoader:240 - Cannot read IP mode file for Cesanta.I-CUBE-Mongoose.7.13.0
2024-10-17 09:47:51,438 [WARN] PackLoader:240 - Cannot read IP mode file for STMicroelectronics.X-CUBE-AZRTOS-G4.2.0.0
2024-10-17 09:47:51,452 [WARN] PackLoader:240 - Cannot read IP mode file for STMicroelectronics.X-CUBE-ISPU.2.0.0
2024-10-17 09:47:51,463 [WARN] PackLoader:240 - Cannot read IP mode file for STMicroelectronics.X-CUBE-ALS.1.0.2
2024-10-17 09:47:51,506 [WARN] PackLoader:240 - Cannot read IP mode file for STMicroelectronics.X-CUBE-MEMS1.10.0.0
2024-10-17 09:47:51,612 [WARN] PackLoader:240 - Cannot read IP mode file for STMicroelectronics.X-CUBE-TOUCHGFX.4.24.0
2024-10-17 09:47:51,624 [WARN] PackLoader:240 - Cannot read IP mode file for STMicroelectronics.X-CUBE-TOUCHGFX.4.24.1
2024-10-17 09:47:51,640 [WARN] PackLoader:240 - Cannot read IP mode file for portGmbH.I-Cube-SoM-uGOAL.1.1.0
2024-10-17 09:47:51,670 [WARN] PackLoader:240 - Cannot read IP mode file for STMicroelectronics.X-CUBE-AZRTOS-H7RS.1.0.0
2024-10-17 09:47:51,683 [WARN] PackLoader:240 - Cannot read IP mode file for STMicroelectronics.FP-ATR-ASTRA1.2.0.0
2024-10-17 09:47:51,703 [WARN] PackLoader:240 - Cannot read IP mode file for STMicroelectronics.X-CUBE-TOF1.3.4.2
2024-10-17 09:47:51,739 [WARN] PackLoader:240 - Cannot read IP mode file for STMicroelectronics.X-CUBE-TOF1.3.4.1
2024-10-17 09:47:51,782 [WARN] PackLoader:240 - Cannot read IP mode file for STMicroelectronics.X-CUBE-AZRTOS-H7.3.2.0
2024-10-17 09:47:51,821 [WARN] PackLoader:240 - Cannot read IP mode file for Infineon.AIROC-Wi-Fi-Bluetooth-STM32.1.6.0
2024-10-17 09:47:51,834 [WARN] PackLoader:240 - Cannot read IP mode file for wolfSSL.I-CUBE-wolfSSH.1.4.17
2024-10-17 09:47:51,835 [INFO] ThirdParty:978 - Integrity check success = true
2024-10-17 09:47:51,835 [INFO] IntegrityCheckThread:100 - exiting critical section [integrity check]
2024-10-17 09:47:51,835 [INFO] IntegrityCheckThread:103 - End integrity checks thread
2024-10-17 12:36:55,878 [ERROR] LogOutputStream:75 - [STDERR_REDIRECT] 
