2024-10-09 09:00:37,543 [INFO] Activator:176 - 


2024-10-09 09:00:37,550 [INFO] Activator:177 - !SESSION log4j initialized
2024-10-09 09:00:45,352 [INFO] LogOutputStream:77 - [STDOUT_REDIRECT] 
2024-10-09 09:00:48,198 [INFO] ApplicationProperties:184 - Using Application install path: C:\ST\STM32CubeIDE_1.15.1\STM32CubeIDE\plugins\com.st.stm32cube.common.mx_6.11.1.202404110753
2024-10-09 09:00:48,219 [INFO] DbMcusXml:78 - Set database path to: C:\ST\STM32CubeIDE_1.15.1\STM32CubeIDE\plugins\com.st.stm32cube.common.mx_6.11.1.202404110753\\db\/mcu/
2024-10-09 09:00:48,219 [INFO] ApiDb:274 - Set plugin database path to: C:\ST\STM32CubeIDE_1.15.1\STM32CubeIDE\plugins\com.st.stm32cube.common.mx_6.11.1.202404110753\\db\/plugins/boardmanager/
2024-10-09 09:00:48,220 [WARN] ApiDb:259 - Overriding images path with different value:  => C:\ST\STM32CubeIDE_1.15.1\STM32CubeIDE\plugins\com.st.stm32cube.common.mx_6.11.1.202404110753\\db\/plugins/mcufinder/images/
2024-10-09 09:00:48,230 [INFO] ApiDb:250 - Set database path to: C:\Users\Asif\.stmcufinder\plugins\mcufinder//mcu/
2024-10-09 09:00:48,232 [INFO] DbMcusAds:125 - Set database path to: C:\Users\Asif\.stmcufinder\plugins\mcufinder//mcu/
2024-10-09 09:00:48,234 [INFO] CrossReferenceDbSqlite:203 - Set database path to: C:\Users\Asif\.stmcufinder\plugins\mcufinder//mcu/cs/
2024-10-09 09:00:48,370 [INFO] RulesReader:64 - Compatibility file has been processed (297 Rules)
2024-10-09 09:00:48,459 [INFO] DbMcusXml:78 - Set database path to: C:\ST\STM32CubeIDE_1.15.1\STM32CubeIDE\plugins\com.st.stm32cube.common.mx_6.11.1.202404110753\\db\/mcu/
2024-10-09 09:00:48,459 [INFO] ApiDb:274 - Set plugin database path to: C:\ST\STM32CubeIDE_1.15.1\STM32CubeIDE\plugins\com.st.stm32cube.common.mx_6.11.1.202404110753\\db\/plugins/boardmanager/
2024-10-09 09:00:48,459 [INFO] ApiDb:261 - Set plugin images path to: C:\ST\STM32CubeIDE_1.15.1\STM32CubeIDE\plugins\com.st.stm32cube.common.mx_6.11.1.202404110753\\db\/plugins/mcufinder/images/
2024-10-09 09:00:48,459 [WARN] DbFile:41 - Overriding database path with different value: C:\Users\Asif\.stmcufinder\plugins\mcufinder/ => C:\Users\Asif\.stmcufinder\plugins\mcufinder
2024-10-09 09:00:48,459 [INFO] ApiDb:250 - Set database path to: C:\Users\Asif\.stmcufinder\plugins\mcufinder//mcu/
2024-10-09 09:00:48,460 [WARN] DbFile:41 - Overriding database path with different value: C:\Users\Asif\.stmcufinder\plugins\mcufinder/ => C:\Users\Asif\.stmcufinder\plugins\mcufinder
2024-10-09 09:00:48,460 [INFO] DbMcusAds:125 - Set database path to: C:\Users\Asif\.stmcufinder\plugins\mcufinder//mcu/
2024-10-09 09:00:48,460 [WARN] DbFile:41 - Overriding database path with different value: C:\Users\Asif\.stmcufinder\plugins\mcufinder/ => C:\Users\Asif\.stmcufinder\plugins\mcufinder
2024-10-09 09:00:48,460 [WARN] DbFile:41 - Overriding database path with different value: C:\Users\Asif\.stmcufinder\plugins\mcufinder/ => C:\Users\Asif\.stmcufinder\plugins\mcufinder
2024-10-09 09:00:48,460 [INFO] CrossReferenceDbSqlite:203 - Set database path to: C:\Users\Asif\.stmcufinder\plugins\mcufinder//mcu/cs/
2024-10-09 09:00:48,542 [INFO] MainPanel:264 - HeapMemory: 268435456
2024-10-09 09:00:48,655 [INFO] DbMcusXml:78 - Set database path to: C:\ST\STM32CubeIDE_1.15.1\STM32CubeIDE\plugins\com.st.stm32cube.common.mx_6.11.1.202404110753\\db\/mcu/
2024-10-09 09:00:48,655 [INFO] ApiDb:274 - Set plugin database path to: C:\ST\STM32CubeIDE_1.15.1\STM32CubeIDE\plugins\com.st.stm32cube.common.mx_6.11.1.202404110753\\db\/plugins/boardmanager/
2024-10-09 09:00:48,655 [INFO] ApiDb:261 - Set plugin images path to: C:\ST\STM32CubeIDE_1.15.1\STM32CubeIDE\plugins\com.st.stm32cube.common.mx_6.11.1.202404110753\\db\/plugins/mcufinder/images/
2024-10-09 09:00:48,656 [WARN] DbFile:41 - Overriding database path with different value: C:\Users\Asif\.stmcufinder\plugins\mcufinder/ => C:\Users\Asif\.stmcufinder\plugins\mcufinder
2024-10-09 09:00:48,656 [INFO] ApiDb:250 - Set database path to: C:\Users\Asif\.stmcufinder\plugins\mcufinder//mcu/
2024-10-09 09:00:48,656 [WARN] DbFile:41 - Overriding database path with different value: C:\Users\Asif\.stmcufinder\plugins\mcufinder/ => C:\Users\Asif\.stmcufinder\plugins\mcufinder
2024-10-09 09:00:48,656 [INFO] DbMcusAds:125 - Set database path to: C:\Users\Asif\.stmcufinder\plugins\mcufinder//mcu/
2024-10-09 09:00:48,656 [WARN] DbFile:41 - Overriding database path with different value: C:\Users\Asif\.stmcufinder\plugins\mcufinder/ => C:\Users\Asif\.stmcufinder\plugins\mcufinder
2024-10-09 09:00:48,656 [WARN] DbFile:41 - Overriding database path with different value: C:\Users\Asif\.stmcufinder\plugins\mcufinder/ => C:\Users\Asif\.stmcufinder\plugins\mcufinder
2024-10-09 09:00:48,657 [INFO] CrossReferenceDbSqlite:203 - Set database path to: C:\Users\Asif\.stmcufinder\plugins\mcufinder//mcu/cs/
2024-10-09 09:00:48,677 [INFO] ApplicationProperties:184 - Using Application install path: C:\ST\STM32CubeIDE_1.15.1\STM32CubeIDE\plugins\com.st.stm32cube.common.mx_6.11.1.202404110753
2024-10-09 09:00:48,679 [INFO] PluginManage:196 - Search for loadable plugins [exclusion list=, ]
2024-10-09 09:00:48,680 [INFO] PluginManage:310 - Check plugin analytics
2024-10-09 09:00:48,873 [INFO] AnalyticsPlugin:253 - Accepted Software Licenses: 
2024-10-09 09:00:48,874 [INFO] AnalyticsPlugin:255 - Accepted CMSIS Pack Licenses: 
2024-10-09 09:00:48,874 [INFO] AnalyticsPlugin:257 - Accepted Firmware Licenses: FW.F4.1.28.0
2024-10-09 09:00:48,876 [INFO] PluginManage:359 - Loaded plugin analytics (category:tool,tabindex:-1)
2024-10-09 09:00:48,876 [INFO] PluginManage:310 - Check plugin cadmodel
2024-10-09 09:00:48,897 [INFO] CADModel:105 - Init CAD model plugin
2024-10-09 09:00:48,897 [INFO] PluginManage:359 - Loaded plugin cadmodel (category:power,tabindex:5)
2024-10-09 09:00:48,897 [INFO] PluginManage:310 - Check plugin clock
2024-10-09 09:00:48,961 [INFO] PluginManage:359 - Loaded plugin clock (category:base,tabindex:2)
2024-10-09 09:00:48,962 [INFO] PluginManage:310 - Check plugin ddr
2024-10-09 09:00:48,964 [INFO] PluginManage:359 - Loaded plugin ddr (category:tool,tabindex:6)
2024-10-09 09:00:48,965 [INFO] PluginManage:310 - Check plugin filemanager
2024-10-09 09:00:49,129 [INFO] PluginManage:359 - Loaded plugin filemanager (category:base,tabindex:10)
2024-10-09 09:00:49,129 [INFO] PluginManage:310 - Check plugin ipmanager
2024-10-09 09:00:49,136 [INFO] PluginManage:359 - Loaded plugin ipmanager (category:base,tabindex:5)
2024-10-09 09:00:49,136 [INFO] PluginManage:310 - Check plugin lpbam
2024-10-09 09:00:49,154 [INFO] PluginManage:359 - Loaded plugin lpbam (category:base,tabindex:0)
2024-10-09 09:00:49,154 [INFO] PluginManage:310 - Check plugin memorymap
2024-10-09 09:00:49,181 [INFO] PluginManage:359 - Loaded plugin memorymap (category:base,tabindex:4)
2024-10-09 09:00:49,181 [INFO] PluginManage:310 - Check plugin pinoutandconfiguration
2024-10-09 09:00:49,202 [INFO] PluginManage:359 - Loaded plugin pinoutandconfiguration (category:base,tabindex:1)
2024-10-09 09:00:49,202 [INFO] PluginManage:310 - Check plugin pinoutconfig
2024-10-09 09:00:49,302 [WARN] SupportedApi:132 - Cannot load RTOS API schema: s4s-elt-must-match.1: The content of 'definitions' must match (annotation?, (simpleType | complexType)?, (unique | key | keyref)*)). A problem was found starting at: attribute.
2024-10-09 09:00:49,443 [INFO] PluginManage:359 - Loaded plugin pinoutconfig (category:base,tabindex:0)
2024-10-09 09:00:49,443 [INFO] PluginManage:310 - Check plugin power
2024-10-09 09:00:49,464 [INFO] PluginManage:359 - Loaded plugin power (category:power,tabindex:4)
2024-10-09 09:00:49,465 [INFO] PluginManage:310 - Check plugin projectmanager
2024-10-09 09:00:49,480 [INFO] PluginManage:359 - Loaded plugin projectmanager (category:projectmanager,tabindex:3)
2024-10-09 09:00:49,481 [INFO] PluginManage:310 - Check plugin thirdparty
2024-10-09 09:00:49,767 [INFO] PluginManage:359 - Loaded plugin thirdparty (category:base,tabindex:-1)
2024-10-09 09:00:49,767 [WARN] IntegrityCheckThread:84 - waiting for thirdparty lock release [integrity check]
2024-10-09 09:00:49,768 [INFO] PluginManage:310 - Check plugin tools
2024-10-09 09:00:49,768 [INFO] IntegrityCheckThread:86 - entering critical section [integrity check]
2024-10-09 09:00:49,768 [INFO] ThirdPartyUpdaterWithRetryManager:70 - Updater plugin not ready yet. [1/15]
2024-10-09 09:00:49,809 [INFO] PluginManage:359 - Loaded plugin tools (category:base,tabindex:7)
2024-10-09 09:00:49,809 [INFO] PluginManage:310 - Check plugin tutovideos
2024-10-09 09:00:50,011 [INFO] PluginManage:359 - Loaded plugin tutovideos (category:base,tabindex:-1)
2024-10-09 09:00:50,011 [INFO] PluginManage:310 - Check plugin updater
2024-10-09 09:00:50,022 [INFO] PluginManage:359 - Loaded plugin updater (category:base,tabindex:12)
2024-10-09 09:00:50,023 [INFO] PluginManage:310 - Check plugin userauth
2024-10-09 09:00:50,028 [INFO] UserAuth:114 - Init User Auth plugin
2024-10-09 09:00:50,028 [INFO] PluginManage:359 - Loaded plugin userauth (category:base,tabindex:14)
2024-10-09 09:00:50,029 [INFO] PluginManage:283 - PluginManage : Loaded plugins [17]
2024-10-09 09:00:50,268 [INFO] PinOutPanel:1561 - setPackage(No Configuration,No Configuration)
2024-10-09 09:00:50,342 [INFO] CADModel:165 - CPN selected for project level
2024-10-09 09:00:50,342 [INFO] CADModel:114 - Register for checkConnection events
2024-10-09 09:00:50,368 [INFO] IPUIPlugin:80 - create IPUIPlugin
2024-10-09 09:00:50,368 [INFO] PluginManager:220 - loadIPPluginJar : add adc
2024-10-09 09:00:50,406 [INFO] IPUIPlugin:80 - create IPUIPlugin
2024-10-09 09:00:50,406 [INFO] PluginManager:220 - loadIPPluginJar : add aes
2024-10-09 09:00:50,448 [INFO] IPUIPlugin:80 - create IPUIPlugin
2024-10-09 09:00:50,448 [INFO] PluginManager:220 - loadIPPluginJar : add can
2024-10-09 09:00:50,472 [INFO] IPUIPlugin:80 - create IPUIPlugin
2024-10-09 09:00:50,472 [INFO] PluginManager:220 - loadIPPluginJar : add comp
2024-10-09 09:00:50,507 [INFO] IPUIPlugin:80 - create IPUIPlugin
2024-10-09 09:00:50,507 [INFO] PluginManager:220 - loadIPPluginJar : add cryp
2024-10-09 09:00:50,539 [INFO] IPUIPlugin:80 - create IPUIPlugin
2024-10-09 09:00:50,539 [INFO] PluginManager:220 - loadIPPluginJar : add dfsdm
2024-10-09 09:00:50,553 [INFO] IPUIPlugin:80 - create IPUIPlugin
2024-10-09 09:00:50,554 [INFO] PluginManager:220 - loadIPPluginJar : add dma
2024-10-09 09:00:50,598 [INFO] IPUIPlugin:80 - create IPUIPlugin
2024-10-09 09:00:50,598 [INFO] PluginManager:220 - loadIPPluginJar : add dma3
2024-10-09 09:00:50,644 [INFO] IPUIPlugin:80 - create IPUIPlugin
2024-10-09 09:00:50,644 [INFO] PluginManager:220 - loadIPPluginJar : add extmemmanager
2024-10-09 09:00:50,665 [INFO] IPUIPlugin:80 - create IPUIPlugin
2024-10-09 09:00:50,665 [INFO] PluginManager:220 - loadIPPluginJar : add fatfs
2024-10-09 09:00:50,714 [INFO] IPUIPlugin:80 - create IPUIPlugin
2024-10-09 09:00:50,715 [INFO] PluginManager:220 - loadIPPluginJar : add fmc
2024-10-09 09:00:50,730 [INFO] IPUIPlugin:80 - create IPUIPlugin
2024-10-09 09:00:50,730 [INFO] PluginManager:220 - loadIPPluginJar : add freertos
2024-10-09 09:00:50,751 [INFO] IPUIPlugin:80 - create IPUIPlugin
2024-10-09 09:00:50,751 [INFO] PluginManager:220 - loadIPPluginJar : add genericplugin
2024-10-09 09:00:50,850 [INFO] IPUIPlugin:80 - create IPUIPlugin
2024-10-09 09:00:50,851 [INFO] PluginManager:220 - loadIPPluginJar : add gfxmmu
2024-10-09 09:00:50,983 [INFO] IPUIPlugin:80 - create IPUIPlugin
2024-10-09 09:00:50,983 [INFO] PluginManager:220 - loadIPPluginJar : add gic
2024-10-09 09:00:50,996 [INFO] IPUIPlugin:80 - create IPUIPlugin
2024-10-09 09:00:50,996 [INFO] PluginManager:220 - loadIPPluginJar : add gpio
2024-10-09 09:00:51,090 [INFO] IPUIPlugin:80 - create IPUIPlugin
2024-10-09 09:00:51,090 [INFO] PluginManager:220 - loadIPPluginJar : add gtzc
2024-10-09 09:00:51,124 [INFO] IPUIPlugin:80 - create IPUIPlugin
2024-10-09 09:00:51,124 [INFO] PluginManager:220 - loadIPPluginJar : add hash
2024-10-09 09:00:51,183 [INFO] IPUIPlugin:80 - create IPUIPlugin
2024-10-09 09:00:51,184 [INFO] PluginManager:220 - loadIPPluginJar : add i2c
2024-10-09 09:00:51,233 [INFO] IPUIPlugin:80 - create IPUIPlugin
2024-10-09 09:00:51,233 [INFO] PluginManager:220 - loadIPPluginJar : add i2s
2024-10-09 09:00:51,278 [INFO] IPUIPlugin:80 - create IPUIPlugin
2024-10-09 09:00:51,278 [INFO] PluginManager:220 - loadIPPluginJar : add i3c
2024-10-09 09:00:51,392 [INFO] IPUIPlugin:80 - create IPUIPlugin
2024-10-09 09:00:51,392 [INFO] PluginManager:220 - loadIPPluginJar : add ipddr
2024-10-09 09:00:51,481 [INFO] IPUIPlugin:80 - create IPUIPlugin
2024-10-09 09:00:51,481 [INFO] PluginManager:220 - loadIPPluginJar : add linkedlist
2024-10-09 09:00:51,516 [INFO] IPUIPlugin:80 - create IPUIPlugin
2024-10-09 09:00:51,516 [INFO] PluginManager:220 - loadIPPluginJar : add lorawan
2024-10-09 09:00:51,554 [INFO] IPUIPlugin:80 - create IPUIPlugin
2024-10-09 09:00:51,555 [INFO] PluginManager:220 - loadIPPluginJar : add ltdc
2024-10-09 09:00:51,570 [INFO] IPUIPlugin:80 - create IPUIPlugin
2024-10-09 09:00:51,570 [INFO] PluginManager:220 - loadIPPluginJar : add mdma
2024-10-09 09:00:51,581 [INFO] IPUIPlugin:80 - create IPUIPlugin
2024-10-09 09:00:51,582 [INFO] PluginManager:220 - loadIPPluginJar : add nvic
2024-10-09 09:00:51,624 [INFO] IPUIPlugin:80 - create IPUIPlugin
2024-10-09 09:00:51,624 [INFO] PluginManager:220 - loadIPPluginJar : add opamp
2024-10-09 09:00:51,688 [INFO] IPUIPlugin:80 - create IPUIPlugin
2024-10-09 09:00:51,688 [INFO] PluginManager:220 - loadIPPluginJar : add openamp
2024-10-09 09:00:51,731 [INFO] IPUIPlugin:80 - create IPUIPlugin
2024-10-09 09:00:51,732 [INFO] PluginManager:220 - loadIPPluginJar : add pdm2pcm
2024-10-09 09:00:51,745 [INFO] IPUIPlugin:80 - create IPUIPlugin
2024-10-09 09:00:51,748 [INFO] PluginManager:220 - loadIPPluginJar : add plateformsettings
2024-10-09 09:00:51,770 [INFO] IPUIPlugin:80 - create IPUIPlugin
2024-10-09 09:00:51,770 [INFO] PluginManager:220 - loadIPPluginJar : add quadspi
2024-10-09 09:00:51,782 [INFO] IPUIPlugin:80 - create IPUIPlugin
2024-10-09 09:00:51,782 [INFO] PluginManager:220 - loadIPPluginJar : add resmgrutility
2024-10-09 09:00:51,833 [INFO] IPUIPlugin:80 - create IPUIPlugin
2024-10-09 09:00:51,833 [INFO] PluginManager:220 - loadIPPluginJar : add sai
2024-10-09 09:00:51,873 [INFO] IPUIPlugin:80 - create IPUIPlugin
2024-10-09 09:00:51,873 [INFO] PluginManager:220 - loadIPPluginJar : add spi
2024-10-09 09:00:51,943 [INFO] IPUIPlugin:80 - create IPUIPlugin
2024-10-09 09:00:51,943 [INFO] PluginManager:220 - loadIPPluginJar : add stm32_wpan
2024-10-09 09:00:51,967 [INFO] IPUIPlugin:80 - create IPUIPlugin
2024-10-09 09:00:51,967 [INFO] PluginManager:220 - loadIPPluginJar : add tim
2024-10-09 09:00:52,032 [INFO] IPUIPlugin:80 - create IPUIPlugin
2024-10-09 09:00:52,032 [INFO] PluginManager:220 - loadIPPluginJar : add touchsensing
2024-10-09 09:00:52,055 [INFO] IPUIPlugin:80 - create IPUIPlugin
2024-10-09 09:00:52,056 [INFO] PluginManager:220 - loadIPPluginJar : add tracer_emb
2024-10-09 09:00:52,081 [INFO] IPUIPlugin:80 - create IPUIPlugin
2024-10-09 09:00:52,082 [INFO] PluginManager:220 - loadIPPluginJar : add ts
2024-10-09 09:00:52,106 [INFO] IPUIPlugin:80 - create IPUIPlugin
2024-10-09 09:00:52,106 [INFO] PluginManager:220 - loadIPPluginJar : add tsc
2024-10-09 09:00:52,128 [INFO] IPUIPlugin:80 - create IPUIPlugin
2024-10-09 09:00:52,128 [INFO] PluginManager:220 - loadIPPluginJar : add ucpd
2024-10-09 09:00:52,174 [INFO] IPUIPlugin:80 - create IPUIPlugin
2024-10-09 09:00:52,175 [INFO] PluginManager:220 - loadIPPluginJar : add usart
2024-10-09 09:00:52,230 [INFO] IPUIPlugin:80 - create IPUIPlugin
2024-10-09 09:00:52,230 [INFO] PluginManager:220 - loadIPPluginJar : add usbx
2024-10-09 09:00:52,363 [INFO] CADModel:165 - CPN selected for project level
2024-10-09 09:00:52,364 [INFO] CADModel:114 - Register for checkConnection events
2024-10-09 09:00:52,365 [FATAL] Updater:308 - Updater called before beeing initialized
2024-10-09 09:00:52,365 [ERROR] CADModel:125 - Updater not yet initialized, retry later 
2024-10-09 09:00:52,515 [INFO] CADModel:165 - CPN selected for project level
2024-10-09 09:00:52,516 [INFO] CADModel:114 - Register for checkConnection events
2024-10-09 09:00:52,516 [FATAL] Updater:308 - Updater called before beeing initialized
2024-10-09 09:00:52,516 [ERROR] CADModel:125 - Updater not yet initialized, retry later 
2024-10-09 09:00:52,519 [FATAL] Updater:308 - Updater called before beeing initialized
2024-10-09 09:00:52,625 [FATAL] Updater:308 - Updater called before beeing initialized
2024-10-09 09:00:52,635 [INFO] DbMcusAds:53 - JSON generation date=Fri Sep 20 18:04:23 PKT 2024 (1726837463113)
2024-10-09 09:00:52,636 [FATAL] Updater:308 - Updater called before beeing initialized
2024-10-09 09:00:52,725 [WARN] DetailPanel:346 - Failed to get advertising image, set to default
2024-10-09 09:00:52,770 [INFO] ThirdPartyUpdaterWithRetryManager:70 - Updater plugin not ready yet. [2/15]
2024-10-09 09:00:52,813 [FATAL] Updater:308 - Updater called before beeing initialized
2024-10-09 09:00:52,815 [FATAL] Updater:308 - Updater called before beeing initialized
2024-10-09 09:00:52,815 [FATAL] Updater:308 - Updater called before beeing initialized
2024-10-09 09:00:52,815 [WARN] DetailPanel:346 - Failed to get advertising image, set to default
2024-10-09 09:00:52,816 [FATAL] Updater:308 - Updater called before beeing initialized
2024-10-09 09:00:52,874 [ERROR] Updater:1120 - MainUpdater not yet initialized. External WinMGr cannot be set.
2024-10-09 09:00:52,885 [INFO] Updater:1056 - Updater Version found : 6.11.1
2024-10-09 09:00:52,902 [INFO] ApplicationProperties:184 - Using Application install path: C:\ST\STM32CubeIDE_1.15.1\STM32CubeIDE\plugins\com.st.stm32cube.common.mx_6.11.1.202404110753
2024-10-09 09:00:54,536 [ERROR] LogOutputStream:75 - [STDERR_REDIRECT] Oct 09, 2024 9:00:54 AM java.util.prefs.WindowsPreferences <init>
2024-10-09 09:00:54,542 [ERROR] LogOutputStream:75 - [STDERR_REDIRECT] WARNING: Could not open/create prefs root node Software\JavaSoft\Prefs at root 0xffffffff80000002. Windows RegCreateKeyEx(...) returned error code 5.
2024-10-09 09:00:54,543 [ERROR] LogOutputStream:75 - [STDERR_REDIRECT] 
2024-10-09 09:00:55,220 [INFO] MainUpdater:2873 - connection check result : 10
2024-10-09 09:00:55,221 [INFO] MainUpdater:290 - Updater Check For Update Now.
2024-10-09 09:00:55,221 [INFO] MicroXplorer:498 - Change Database Version : DB.6.0.111
2024-10-09 09:00:55,246 [INFO] McuFinderGlobals:63 - Set McuFinder mode to 2 (CubeIDE integrated)
2024-10-09 09:00:55,258 [INFO] UserAuth:415 - Internet connection configuration mode: 1
2024-10-09 09:00:55,321 [INFO] JxBrowserEngine:152 - Initiate JxBrowser Engine with user profile folder
2024-10-09 09:00:55,489 [INFO] CheckServerUpdateThread:120 - End of CheckServer Thread
2024-10-09 09:00:55,982 [WARN] PackLoader:240 - Cannot read IP mode file for STMicroelectronics.FP-SNS-MOTENVWB1.1.4.0
2024-10-09 09:00:56,016 [WARN] PackLoader:240 - Cannot read IP mode file for STMicroelectronics.X-CUBE-SMBUS.2.1.0
2024-10-09 09:00:56,039 [WARN] PackLoader:240 - Cannot read IP mode file for STMicroelectronics.X-CUBE-WB05N.1.1.0
2024-10-09 09:00:56,097 [WARN] PackLoader:240 - Cannot read IP mode file for STMicroelectronics.X-CUBE-AZRTOS-F7.1.1.0
2024-10-09 09:00:56,224 [WARN] PackLoader:240 - Cannot read IP mode file for STMicroelectronics.X-CUBE-MEMS1.11.0.0
2024-10-09 09:00:56,408 [WARN] PackLoader:240 - Cannot read IP mode file for STMicroelectronics.FP-SNS-FLIGHT1.5.0.2
2024-10-09 09:00:56,427 [WARN] PackLoader:240 - Cannot read IP mode file for STMicroelectronics.X-CUBE-DISPLAY.3.0.0
2024-10-09 09:00:56,448 [WARN] PackLoader:240 - Cannot read IP mode file for STMicroelectronics.X-CUBE-BLE1.7.0.0
2024-10-09 09:00:56,470 [WARN] PackLoader:240 - Cannot read IP mode file for STMicroelectronics.X-CUBE-NFC10.1.0.0
2024-10-09 09:00:56,488 [WARN] PackLoader:240 - Cannot read IP mode file for emotas.I-CUBE-CANOPEN.1.3.0
2024-10-09 09:00:56,515 [WARN] PackLoader:240 - Cannot read IP mode file for STMicroelectronics.X-CUBE-BLEMGR.3.1.0
2024-10-09 09:00:56,555 [WARN] PackLoader:240 - Cannot read IP mode file for STMicroelectronics.FP-SNS-SMARTAG2.1.2.0
2024-10-09 09:00:56,579 [INFO] LogOutputStream:77 - [STDOUT_REDIRECT] 1 : Invalid condition id : UX_CORESTACK_Condition cause : null
2024-10-09 09:00:56,580 [INFO] LogOutputStream:77 - [STDOUT_REDIRECT] 1 : Invalid condition id : UX_CORESTACK_Condition cause : null
2024-10-09 09:00:56,582 [INFO] LogOutputStream:77 - [STDOUT_REDIRECT] 1 : Invalid condition id : UX_CORESTACK_Condition cause : null
2024-10-09 09:00:56,583 [INFO] LogOutputStream:77 - [STDOUT_REDIRECT] 1 : Invalid condition id : UX_CORESTACK_Condition cause : null
2024-10-09 09:00:56,584 [INFO] LogOutputStream:77 - [STDOUT_REDIRECT] 1 : Invalid condition id : UX_CORESTACK_Condition cause : null
2024-10-09 09:00:56,589 [WARN] PackLoader:240 - Cannot read IP mode file for STMicroelectronics.X-CUBE-AZRTOS-WL.2.0.0
2024-10-09 09:00:56,609 [WARN] PackLoader:240 - Cannot read IP mode file for STMicroelectronics.FP-SNS-MOTENV1.5.0.0
2024-10-09 09:00:56,623 [WARN] PackLoader:240 - Cannot read IP mode file for wolfSSL.I-CUBE-wolfMQTT.1.19.0
2024-10-09 09:00:56,639 [WARN] PackLoader:240 - Cannot read IP mode file for WES.I-CUBE-Cesium.1.3.0
2024-10-09 09:00:56,652 [WARN] PackLoader:240 - Cannot read IP mode file for STMicroelectronics.X-CUBE-BLE2.3.3.0
2024-10-09 09:00:56,668 [WARN] PackLoader:240 - Cannot read IP mode file for STMicroelectronics.X-CUBE-NFC9.1.0.0
2024-10-09 09:00:56,685 [WARN] PackLoader:240 - Cannot read IP mode file for STMicroelectronics.X-CUBE-TCPP.4.1.0
2024-10-09 09:00:56,720 [WARN] PackLoader:240 - Cannot read IP mode file for STMicroelectronics.X-CUBE-AZRTOS-G0.1.1.0
2024-10-09 09:00:56,737 [WARN] PackLoader:240 - Cannot read IP mode file for STMicroelectronics.X-CUBE-SAFEA1.1.2.2
2024-10-09 09:00:56,754 [WARN] PackLoader:240 - Cannot read IP mode file for STMicroelectronics.X-CUBE-NFC4.3.0.0
2024-10-09 09:00:56,780 [WARN] PackLoader:240 - Cannot read IP mode file for EmbeddedOffice.I-CUBE-FS-RTOS.1.0.1
2024-10-09 09:00:56,781 [ERROR] ConditionMgr:805 - Attr not supported : Dmpu
2024-10-09 09:00:56,781 [ERROR] ConditionMgr:805 - Attr not supported : Dmpu
2024-10-09 09:00:56,781 [ERROR] ConditionMgr:805 - Attr not supported : Dmpu
2024-10-09 09:00:56,781 [ERROR] ConditionMgr:805 - Attr not supported : Dmpu
2024-10-09 09:00:56,781 [ERROR] ConditionMgr:805 - Attr not supported : Dmpu
2024-10-09 09:00:56,781 [ERROR] ConditionMgr:805 - Attr not supported : Dmpu
2024-10-09 09:00:56,781 [ERROR] ConditionMgr:805 - Attr not supported : Dmpu
2024-10-09 09:00:56,781 [ERROR] ConditionMgr:805 - Attr not supported : Dmpu
2024-10-09 09:00:56,782 [ERROR] ConditionMgr:805 - Attr not supported : Dmpu
2024-10-09 09:00:56,782 [ERROR] ConditionMgr:805 - Attr not supported : Dmpu
2024-10-09 09:00:56,782 [ERROR] ConditionMgr:805 - Attr not supported : Dmpu
2024-10-09 09:00:56,782 [ERROR] ConditionMgr:805 - Attr not supported : Dmpu
2024-10-09 09:00:56,782 [ERROR] ConditionMgr:805 - Attr not supported : Dmpu
2024-10-09 09:00:56,782 [ERROR] ConditionMgr:805 - Attr not supported : Dmpu
2024-10-09 09:00:56,782 [ERROR] ConditionMgr:805 - Attr not supported : Dmpu
2024-10-09 09:00:56,782 [ERROR] ConditionMgr:805 - Attr not supported : Dmpu
2024-10-09 09:00:56,782 [ERROR] ConditionMgr:805 - Attr not supported : Dmpu
2024-10-09 09:00:56,782 [ERROR] ConditionMgr:805 - Attr not supported : Dmpu
2024-10-09 09:00:56,782 [ERROR] ConditionMgr:805 - Attr not supported : Dmpu
2024-10-09 09:00:56,782 [ERROR] ConditionMgr:805 - Attr not supported : Dmpu
2024-10-09 09:00:56,782 [ERROR] ConditionMgr:805 - Attr not supported : Dmpu
2024-10-09 09:00:56,782 [ERROR] ConditionMgr:805 - Attr not supported : Dmpu
2024-10-09 09:00:56,783 [ERROR] ConditionMgr:805 - Attr not supported : Dmpu
2024-10-09 09:00:56,783 [ERROR] ConditionMgr:805 - Attr not supported : Dmpu
2024-10-09 09:00:56,783 [ERROR] ConditionMgr:805 - Attr not supported : Dmpu
2024-10-09 09:00:56,783 [ERROR] ConditionMgr:805 - Attr not supported : Dmpu
2024-10-09 09:00:56,783 [ERROR] ConditionMgr:805 - Attr not supported : Dmpu
2024-10-09 09:00:56,783 [ERROR] ConditionMgr:805 - Attr not supported : Dmpu
2024-10-09 09:00:56,783 [ERROR] ConditionMgr:805 - Attr not supported : Dmpu
2024-10-09 09:00:56,783 [ERROR] ConditionMgr:805 - Attr not supported : Dmpu
2024-10-09 09:00:56,783 [ERROR] ConditionMgr:805 - Attr not supported : Dmpu
2024-10-09 09:00:56,783 [ERROR] ConditionMgr:805 - Attr not supported : Dmpu
2024-10-09 09:00:56,783 [ERROR] ConditionMgr:805 - Attr not supported : Dmpu
2024-10-09 09:00:56,783 [ERROR] ConditionMgr:805 - Attr not supported : Dmpu
2024-10-09 09:00:56,783 [ERROR] ConditionMgr:805 - Attr not supported : Dmpu
2024-10-09 09:00:56,783 [ERROR] ConditionMgr:805 - Attr not supported : Dmpu
2024-10-09 09:00:56,784 [ERROR] ConditionMgr:805 - Attr not supported : Dmpu
2024-10-09 09:00:56,784 [ERROR] ConditionMgr:805 - Attr not supported : Dmpu
2024-10-09 09:00:56,784 [ERROR] ConditionMgr:805 - Attr not supported : Dmpu
2024-10-09 09:00:56,784 [ERROR] ConditionMgr:805 - Attr not supported : Dmpu
2024-10-09 09:00:56,784 [ERROR] ConditionMgr:805 - Attr not supported : Dmpu
2024-10-09 09:00:56,784 [ERROR] ConditionMgr:805 - Attr not supported : Dmpu
2024-10-09 09:00:56,784 [ERROR] ConditionMgr:805 - Attr not supported : Dmpu
2024-10-09 09:00:56,784 [ERROR] ConditionMgr:805 - Attr not supported : Dmpu
2024-10-09 09:00:56,784 [ERROR] ConditionMgr:805 - Attr not supported : Dmpu
2024-10-09 09:00:56,784 [ERROR] ConditionMgr:805 - Attr not supported : Dmpu
2024-10-09 09:00:56,784 [ERROR] ConditionMgr:805 - Attr not supported : Dmpu
2024-10-09 09:00:56,784 [ERROR] ConditionMgr:805 - Attr not supported : Dmpu
2024-10-09 09:00:56,784 [ERROR] ConditionMgr:805 - Attr not supported : Dmpu
2024-10-09 09:00:56,785 [ERROR] ConditionMgr:805 - Attr not supported : Dmpu
2024-10-09 09:00:56,785 [ERROR] ConditionMgr:805 - Attr not supported : Dmpu
2024-10-09 09:00:56,785 [ERROR] ConditionMgr:805 - Attr not supported : Dmpu
2024-10-09 09:00:56,785 [ERROR] ConditionMgr:805 - Attr not supported : Dmpu
2024-10-09 09:00:56,785 [ERROR] ConditionMgr:805 - Attr not supported : Dmpu
2024-10-09 09:00:56,785 [ERROR] ConditionMgr:805 - Attr not supported : Dmpu
2024-10-09 09:00:56,785 [ERROR] ConditionMgr:805 - Attr not supported : Dmpu
2024-10-09 09:00:56,785 [ERROR] ConditionMgr:805 - Attr not supported : Dmpu
2024-10-09 09:00:56,785 [ERROR] ConditionMgr:805 - Attr not supported : Dmpu
2024-10-09 09:00:56,785 [ERROR] ConditionMgr:805 - Attr not supported : Dmpu
2024-10-09 09:00:56,785 [ERROR] ConditionMgr:805 - Attr not supported : Dmpu
2024-10-09 09:00:56,785 [ERROR] ConditionMgr:805 - Attr not supported : Dmpu
2024-10-09 09:00:56,785 [ERROR] ConditionMgr:805 - Attr not supported : Dmpu
2024-10-09 09:00:56,785 [ERROR] ConditionMgr:805 - Attr not supported : Dmpu
2024-10-09 09:00:56,786 [ERROR] ConditionMgr:805 - Attr not supported : Dmpu
2024-10-09 09:00:56,800 [WARN] PackLoader:240 - Cannot read IP mode file for RealThread.X-CUBE-RT-Thread_Nano.4.1.1
2024-10-09 09:00:56,814 [WARN] PackLoader:240 - Cannot read IP mode file for STMicroelectronics.FP-ATR-SIGFOX1.3.2.0
2024-10-09 09:00:56,828 [WARN] PackLoader:240 - Cannot read IP mode file for wolfSSL.I-CUBE-wolfSSL.5.7.2
2024-10-09 09:00:56,843 [WARN] PackLoader:240 - Cannot read IP mode file for STMicroelectronics.X-CUBE-EEPRMA1.5.1.0
2024-10-09 09:00:56,862 [WARN] PackLoader:240 - Cannot read IP mode file for ITTIA_DB.I-CUBE-ITTIADB.8.9.0
2024-10-09 09:00:56,913 [WARN] PackLoader:240 - Cannot read IP mode file for SEGGER.I-CUBE-embOS.1.3.1
2024-10-09 09:00:56,980 [WARN] PackLoader:240 - Cannot read IP mode file for STMicroelectronics.X-CUBE-ALGOBUILD.1.4.0
2024-10-09 09:00:57,003 [WARN] PackLoader:240 - Cannot read IP mode file for STMicroelectronics.X-CUBE-AI.9.1.0
2024-10-09 09:00:57,017 [WARN] PackLoader:240 - Cannot read IP mode file for STMicroelectronics.X-CUBE-GNSS1.6.0.0
2024-10-09 09:00:57,053 [WARN] PackLoader:240 - Cannot read IP mode file for STMicroelectronics.X-CUBE-AZRTOS-F4.1.1.0
2024-10-09 09:00:57,070 [WARN] PackLoader:240 - Cannot read IP mode file for STMicroelectronics.X-CUBE-ISPU.2.1.0
2024-10-09 09:00:57,085 [WARN] PackLoader:240 - Cannot read IP mode file for STMicroelectronics.X-CUBE-FREERTOS.1.2.0
2024-10-09 09:00:57,120 [WARN] PackLoader:240 - Cannot read IP mode file for STMicroelectronics.X-CUBE-AZRTOS-L5.2.0.0
2024-10-09 09:00:57,140 [WARN] PackLoader:240 - Cannot read IP mode file for STMicroelectronics.X-CUBE-NFC6.3.1.0
2024-10-09 09:00:57,157 [WARN] PackLoader:240 - Cannot read IP mode file for STMicroelectronics.X-CUBE-DPower.1.2.0
2024-10-09 09:00:57,174 [WARN] PackLoader:240 - Cannot read IP mode file for STMicroelectronics.X-CUBE-AI.9.0.0
2024-10-09 09:00:57,189 [WARN] PackLoader:240 - Cannot read IP mode file for STMicroelectronics.X-CUBE-NFC7.1.0.1
2024-10-09 09:00:57,203 [WARN] PackLoader:240 - Cannot read IP mode file for wolfSSL.I-CUBE-wolfTPM.3.2.0
2024-10-09 09:00:57,236 [WARN] ConditionMgr:438 - getConditionDescription Invalid condition id : LAN8742 Phy interface Condition cause : null
2024-10-09 09:00:57,237 [WARN] PackLoader:240 - Cannot read IP mode file for STMicroelectronics.X-CUBE-AZRTOS-L4.2.0.0
2024-10-09 09:00:57,239 [WARN] ConditionMgr:1039 - genDependencies : Invalid condition id : LAN8742 Phy interface Condition cause : null
2024-10-09 09:00:57,240 [WARN] ConditionMgr:1039 - genDependencies : Invalid condition id : LAN8742 Phy interface Condition cause : null
2024-10-09 09:00:57,241 [WARN] ConditionMgr:1039 - genDependencies : Invalid condition id : LAN8742 Phy interface Condition cause : null
2024-10-09 09:00:57,258 [WARN] PackLoader:240 - Cannot read IP mode file for STMicroelectronics.X-CUBE-SFXS2LP1.4.0.0
2024-10-09 09:00:57,298 [WARN] PackLoader:240 - Cannot read IP mode file for STMicroelectronics.X-CUBE-AZRTOS-H7.3.3.0
2024-10-09 09:00:57,326 [WARN] PackLoader:240 - Cannot read IP mode file for STMicroelectronics.X-CUBE-IPS.3.0.0
2024-10-09 09:00:57,358 [WARN] ConditionMgr:438 - getConditionDescription Invalid condition id : UX DEVICE CLASS RTOS Condition cause : null
2024-10-09 09:00:57,359 [WARN] ConditionMgr:438 - getConditionDescription Invalid condition id : UX DEVICE CLASS RTOS Condition cause : null
2024-10-09 09:00:57,362 [WARN] PackLoader:240 - Cannot read IP mode file for STMicroelectronics.X-CUBE-AZRTOS-WB.2.0.0
2024-10-09 09:00:57,362 [WARN] ConditionMgr:1039 - genDependencies : Invalid condition id : UX DEVICE CLASS RTOS Condition cause : null
2024-10-09 09:00:57,363 [WARN] ConditionMgr:1039 - genDependencies : Invalid condition id : UX DEVICE CLASS RTOS Condition cause : null
2024-10-09 09:00:57,363 [WARN] ConditionMgr:1039 - genDependencies : Invalid condition id : UX DEVICE CLASS RTOS Condition cause : null
2024-10-09 09:00:57,363 [WARN] ConditionMgr:1039 - genDependencies : Invalid condition id : UX DEVICE CLASS RTOS Condition cause : null
2024-10-09 09:00:57,363 [WARN] ConditionMgr:1039 - genDependencies : Invalid condition id : UX DEVICE CLASS RTOS Condition cause : null
2024-10-09 09:00:57,378 [WARN] PackLoader:240 - Cannot read IP mode file for STMicroelectronics.X-CUBE-GNSS1.7.0.0
2024-10-09 09:00:57,398 [WARN] PackLoader:240 - Cannot read IP mode file for STMicroelectronics.FP-SNS-STBOX1.2.0.0
2024-10-09 09:00:57,421 [WARN] PackLoader:240 - Cannot read IP mode file for STMicroelectronics.X-CUBE-SUBG2.5.0.0
2024-10-09 09:00:57,440 [WARN] PackLoader:240 - Cannot read IP mode file for Cesanta.I-CUBE-Mongoose.7.13.0
2024-10-09 09:00:57,471 [WARN] PackLoader:240 - Cannot read IP mode file for STMicroelectronics.X-CUBE-AZRTOS-G4.2.0.0
2024-10-09 09:00:57,485 [WARN] PackLoader:240 - Cannot read IP mode file for STMicroelectronics.X-CUBE-ISPU.2.0.0
2024-10-09 09:00:57,500 [WARN] PackLoader:240 - Cannot read IP mode file for STMicroelectronics.X-CUBE-ALS.1.0.2
2024-10-09 09:00:57,584 [WARN] PackLoader:240 - Cannot read IP mode file for STMicroelectronics.X-CUBE-MEMS1.10.0.0
2024-10-09 09:00:57,686 [WARN] PackLoader:240 - Cannot read IP mode file for STMicroelectronics.X-CUBE-TOUCHGFX.4.24.0
2024-10-09 09:00:57,719 [WARN] PackLoader:240 - Cannot read IP mode file for STMicroelectronics.X-CUBE-TOUCHGFX.4.24.1
2024-10-09 09:00:57,736 [WARN] PackLoader:240 - Cannot read IP mode file for portGmbH.I-Cube-SoM-uGOAL.1.1.0
2024-10-09 09:00:57,769 [WARN] PackLoader:240 - Cannot read IP mode file for STMicroelectronics.X-CUBE-AZRTOS-H7RS.1.0.0
2024-10-09 09:00:57,786 [WARN] PackLoader:240 - Cannot read IP mode file for STMicroelectronics.FP-ATR-ASTRA1.2.0.0
2024-10-09 09:00:57,807 [WARN] PackLoader:240 - Cannot read IP mode file for STMicroelectronics.X-CUBE-TOF1.3.4.2
2024-10-09 09:00:57,835 [WARN] PackLoader:240 - Cannot read IP mode file for STMicroelectronics.X-CUBE-TOF1.3.4.1
2024-10-09 09:00:57,874 [WARN] PackLoader:240 - Cannot read IP mode file for STMicroelectronics.X-CUBE-AZRTOS-H7.3.2.0
2024-10-09 09:00:57,901 [WARN] PackLoader:240 - Cannot read IP mode file for Infineon.AIROC-Wi-Fi-Bluetooth-STM32.1.6.0
2024-10-09 09:00:57,924 [WARN] PackLoader:240 - Cannot read IP mode file for wolfSSL.I-CUBE-wolfSSH.1.4.17
2024-10-09 09:00:57,924 [INFO] ThirdParty:978 - Integrity check success = true
2024-10-09 09:00:57,924 [INFO] IntegrityCheckThread:100 - exiting critical section [integrity check]
2024-10-09 09:00:57,924 [INFO] IntegrityCheckThread:103 - End integrity checks thread
2024-10-09 09:01:02,184 [INFO] WebApp:161 - Instantiating new browser for Auth
2024-10-09 09:01:02,832 [INFO] WebApp:779 - Register for checkConnection events
2024-10-09 09:01:02,832 [INFO] WebApp:414 - Apply proxy settings
2024-10-09 09:01:02,832 [INFO] WebApp:499 - Chromium requires no authentication
2024-10-09 09:01:02,840 [INFO] WebApp:442 - Direct internet connection detected
2024-10-09 09:01:03,045 [INFO] WebApp:192 - Starting web application
2024-10-09 09:01:03,045 [INFO] WebApp:544 - Web application path used C:\ST\STM32CubeIDE_1.15.1\STM32CubeIDE\plugins\com.st.stm32cube.common.mx_6.11.1.202404110753\db\plugins\mcufinder\reactClient1\index.html
2024-10-09 12:45:12,553 [ERROR] LogOutputStream:75 - [STDERR_REDIRECT] 
