2024-10-18 09:09:29,969 [INFO] Activator:176 - 


2024-10-18 09:09:29,975 [INFO] Activator:177 - !SESSION log4j initialized
2024-10-18 09:09:38,399 [INFO] LogOutputStream:77 - [STDOUT_REDIRECT] 
2024-10-18 09:09:42,660 [INFO] ApplicationProperties:184 - Using Application install path: C:\ST\STM32CubeIDE_1.15.1\STM32CubeIDE\plugins\com.st.stm32cube.common.mx_6.11.1.202404110753
2024-10-18 09:09:42,680 [INFO] DbMcusXml:78 - Set database path to: C:\ST\STM32CubeIDE_1.15.1\STM32CubeIDE\plugins\com.st.stm32cube.common.mx_6.11.1.202404110753\\db\/mcu/
2024-10-18 09:09:42,681 [INFO] ApiDb:274 - Set plugin database path to: C:\ST\STM32CubeIDE_1.15.1\STM32CubeIDE\plugins\com.st.stm32cube.common.mx_6.11.1.202404110753\\db\/plugins/boardmanager/
2024-10-18 09:09:42,681 [WARN] ApiDb:259 - Overriding images path with different value:  => C:\ST\STM32CubeIDE_1.15.1\STM32CubeIDE\plugins\com.st.stm32cube.common.mx_6.11.1.202404110753\\db\/plugins/mcufinder/images/
2024-10-18 09:09:42,692 [INFO] ApiDb:250 - Set database path to: C:\Users\Asif\.stmcufinder\plugins\mcufinder//mcu/
2024-10-18 09:09:42,694 [INFO] DbMcusAds:125 - Set database path to: C:\Users\Asif\.stmcufinder\plugins\mcufinder//mcu/
2024-10-18 09:09:42,696 [INFO] CrossReferenceDbSqlite:203 - Set database path to: C:\Users\Asif\.stmcufinder\plugins\mcufinder//mcu/cs/
2024-10-18 09:09:42,820 [INFO] RulesReader:64 - Compatibility file has been processed (297 Rules)
2024-10-18 09:09:42,906 [INFO] DbMcusXml:78 - Set database path to: C:\ST\STM32CubeIDE_1.15.1\STM32CubeIDE\plugins\com.st.stm32cube.common.mx_6.11.1.202404110753\\db\/mcu/
2024-10-18 09:09:42,906 [INFO] ApiDb:274 - Set plugin database path to: C:\ST\STM32CubeIDE_1.15.1\STM32CubeIDE\plugins\com.st.stm32cube.common.mx_6.11.1.202404110753\\db\/plugins/boardmanager/
2024-10-18 09:09:42,906 [INFO] ApiDb:261 - Set plugin images path to: C:\ST\STM32CubeIDE_1.15.1\STM32CubeIDE\plugins\com.st.stm32cube.common.mx_6.11.1.202404110753\\db\/plugins/mcufinder/images/
2024-10-18 09:09:42,907 [WARN] DbFile:41 - Overriding database path with different value: C:\Users\Asif\.stmcufinder\plugins\mcufinder/ => C:\Users\Asif\.stmcufinder\plugins\mcufinder
2024-10-18 09:09:42,907 [INFO] ApiDb:250 - Set database path to: C:\Users\Asif\.stmcufinder\plugins\mcufinder//mcu/
2024-10-18 09:09:42,907 [WARN] DbFile:41 - Overriding database path with different value: C:\Users\Asif\.stmcufinder\plugins\mcufinder/ => C:\Users\Asif\.stmcufinder\plugins\mcufinder
2024-10-18 09:09:42,907 [INFO] DbMcusAds:125 - Set database path to: C:\Users\Asif\.stmcufinder\plugins\mcufinder//mcu/
2024-10-18 09:09:42,907 [WARN] DbFile:41 - Overriding database path with different value: C:\Users\Asif\.stmcufinder\plugins\mcufinder/ => C:\Users\Asif\.stmcufinder\plugins\mcufinder
2024-10-18 09:09:42,907 [WARN] DbFile:41 - Overriding database path with different value: C:\Users\Asif\.stmcufinder\plugins\mcufinder/ => C:\Users\Asif\.stmcufinder\plugins\mcufinder
2024-10-18 09:09:42,907 [INFO] CrossReferenceDbSqlite:203 - Set database path to: C:\Users\Asif\.stmcufinder\plugins\mcufinder//mcu/cs/
2024-10-18 09:09:42,987 [INFO] MainPanel:264 - HeapMemory: 268435456
2024-10-18 09:09:43,088 [INFO] DbMcusXml:78 - Set database path to: C:\ST\STM32CubeIDE_1.15.1\STM32CubeIDE\plugins\com.st.stm32cube.common.mx_6.11.1.202404110753\\db\/mcu/
2024-10-18 09:09:43,088 [INFO] ApiDb:274 - Set plugin database path to: C:\ST\STM32CubeIDE_1.15.1\STM32CubeIDE\plugins\com.st.stm32cube.common.mx_6.11.1.202404110753\\db\/plugins/boardmanager/
2024-10-18 09:09:43,088 [INFO] ApiDb:261 - Set plugin images path to: C:\ST\STM32CubeIDE_1.15.1\STM32CubeIDE\plugins\com.st.stm32cube.common.mx_6.11.1.202404110753\\db\/plugins/mcufinder/images/
2024-10-18 09:09:43,088 [WARN] DbFile:41 - Overriding database path with different value: C:\Users\Asif\.stmcufinder\plugins\mcufinder/ => C:\Users\Asif\.stmcufinder\plugins\mcufinder
2024-10-18 09:09:43,088 [INFO] ApiDb:250 - Set database path to: C:\Users\Asif\.stmcufinder\plugins\mcufinder//mcu/
2024-10-18 09:09:43,088 [WARN] DbFile:41 - Overriding database path with different value: C:\Users\Asif\.stmcufinder\plugins\mcufinder/ => C:\Users\Asif\.stmcufinder\plugins\mcufinder
2024-10-18 09:09:43,089 [INFO] DbMcusAds:125 - Set database path to: C:\Users\Asif\.stmcufinder\plugins\mcufinder//mcu/
2024-10-18 09:09:43,089 [WARN] DbFile:41 - Overriding database path with different value: C:\Users\Asif\.stmcufinder\plugins\mcufinder/ => C:\Users\Asif\.stmcufinder\plugins\mcufinder
2024-10-18 09:09:43,089 [WARN] DbFile:41 - Overriding database path with different value: C:\Users\Asif\.stmcufinder\plugins\mcufinder/ => C:\Users\Asif\.stmcufinder\plugins\mcufinder
2024-10-18 09:09:43,089 [INFO] CrossReferenceDbSqlite:203 - Set database path to: C:\Users\Asif\.stmcufinder\plugins\mcufinder//mcu/cs/
2024-10-18 09:09:43,108 [INFO] ApplicationProperties:184 - Using Application install path: C:\ST\STM32CubeIDE_1.15.1\STM32CubeIDE\plugins\com.st.stm32cube.common.mx_6.11.1.202404110753
2024-10-18 09:09:43,110 [INFO] PluginManage:196 - Search for loadable plugins [exclusion list=, ]
2024-10-18 09:09:43,111 [INFO] PluginManage:310 - Check plugin analytics
2024-10-18 09:09:43,295 [INFO] AnalyticsPlugin:253 - Accepted Software Licenses: 
2024-10-18 09:09:43,296 [INFO] AnalyticsPlugin:255 - Accepted CMSIS Pack Licenses: 
2024-10-18 09:09:43,296 [INFO] AnalyticsPlugin:257 - Accepted Firmware Licenses: FW.F4.1.28.0
2024-10-18 09:09:43,300 [INFO] PluginManage:359 - Loaded plugin analytics (category:tool,tabindex:-1)
2024-10-18 09:09:43,300 [INFO] PluginManage:310 - Check plugin cadmodel
2024-10-18 09:09:43,317 [INFO] CADModel:105 - Init CAD model plugin
2024-10-18 09:09:43,317 [INFO] PluginManage:359 - Loaded plugin cadmodel (category:power,tabindex:5)
2024-10-18 09:09:43,317 [INFO] PluginManage:310 - Check plugin clock
2024-10-18 09:09:43,343 [INFO] PluginManage:359 - Loaded plugin clock (category:base,tabindex:2)
2024-10-18 09:09:43,343 [INFO] PluginManage:310 - Check plugin ddr
2024-10-18 09:09:43,346 [INFO] PluginManage:359 - Loaded plugin ddr (category:tool,tabindex:6)
2024-10-18 09:09:43,346 [INFO] PluginManage:310 - Check plugin filemanager
2024-10-18 09:09:43,521 [INFO] PluginManage:359 - Loaded plugin filemanager (category:base,tabindex:10)
2024-10-18 09:09:43,521 [INFO] PluginManage:310 - Check plugin ipmanager
2024-10-18 09:09:43,529 [INFO] PluginManage:359 - Loaded plugin ipmanager (category:base,tabindex:5)
2024-10-18 09:09:43,529 [INFO] PluginManage:310 - Check plugin lpbam
2024-10-18 09:09:43,550 [INFO] PluginManage:359 - Loaded plugin lpbam (category:base,tabindex:0)
2024-10-18 09:09:43,550 [INFO] PluginManage:310 - Check plugin memorymap
2024-10-18 09:09:43,574 [INFO] PluginManage:359 - Loaded plugin memorymap (category:base,tabindex:4)
2024-10-18 09:09:43,574 [INFO] PluginManage:310 - Check plugin pinoutandconfiguration
2024-10-18 09:09:43,590 [INFO] PluginManage:359 - Loaded plugin pinoutandconfiguration (category:base,tabindex:1)
2024-10-18 09:09:43,590 [INFO] PluginManage:310 - Check plugin pinoutconfig
2024-10-18 09:09:43,689 [WARN] SupportedApi:132 - Cannot load RTOS API schema: s4s-elt-must-match.1: The content of 'definitions' must match (annotation?, (simpleType | complexType)?, (unique | key | keyref)*)). A problem was found starting at: attribute.
2024-10-18 09:09:43,839 [INFO] PluginManage:359 - Loaded plugin pinoutconfig (category:base,tabindex:0)
2024-10-18 09:09:43,839 [INFO] PluginManage:310 - Check plugin power
2024-10-18 09:09:43,860 [INFO] PluginManage:359 - Loaded plugin power (category:power,tabindex:4)
2024-10-18 09:09:43,860 [INFO] PluginManage:310 - Check plugin projectmanager
2024-10-18 09:09:43,877 [INFO] PluginManage:359 - Loaded plugin projectmanager (category:projectmanager,tabindex:3)
2024-10-18 09:09:43,877 [INFO] PluginManage:310 - Check plugin thirdparty
2024-10-18 09:09:44,166 [WARN] IntegrityCheckThread:84 - waiting for thirdparty lock release [integrity check]
2024-10-18 09:09:44,166 [INFO] PluginManage:359 - Loaded plugin thirdparty (category:base,tabindex:-1)
2024-10-18 09:09:44,166 [INFO] IntegrityCheckThread:86 - entering critical section [integrity check]
2024-10-18 09:09:44,166 [INFO] PluginManage:310 - Check plugin tools
2024-10-18 09:09:44,167 [INFO] ThirdPartyUpdaterWithRetryManager:70 - Updater plugin not ready yet. [1/15]
2024-10-18 09:09:44,206 [INFO] PluginManage:359 - Loaded plugin tools (category:base,tabindex:7)
2024-10-18 09:09:44,206 [INFO] PluginManage:310 - Check plugin tutovideos
2024-10-18 09:09:44,433 [INFO] PluginManage:359 - Loaded plugin tutovideos (category:base,tabindex:-1)
2024-10-18 09:09:44,434 [INFO] PluginManage:310 - Check plugin updater
2024-10-18 09:09:44,445 [INFO] PluginManage:359 - Loaded plugin updater (category:base,tabindex:12)
2024-10-18 09:09:44,446 [INFO] PluginManage:310 - Check plugin userauth
2024-10-18 09:09:44,451 [INFO] UserAuth:114 - Init User Auth plugin
2024-10-18 09:09:44,452 [INFO] PluginManage:359 - Loaded plugin userauth (category:base,tabindex:14)
2024-10-18 09:09:44,452 [INFO] PluginManage:283 - PluginManage : Loaded plugins [17]
2024-10-18 09:09:44,696 [INFO] PinOutPanel:1561 - setPackage(No Configuration,No Configuration)
2024-10-18 09:09:44,775 [INFO] CADModel:165 - CPN selected for project level
2024-10-18 09:09:44,775 [INFO] CADModel:114 - Register for checkConnection events
2024-10-18 09:09:44,803 [INFO] IPUIPlugin:80 - create IPUIPlugin
2024-10-18 09:09:44,803 [INFO] PluginManager:220 - loadIPPluginJar : add adc
2024-10-18 09:09:44,845 [INFO] IPUIPlugin:80 - create IPUIPlugin
2024-10-18 09:09:44,845 [INFO] PluginManager:220 - loadIPPluginJar : add aes
2024-10-18 09:09:44,894 [INFO] IPUIPlugin:80 - create IPUIPlugin
2024-10-18 09:09:44,894 [INFO] PluginManager:220 - loadIPPluginJar : add can
2024-10-18 09:09:44,919 [INFO] IPUIPlugin:80 - create IPUIPlugin
2024-10-18 09:09:44,919 [INFO] PluginManager:220 - loadIPPluginJar : add comp
2024-10-18 09:09:44,954 [INFO] IPUIPlugin:80 - create IPUIPlugin
2024-10-18 09:09:44,955 [INFO] PluginManager:220 - loadIPPluginJar : add cryp
2024-10-18 09:09:44,984 [INFO] IPUIPlugin:80 - create IPUIPlugin
2024-10-18 09:09:44,984 [INFO] PluginManager:220 - loadIPPluginJar : add dfsdm
2024-10-18 09:09:44,998 [INFO] IPUIPlugin:80 - create IPUIPlugin
2024-10-18 09:09:44,999 [INFO] PluginManager:220 - loadIPPluginJar : add dma
2024-10-18 09:09:45,043 [INFO] IPUIPlugin:80 - create IPUIPlugin
2024-10-18 09:09:45,043 [INFO] PluginManager:220 - loadIPPluginJar : add dma3
2024-10-18 09:09:45,090 [INFO] IPUIPlugin:80 - create IPUIPlugin
2024-10-18 09:09:45,090 [INFO] PluginManager:220 - loadIPPluginJar : add extmemmanager
2024-10-18 09:09:45,111 [INFO] IPUIPlugin:80 - create IPUIPlugin
2024-10-18 09:09:45,111 [INFO] PluginManager:220 - loadIPPluginJar : add fatfs
2024-10-18 09:09:45,161 [INFO] IPUIPlugin:80 - create IPUIPlugin
2024-10-18 09:09:45,162 [INFO] PluginManager:220 - loadIPPluginJar : add fmc
2024-10-18 09:09:45,177 [INFO] IPUIPlugin:80 - create IPUIPlugin
2024-10-18 09:09:45,177 [INFO] PluginManager:220 - loadIPPluginJar : add freertos
2024-10-18 09:09:45,198 [INFO] IPUIPlugin:80 - create IPUIPlugin
2024-10-18 09:09:45,199 [INFO] PluginManager:220 - loadIPPluginJar : add genericplugin
2024-10-18 09:09:45,307 [INFO] IPUIPlugin:80 - create IPUIPlugin
2024-10-18 09:09:45,308 [INFO] PluginManager:220 - loadIPPluginJar : add gfxmmu
2024-10-18 09:09:45,443 [INFO] IPUIPlugin:80 - create IPUIPlugin
2024-10-18 09:09:45,444 [INFO] PluginManager:220 - loadIPPluginJar : add gic
2024-10-18 09:09:45,457 [INFO] IPUIPlugin:80 - create IPUIPlugin
2024-10-18 09:09:45,457 [INFO] PluginManager:220 - loadIPPluginJar : add gpio
2024-10-18 09:09:45,553 [INFO] IPUIPlugin:80 - create IPUIPlugin
2024-10-18 09:09:45,554 [INFO] PluginManager:220 - loadIPPluginJar : add gtzc
2024-10-18 09:09:45,588 [INFO] IPUIPlugin:80 - create IPUIPlugin
2024-10-18 09:09:45,588 [INFO] PluginManager:220 - loadIPPluginJar : add hash
2024-10-18 09:09:45,641 [INFO] IPUIPlugin:80 - create IPUIPlugin
2024-10-18 09:09:45,641 [INFO] PluginManager:220 - loadIPPluginJar : add i2c
2024-10-18 09:09:45,681 [INFO] IPUIPlugin:80 - create IPUIPlugin
2024-10-18 09:09:45,681 [INFO] PluginManager:220 - loadIPPluginJar : add i2s
2024-10-18 09:09:45,723 [INFO] IPUIPlugin:80 - create IPUIPlugin
2024-10-18 09:09:45,723 [INFO] PluginManager:220 - loadIPPluginJar : add i3c
2024-10-18 09:09:45,837 [INFO] IPUIPlugin:80 - create IPUIPlugin
2024-10-18 09:09:45,837 [INFO] PluginManager:220 - loadIPPluginJar : add ipddr
2024-10-18 09:09:45,930 [INFO] IPUIPlugin:80 - create IPUIPlugin
2024-10-18 09:09:45,930 [INFO] PluginManager:220 - loadIPPluginJar : add linkedlist
2024-10-18 09:09:45,968 [INFO] IPUIPlugin:80 - create IPUIPlugin
2024-10-18 09:09:45,968 [INFO] PluginManager:220 - loadIPPluginJar : add lorawan
2024-10-18 09:09:46,005 [INFO] IPUIPlugin:80 - create IPUIPlugin
2024-10-18 09:09:46,005 [INFO] PluginManager:220 - loadIPPluginJar : add ltdc
2024-10-18 09:09:46,020 [INFO] IPUIPlugin:80 - create IPUIPlugin
2024-10-18 09:09:46,020 [INFO] PluginManager:220 - loadIPPluginJar : add mdma
2024-10-18 09:09:46,033 [INFO] IPUIPlugin:80 - create IPUIPlugin
2024-10-18 09:09:46,033 [INFO] PluginManager:220 - loadIPPluginJar : add nvic
2024-10-18 09:09:46,074 [INFO] IPUIPlugin:80 - create IPUIPlugin
2024-10-18 09:09:46,075 [INFO] PluginManager:220 - loadIPPluginJar : add opamp
2024-10-18 09:09:46,138 [INFO] IPUIPlugin:80 - create IPUIPlugin
2024-10-18 09:09:46,138 [INFO] PluginManager:220 - loadIPPluginJar : add openamp
2024-10-18 09:09:46,180 [INFO] IPUIPlugin:80 - create IPUIPlugin
2024-10-18 09:09:46,180 [INFO] PluginManager:220 - loadIPPluginJar : add pdm2pcm
2024-10-18 09:09:46,194 [INFO] IPUIPlugin:80 - create IPUIPlugin
2024-10-18 09:09:46,196 [INFO] PluginManager:220 - loadIPPluginJar : add plateformsettings
2024-10-18 09:09:46,218 [INFO] IPUIPlugin:80 - create IPUIPlugin
2024-10-18 09:09:46,218 [INFO] PluginManager:220 - loadIPPluginJar : add quadspi
2024-10-18 09:09:46,230 [INFO] IPUIPlugin:80 - create IPUIPlugin
2024-10-18 09:09:46,230 [INFO] PluginManager:220 - loadIPPluginJar : add resmgrutility
2024-10-18 09:09:46,287 [INFO] IPUIPlugin:80 - create IPUIPlugin
2024-10-18 09:09:46,287 [INFO] PluginManager:220 - loadIPPluginJar : add sai
2024-10-18 09:09:46,324 [INFO] IPUIPlugin:80 - create IPUIPlugin
2024-10-18 09:09:46,324 [INFO] PluginManager:220 - loadIPPluginJar : add spi
2024-10-18 09:09:46,396 [INFO] IPUIPlugin:80 - create IPUIPlugin
2024-10-18 09:09:46,396 [INFO] PluginManager:220 - loadIPPluginJar : add stm32_wpan
2024-10-18 09:09:46,419 [INFO] IPUIPlugin:80 - create IPUIPlugin
2024-10-18 09:09:46,419 [INFO] PluginManager:220 - loadIPPluginJar : add tim
2024-10-18 09:09:46,488 [INFO] IPUIPlugin:80 - create IPUIPlugin
2024-10-18 09:09:46,489 [INFO] PluginManager:220 - loadIPPluginJar : add touchsensing
2024-10-18 09:09:46,513 [INFO] IPUIPlugin:80 - create IPUIPlugin
2024-10-18 09:09:46,513 [INFO] PluginManager:220 - loadIPPluginJar : add tracer_emb
2024-10-18 09:09:46,539 [INFO] IPUIPlugin:80 - create IPUIPlugin
2024-10-18 09:09:46,539 [INFO] PluginManager:220 - loadIPPluginJar : add ts
2024-10-18 09:09:46,567 [INFO] IPUIPlugin:80 - create IPUIPlugin
2024-10-18 09:09:46,567 [INFO] PluginManager:220 - loadIPPluginJar : add tsc
2024-10-18 09:09:46,601 [INFO] IPUIPlugin:80 - create IPUIPlugin
2024-10-18 09:09:46,602 [INFO] PluginManager:220 - loadIPPluginJar : add ucpd
2024-10-18 09:09:46,713 [INFO] IPUIPlugin:80 - create IPUIPlugin
2024-10-18 09:09:46,713 [INFO] PluginManager:220 - loadIPPluginJar : add usart
2024-10-18 09:09:46,800 [INFO] IPUIPlugin:80 - create IPUIPlugin
2024-10-18 09:09:46,800 [INFO] PluginManager:220 - loadIPPluginJar : add usbx
2024-10-18 09:09:47,039 [INFO] CADModel:165 - CPN selected for project level
2024-10-18 09:09:47,039 [INFO] CADModel:114 - Register for checkConnection events
2024-10-18 09:09:47,040 [FATAL] Updater:308 - Updater called before beeing initialized
2024-10-18 09:09:47,040 [ERROR] CADModel:125 - Updater not yet initialized, retry later 
2024-10-18 09:09:47,168 [INFO] ThirdPartyUpdaterWithRetryManager:70 - Updater plugin not ready yet. [2/15]
2024-10-18 09:09:47,205 [INFO] CADModel:165 - CPN selected for project level
2024-10-18 09:09:47,206 [INFO] CADModel:114 - Register for checkConnection events
2024-10-18 09:09:47,206 [FATAL] Updater:308 - Updater called before beeing initialized
2024-10-18 09:09:47,206 [ERROR] CADModel:125 - Updater not yet initialized, retry later 
2024-10-18 09:09:47,210 [FATAL] Updater:308 - Updater called before beeing initialized
2024-10-18 09:09:47,340 [FATAL] Updater:308 - Updater called before beeing initialized
2024-10-18 09:09:47,355 [INFO] DbMcusAds:53 - JSON generation date=Fri Sep 20 18:04:23 PKT 2024 (1726837463113)
2024-10-18 09:09:47,355 [FATAL] Updater:308 - Updater called before beeing initialized
2024-10-18 09:09:47,458 [WARN] DetailPanel:346 - Failed to get advertising image, set to default
2024-10-18 09:09:47,556 [FATAL] Updater:308 - Updater called before beeing initialized
2024-10-18 09:09:47,558 [FATAL] Updater:308 - Updater called before beeing initialized
2024-10-18 09:09:47,558 [FATAL] Updater:308 - Updater called before beeing initialized
2024-10-18 09:09:47,558 [WARN] DetailPanel:346 - Failed to get advertising image, set to default
2024-10-18 09:09:47,559 [FATAL] Updater:308 - Updater called before beeing initialized
2024-10-18 09:09:47,631 [ERROR] Updater:1120 - MainUpdater not yet initialized. External WinMGr cannot be set.
2024-10-18 09:09:47,643 [INFO] Updater:1056 - Updater Version found : 6.11.1
2024-10-18 09:09:47,715 [INFO] ApplicationProperties:184 - Using Application install path: C:\ST\STM32CubeIDE_1.15.1\STM32CubeIDE\plugins\com.st.stm32cube.common.mx_6.11.1.202404110753
2024-10-18 09:09:49,302 [ERROR] LogOutputStream:75 - [STDERR_REDIRECT] Oct 18, 2024 9:09:49 AM java.util.prefs.WindowsPreferences <init>
2024-10-18 09:09:49,305 [ERROR] LogOutputStream:75 - [STDERR_REDIRECT] WARNING: Could not open/create prefs root node Software\JavaSoft\Prefs at root 0xffffffff80000002. Windows RegCreateKeyEx(...) returned error code 5.
2024-10-18 09:09:49,305 [ERROR] LogOutputStream:75 - [STDERR_REDIRECT] 
2024-10-18 09:09:49,816 [INFO] MainUpdater:2873 - connection check result : 10
2024-10-18 09:09:49,816 [INFO] MainUpdater:3567 - Updater definition file requires update
2024-10-18 09:09:49,819 [INFO] MainUpdater:290 - Updater Check For Update Now.
2024-10-18 09:09:49,820 [INFO] MicroXplorer:498 - Change Database Version : DB.6.0.111
2024-10-18 09:09:49,845 [INFO] McuFinderGlobals:63 - Set McuFinder mode to 2 (CubeIDE integrated)
2024-10-18 09:09:49,858 [INFO] UserAuth:415 - Internet connection configuration mode: 1
2024-10-18 09:09:49,883 [INFO] JxBrowserEngine:152 - Initiate JxBrowser Engine with user profile folder
2024-10-18 09:09:50,171 [WARN] MainUpdater:1194 - Updater busy. Cannot search thirdparties
2024-10-18 09:09:50,171 [INFO] ThirdPartyUpdaterWithRetryManager:96 - Updater plugin is busy. [1/15]
2024-10-18 09:09:50,319 [INFO] ServerAccessManage:473 - Download File updaters.zip
2024-10-18 09:09:50,799 [INFO] FileExtend:240 - Unzip File : updaters.zip
2024-10-18 09:09:50,799 [INFO] FileExtend:255 - Standard Zip Deflate
2024-10-18 09:09:51,489 [INFO] ServerAccessManage:473 - Download File PacksControlFlags.xml
2024-10-18 09:09:52,127 [INFO] ServerAccessManage:473 - Download File cubemx.pidx
2024-10-18 09:09:52,255 [INFO] LoadServerUpdatesThread:375 - End of LoadServerUpdate Thread
2024-10-18 09:09:52,511 [INFO] CheckServerUpdateThread:120 - End of CheckServer Thread
2024-10-18 09:09:53,380 [WARN] PackLoader:240 - Cannot read IP mode file for STMicroelectronics.FP-SNS-MOTENVWB1.1.4.0
2024-10-18 09:09:53,397 [WARN] PackLoader:240 - Cannot read IP mode file for STMicroelectronics.X-CUBE-SMBUS.2.1.0
2024-10-18 09:09:53,414 [WARN] PackLoader:240 - Cannot read IP mode file for STMicroelectronics.X-CUBE-WB05N.1.1.0
2024-10-18 09:09:53,467 [WARN] PackLoader:240 - Cannot read IP mode file for STMicroelectronics.X-CUBE-AZRTOS-F7.1.1.0
2024-10-18 09:09:53,567 [WARN] PackLoader:240 - Cannot read IP mode file for STMicroelectronics.X-CUBE-MEMS1.11.0.0
2024-10-18 09:09:53,751 [WARN] PackLoader:240 - Cannot read IP mode file for STMicroelectronics.FP-SNS-FLIGHT1.5.0.2
2024-10-18 09:09:53,766 [WARN] PackLoader:240 - Cannot read IP mode file for STMicroelectronics.X-CUBE-DISPLAY.3.0.0
2024-10-18 09:09:53,784 [WARN] PackLoader:240 - Cannot read IP mode file for STMicroelectronics.X-CUBE-BLE1.7.0.0
2024-10-18 09:09:53,798 [WARN] PackLoader:240 - Cannot read IP mode file for STMicroelectronics.X-CUBE-NFC10.1.0.0
2024-10-18 09:09:53,814 [WARN] PackLoader:240 - Cannot read IP mode file for emotas.I-CUBE-CANOPEN.1.3.0
2024-10-18 09:09:53,834 [WARN] PackLoader:240 - Cannot read IP mode file for STMicroelectronics.X-CUBE-BLEMGR.3.1.0
2024-10-18 09:09:53,847 [WARN] PackLoader:240 - Cannot read IP mode file for STMicroelectronics.FP-SNS-SMARTAG2.1.2.0
2024-10-18 09:09:53,869 [INFO] LogOutputStream:77 - [STDOUT_REDIRECT] 1 : Invalid condition id : UX_CORESTACK_Condition cause : null
2024-10-18 09:09:53,870 [INFO] LogOutputStream:77 - [STDOUT_REDIRECT] 1 : Invalid condition id : UX_CORESTACK_Condition cause : null
2024-10-18 09:09:53,872 [INFO] LogOutputStream:77 - [STDOUT_REDIRECT] 1 : Invalid condition id : UX_CORESTACK_Condition cause : null
2024-10-18 09:09:53,873 [INFO] LogOutputStream:77 - [STDOUT_REDIRECT] 1 : Invalid condition id : UX_CORESTACK_Condition cause : null
2024-10-18 09:09:53,874 [INFO] LogOutputStream:77 - [STDOUT_REDIRECT] 1 : Invalid condition id : UX_CORESTACK_Condition cause : null
2024-10-18 09:09:53,887 [WARN] PackLoader:240 - Cannot read IP mode file for STMicroelectronics.X-CUBE-AZRTOS-WL.2.0.0
2024-10-18 09:09:53,903 [WARN] PackLoader:240 - Cannot read IP mode file for STMicroelectronics.FP-SNS-MOTENV1.5.0.0
2024-10-18 09:09:53,917 [WARN] PackLoader:240 - Cannot read IP mode file for wolfSSL.I-CUBE-wolfMQTT.1.19.0
2024-10-18 09:09:53,933 [WARN] PackLoader:240 - Cannot read IP mode file for WES.I-CUBE-Cesium.1.3.0
2024-10-18 09:09:53,945 [WARN] PackLoader:240 - Cannot read IP mode file for STMicroelectronics.X-CUBE-BLE2.3.3.0
2024-10-18 09:09:53,961 [WARN] PackLoader:240 - Cannot read IP mode file for STMicroelectronics.X-CUBE-NFC9.1.0.0
2024-10-18 09:09:53,975 [WARN] PackLoader:240 - Cannot read IP mode file for STMicroelectronics.X-CUBE-TCPP.4.1.0
2024-10-18 09:09:54,006 [WARN] PackLoader:240 - Cannot read IP mode file for STMicroelectronics.X-CUBE-AZRTOS-G0.1.1.0
2024-10-18 09:09:54,022 [WARN] PackLoader:240 - Cannot read IP mode file for STMicroelectronics.X-CUBE-SAFEA1.1.2.2
2024-10-18 09:09:54,037 [WARN] PackLoader:240 - Cannot read IP mode file for STMicroelectronics.X-CUBE-NFC4.3.0.0
2024-10-18 09:09:54,053 [WARN] PackLoader:240 - Cannot read IP mode file for EmbeddedOffice.I-CUBE-FS-RTOS.1.0.1
2024-10-18 09:09:54,054 [ERROR] ConditionMgr:805 - Attr not supported : Dmpu
2024-10-18 09:09:54,054 [ERROR] ConditionMgr:805 - Attr not supported : Dmpu
2024-10-18 09:09:54,054 [ERROR] ConditionMgr:805 - Attr not supported : Dmpu
2024-10-18 09:09:54,054 [ERROR] ConditionMgr:805 - Attr not supported : Dmpu
2024-10-18 09:09:54,054 [ERROR] ConditionMgr:805 - Attr not supported : Dmpu
2024-10-18 09:09:54,054 [ERROR] ConditionMgr:805 - Attr not supported : Dmpu
2024-10-18 09:09:54,054 [ERROR] ConditionMgr:805 - Attr not supported : Dmpu
2024-10-18 09:09:54,054 [ERROR] ConditionMgr:805 - Attr not supported : Dmpu
2024-10-18 09:09:54,054 [ERROR] ConditionMgr:805 - Attr not supported : Dmpu
2024-10-18 09:09:54,054 [ERROR] ConditionMgr:805 - Attr not supported : Dmpu
2024-10-18 09:09:54,054 [ERROR] ConditionMgr:805 - Attr not supported : Dmpu
2024-10-18 09:09:54,054 [ERROR] ConditionMgr:805 - Attr not supported : Dmpu
2024-10-18 09:09:54,055 [ERROR] ConditionMgr:805 - Attr not supported : Dmpu
2024-10-18 09:09:54,055 [ERROR] ConditionMgr:805 - Attr not supported : Dmpu
2024-10-18 09:09:54,055 [ERROR] ConditionMgr:805 - Attr not supported : Dmpu
2024-10-18 09:09:54,055 [ERROR] ConditionMgr:805 - Attr not supported : Dmpu
2024-10-18 09:09:54,055 [ERROR] ConditionMgr:805 - Attr not supported : Dmpu
2024-10-18 09:09:54,055 [ERROR] ConditionMgr:805 - Attr not supported : Dmpu
2024-10-18 09:09:54,055 [ERROR] ConditionMgr:805 - Attr not supported : Dmpu
2024-10-18 09:09:54,055 [ERROR] ConditionMgr:805 - Attr not supported : Dmpu
2024-10-18 09:09:54,055 [ERROR] ConditionMgr:805 - Attr not supported : Dmpu
2024-10-18 09:09:54,055 [ERROR] ConditionMgr:805 - Attr not supported : Dmpu
2024-10-18 09:09:54,055 [ERROR] ConditionMgr:805 - Attr not supported : Dmpu
2024-10-18 09:09:54,055 [ERROR] ConditionMgr:805 - Attr not supported : Dmpu
2024-10-18 09:09:54,055 [ERROR] ConditionMgr:805 - Attr not supported : Dmpu
2024-10-18 09:09:54,055 [ERROR] ConditionMgr:805 - Attr not supported : Dmpu
2024-10-18 09:09:54,055 [ERROR] ConditionMgr:805 - Attr not supported : Dmpu
2024-10-18 09:09:54,056 [ERROR] ConditionMgr:805 - Attr not supported : Dmpu
2024-10-18 09:09:54,056 [ERROR] ConditionMgr:805 - Attr not supported : Dmpu
2024-10-18 09:09:54,056 [ERROR] ConditionMgr:805 - Attr not supported : Dmpu
2024-10-18 09:09:54,056 [ERROR] ConditionMgr:805 - Attr not supported : Dmpu
2024-10-18 09:09:54,056 [ERROR] ConditionMgr:805 - Attr not supported : Dmpu
2024-10-18 09:09:54,056 [ERROR] ConditionMgr:805 - Attr not supported : Dmpu
2024-10-18 09:09:54,056 [ERROR] ConditionMgr:805 - Attr not supported : Dmpu
2024-10-18 09:09:54,056 [ERROR] ConditionMgr:805 - Attr not supported : Dmpu
2024-10-18 09:09:54,056 [ERROR] ConditionMgr:805 - Attr not supported : Dmpu
2024-10-18 09:09:54,056 [ERROR] ConditionMgr:805 - Attr not supported : Dmpu
2024-10-18 09:09:54,056 [ERROR] ConditionMgr:805 - Attr not supported : Dmpu
2024-10-18 09:09:54,056 [ERROR] ConditionMgr:805 - Attr not supported : Dmpu
2024-10-18 09:09:54,056 [ERROR] ConditionMgr:805 - Attr not supported : Dmpu
2024-10-18 09:09:54,056 [ERROR] ConditionMgr:805 - Attr not supported : Dmpu
2024-10-18 09:09:54,057 [ERROR] ConditionMgr:805 - Attr not supported : Dmpu
2024-10-18 09:09:54,057 [ERROR] ConditionMgr:805 - Attr not supported : Dmpu
2024-10-18 09:09:54,057 [ERROR] ConditionMgr:805 - Attr not supported : Dmpu
2024-10-18 09:09:54,057 [ERROR] ConditionMgr:805 - Attr not supported : Dmpu
2024-10-18 09:09:54,057 [ERROR] ConditionMgr:805 - Attr not supported : Dmpu
2024-10-18 09:09:54,057 [ERROR] ConditionMgr:805 - Attr not supported : Dmpu
2024-10-18 09:09:54,057 [ERROR] ConditionMgr:805 - Attr not supported : Dmpu
2024-10-18 09:09:54,057 [ERROR] ConditionMgr:805 - Attr not supported : Dmpu
2024-10-18 09:09:54,057 [ERROR] ConditionMgr:805 - Attr not supported : Dmpu
2024-10-18 09:09:54,057 [ERROR] ConditionMgr:805 - Attr not supported : Dmpu
2024-10-18 09:09:54,057 [ERROR] ConditionMgr:805 - Attr not supported : Dmpu
2024-10-18 09:09:54,057 [ERROR] ConditionMgr:805 - Attr not supported : Dmpu
2024-10-18 09:09:54,058 [ERROR] ConditionMgr:805 - Attr not supported : Dmpu
2024-10-18 09:09:54,058 [ERROR] ConditionMgr:805 - Attr not supported : Dmpu
2024-10-18 09:09:54,058 [ERROR] ConditionMgr:805 - Attr not supported : Dmpu
2024-10-18 09:09:54,058 [ERROR] ConditionMgr:805 - Attr not supported : Dmpu
2024-10-18 09:09:54,058 [ERROR] ConditionMgr:805 - Attr not supported : Dmpu
2024-10-18 09:09:54,058 [ERROR] ConditionMgr:805 - Attr not supported : Dmpu
2024-10-18 09:09:54,058 [ERROR] ConditionMgr:805 - Attr not supported : Dmpu
2024-10-18 09:09:54,058 [ERROR] ConditionMgr:805 - Attr not supported : Dmpu
2024-10-18 09:09:54,058 [ERROR] ConditionMgr:805 - Attr not supported : Dmpu
2024-10-18 09:09:54,058 [ERROR] ConditionMgr:805 - Attr not supported : Dmpu
2024-10-18 09:09:54,058 [ERROR] ConditionMgr:805 - Attr not supported : Dmpu
2024-10-18 09:09:54,070 [WARN] PackLoader:240 - Cannot read IP mode file for RealThread.X-CUBE-RT-Thread_Nano.4.1.1
2024-10-18 09:09:54,083 [WARN] PackLoader:240 - Cannot read IP mode file for STMicroelectronics.FP-ATR-SIGFOX1.3.2.0
2024-10-18 09:09:54,095 [WARN] PackLoader:240 - Cannot read IP mode file for wolfSSL.I-CUBE-wolfSSL.5.7.2
2024-10-18 09:09:54,109 [WARN] PackLoader:240 - Cannot read IP mode file for STMicroelectronics.X-CUBE-EEPRMA1.5.1.0
2024-10-18 09:09:54,127 [WARN] PackLoader:240 - Cannot read IP mode file for ITTIA_DB.I-CUBE-ITTIADB.8.9.0
2024-10-18 09:09:54,208 [WARN] PackLoader:240 - Cannot read IP mode file for SEGGER.I-CUBE-embOS.1.3.1
2024-10-18 09:09:54,436 [WARN] PackLoader:240 - Cannot read IP mode file for STMicroelectronics.X-CUBE-ALGOBUILD.1.4.0
2024-10-18 09:09:54,450 [WARN] PackLoader:240 - Cannot read IP mode file for STMicroelectronics.X-CUBE-AI.9.1.0
2024-10-18 09:09:54,464 [WARN] PackLoader:240 - Cannot read IP mode file for STMicroelectronics.X-CUBE-GNSS1.6.0.0
2024-10-18 09:09:54,498 [WARN] PackLoader:240 - Cannot read IP mode file for STMicroelectronics.X-CUBE-AZRTOS-F4.1.1.0
2024-10-18 09:09:54,516 [WARN] PackLoader:240 - Cannot read IP mode file for STMicroelectronics.X-CUBE-ISPU.2.1.0
2024-10-18 09:09:54,529 [WARN] PackLoader:240 - Cannot read IP mode file for STMicroelectronics.X-CUBE-FREERTOS.1.2.0
2024-10-18 09:09:54,557 [WARN] PackLoader:240 - Cannot read IP mode file for STMicroelectronics.X-CUBE-AZRTOS-L5.2.0.0
2024-10-18 09:09:54,578 [WARN] PackLoader:240 - Cannot read IP mode file for STMicroelectronics.X-CUBE-NFC6.3.1.0
2024-10-18 09:09:54,592 [WARN] PackLoader:240 - Cannot read IP mode file for STMicroelectronics.X-CUBE-DPower.1.2.0
2024-10-18 09:09:54,605 [WARN] PackLoader:240 - Cannot read IP mode file for STMicroelectronics.X-CUBE-AI.9.0.0
2024-10-18 09:09:54,621 [WARN] PackLoader:240 - Cannot read IP mode file for STMicroelectronics.X-CUBE-NFC7.1.0.1
2024-10-18 09:09:54,637 [WARN] PackLoader:240 - Cannot read IP mode file for wolfSSL.I-CUBE-wolfTPM.3.2.0
2024-10-18 09:09:54,666 [WARN] ConditionMgr:438 - getConditionDescription Invalid condition id : LAN8742 Phy interface Condition cause : null
2024-10-18 09:09:54,666 [WARN] PackLoader:240 - Cannot read IP mode file for STMicroelectronics.X-CUBE-AZRTOS-L4.2.0.0
2024-10-18 09:09:54,667 [WARN] ConditionMgr:1039 - genDependencies : Invalid condition id : LAN8742 Phy interface Condition cause : null
2024-10-18 09:09:54,668 [WARN] ConditionMgr:1039 - genDependencies : Invalid condition id : LAN8742 Phy interface Condition cause : null
2024-10-18 09:09:54,668 [WARN] ConditionMgr:1039 - genDependencies : Invalid condition id : LAN8742 Phy interface Condition cause : null
2024-10-18 09:09:54,685 [WARN] PackLoader:240 - Cannot read IP mode file for STMicroelectronics.X-CUBE-SFXS2LP1.4.0.0
2024-10-18 09:09:54,724 [WARN] PackLoader:240 - Cannot read IP mode file for STMicroelectronics.X-CUBE-AZRTOS-H7.3.3.0
2024-10-18 09:09:54,747 [WARN] PackLoader:240 - Cannot read IP mode file for STMicroelectronics.X-CUBE-IPS.3.0.0
2024-10-18 09:09:54,780 [WARN] ConditionMgr:438 - getConditionDescription Invalid condition id : UX DEVICE CLASS RTOS Condition cause : null
2024-10-18 09:09:54,780 [WARN] ConditionMgr:438 - getConditionDescription Invalid condition id : UX DEVICE CLASS RTOS Condition cause : null
2024-10-18 09:09:54,782 [WARN] PackLoader:240 - Cannot read IP mode file for STMicroelectronics.X-CUBE-AZRTOS-WB.2.0.0
2024-10-18 09:09:54,783 [WARN] ConditionMgr:1039 - genDependencies : Invalid condition id : UX DEVICE CLASS RTOS Condition cause : null
2024-10-18 09:09:54,783 [WARN] ConditionMgr:1039 - genDependencies : Invalid condition id : UX DEVICE CLASS RTOS Condition cause : null
2024-10-18 09:09:54,783 [WARN] ConditionMgr:1039 - genDependencies : Invalid condition id : UX DEVICE CLASS RTOS Condition cause : null
2024-10-18 09:09:54,783 [WARN] ConditionMgr:1039 - genDependencies : Invalid condition id : UX DEVICE CLASS RTOS Condition cause : null
2024-10-18 09:09:54,784 [WARN] ConditionMgr:1039 - genDependencies : Invalid condition id : UX DEVICE CLASS RTOS Condition cause : null
2024-10-18 09:09:54,798 [WARN] PackLoader:240 - Cannot read IP mode file for STMicroelectronics.X-CUBE-GNSS1.7.0.0
2024-10-18 09:09:54,820 [WARN] PackLoader:240 - Cannot read IP mode file for STMicroelectronics.FP-SNS-STBOX1.2.0.0
2024-10-18 09:09:54,842 [WARN] PackLoader:240 - Cannot read IP mode file for STMicroelectronics.X-CUBE-SUBG2.5.0.0
2024-10-18 09:09:54,858 [WARN] PackLoader:240 - Cannot read IP mode file for Cesanta.I-CUBE-Mongoose.7.13.0
2024-10-18 09:09:54,884 [WARN] PackLoader:240 - Cannot read IP mode file for STMicroelectronics.X-CUBE-AZRTOS-G4.2.0.0
2024-10-18 09:09:54,897 [WARN] PackLoader:240 - Cannot read IP mode file for STMicroelectronics.X-CUBE-ISPU.2.0.0
2024-10-18 09:09:54,913 [WARN] PackLoader:240 - Cannot read IP mode file for STMicroelectronics.X-CUBE-ALS.1.0.2
2024-10-18 09:09:54,963 [WARN] PackLoader:240 - Cannot read IP mode file for STMicroelectronics.X-CUBE-MEMS1.10.0.0
2024-10-18 09:09:55,067 [WARN] PackLoader:240 - Cannot read IP mode file for STMicroelectronics.X-CUBE-TOUCHGFX.4.24.0
2024-10-18 09:09:55,080 [WARN] PackLoader:240 - Cannot read IP mode file for STMicroelectronics.X-CUBE-TOUCHGFX.4.24.1
2024-10-18 09:09:55,094 [WARN] PackLoader:240 - Cannot read IP mode file for portGmbH.I-Cube-SoM-uGOAL.1.1.0
2024-10-18 09:09:55,212 [WARN] PackLoader:240 - Cannot read IP mode file for STMicroelectronics.X-CUBE-AZRTOS-H7RS.1.0.0
2024-10-18 09:09:55,329 [WARN] PackLoader:240 - Cannot read IP mode file for STMicroelectronics.FP-ATR-ASTRA1.2.0.0
2024-10-18 09:09:55,352 [WARN] PackLoader:240 - Cannot read IP mode file for STMicroelectronics.X-CUBE-TOF1.3.4.2
2024-10-18 09:09:55,384 [WARN] PackLoader:240 - Cannot read IP mode file for STMicroelectronics.X-CUBE-TOF1.3.4.1
2024-10-18 09:09:55,428 [WARN] PackLoader:240 - Cannot read IP mode file for STMicroelectronics.X-CUBE-AZRTOS-H7.3.2.0
2024-10-18 09:09:55,455 [WARN] PackLoader:240 - Cannot read IP mode file for Infineon.AIROC-Wi-Fi-Bluetooth-STM32.1.6.0
2024-10-18 09:09:55,485 [WARN] PackLoader:240 - Cannot read IP mode file for wolfSSL.I-CUBE-wolfSSH.1.4.17
2024-10-18 09:09:55,485 [INFO] ThirdParty:978 - Integrity check success = true
2024-10-18 09:09:55,486 [INFO] IntegrityCheckThread:100 - exiting critical section [integrity check]
2024-10-18 09:09:55,486 [INFO] IntegrityCheckThread:103 - End integrity checks thread
2024-10-18 09:09:56,521 [INFO] WebApp:161 - Instantiating new browser for Auth
2024-10-18 09:09:57,160 [INFO] WebApp:779 - Register for checkConnection events
2024-10-18 09:09:57,161 [INFO] WebApp:414 - Apply proxy settings
2024-10-18 09:09:57,161 [INFO] WebApp:499 - Chromium requires no authentication
2024-10-18 09:09:57,170 [INFO] WebApp:442 - Direct internet connection detected
2024-10-18 09:09:57,364 [INFO] WebApp:192 - Starting web application
2024-10-18 09:09:57,364 [INFO] WebApp:544 - Web application path used C:\ST\STM32CubeIDE_1.15.1\STM32CubeIDE\plugins\com.st.stm32cube.common.mx_6.11.1.202404110753\db\plugins\mcufinder\reactClient1\index.html
2024-11-19 11:11:15,135 [INFO] Activator:176 - 


2024-11-19 11:11:15,138 [INFO] Activator:177 - !SESSION log4j initialized
2024-11-19 11:11:24,523 [INFO] LogOutputStream:77 - [STDOUT_REDIRECT] 
2024-11-19 11:11:28,289 [INFO] ApplicationProperties:184 - Using Application install path: C:\ST\STM32CubeIDE_1.15.1\STM32CubeIDE\plugins\com.st.stm32cube.common.mx_6.11.1.202404110753
2024-11-19 11:11:28,330 [INFO] DbMcusXml:78 - Set database path to: C:\ST\STM32CubeIDE_1.15.1\STM32CubeIDE\plugins\com.st.stm32cube.common.mx_6.11.1.202404110753\\db\/mcu/
2024-11-19 11:11:28,331 [INFO] ApiDb:274 - Set plugin database path to: C:\ST\STM32CubeIDE_1.15.1\STM32CubeIDE\plugins\com.st.stm32cube.common.mx_6.11.1.202404110753\\db\/plugins/boardmanager/
2024-11-19 11:11:28,331 [WARN] ApiDb:259 - Overriding images path with different value:  => C:\ST\STM32CubeIDE_1.15.1\STM32CubeIDE\plugins\com.st.stm32cube.common.mx_6.11.1.202404110753\\db\/plugins/mcufinder/images/
2024-11-19 11:11:28,356 [INFO] ApiDb:250 - Set database path to: C:\Users\HP\.stmcufinder\plugins\mcufinder//mcu/
2024-11-19 11:11:28,358 [INFO] DbMcusAds:125 - Set database path to: C:\Users\HP\.stmcufinder\plugins\mcufinder//mcu/
2024-11-19 11:11:28,361 [INFO] CrossReferenceDbSqlite:203 - Set database path to: C:\Users\HP\.stmcufinder\plugins\mcufinder//mcu/cs/
2024-11-19 11:11:28,553 [INFO] RulesReader:64 - Compatibility file has been processed (297 Rules)
2024-11-19 11:11:28,699 [INFO] DbMcusXml:78 - Set database path to: C:\ST\STM32CubeIDE_1.15.1\STM32CubeIDE\plugins\com.st.stm32cube.common.mx_6.11.1.202404110753\\db\/mcu/
2024-11-19 11:11:28,699 [INFO] ApiDb:274 - Set plugin database path to: C:\ST\STM32CubeIDE_1.15.1\STM32CubeIDE\plugins\com.st.stm32cube.common.mx_6.11.1.202404110753\\db\/plugins/boardmanager/
2024-11-19 11:11:28,700 [INFO] ApiDb:261 - Set plugin images path to: C:\ST\STM32CubeIDE_1.15.1\STM32CubeIDE\plugins\com.st.stm32cube.common.mx_6.11.1.202404110753\\db\/plugins/mcufinder/images/
2024-11-19 11:11:28,700 [WARN] DbFile:41 - Overriding database path with different value: C:\Users\HP\.stmcufinder\plugins\mcufinder/ => C:\Users\HP\.stmcufinder\plugins\mcufinder
2024-11-19 11:11:28,700 [INFO] ApiDb:250 - Set database path to: C:\Users\HP\.stmcufinder\plugins\mcufinder//mcu/
2024-11-19 11:11:28,700 [WARN] DbFile:41 - Overriding database path with different value: C:\Users\HP\.stmcufinder\plugins\mcufinder/ => C:\Users\HP\.stmcufinder\plugins\mcufinder
2024-11-19 11:11:28,700 [INFO] DbMcusAds:125 - Set database path to: C:\Users\HP\.stmcufinder\plugins\mcufinder//mcu/
2024-11-19 11:11:28,700 [WARN] DbFile:41 - Overriding database path with different value: C:\Users\HP\.stmcufinder\plugins\mcufinder/ => C:\Users\HP\.stmcufinder\plugins\mcufinder
2024-11-19 11:11:28,700 [WARN] DbFile:41 - Overriding database path with different value: C:\Users\HP\.stmcufinder\plugins\mcufinder/ => C:\Users\HP\.stmcufinder\plugins\mcufinder
2024-11-19 11:11:28,700 [INFO] CrossReferenceDbSqlite:203 - Set database path to: C:\Users\HP\.stmcufinder\plugins\mcufinder//mcu/cs/
2024-11-19 11:11:28,830 [INFO] MainPanel:264 - HeapMemory: 268435456
2024-11-19 11:11:29,022 [INFO] DbMcusXml:78 - Set database path to: C:\ST\STM32CubeIDE_1.15.1\STM32CubeIDE\plugins\com.st.stm32cube.common.mx_6.11.1.202404110753\\db\/mcu/
2024-11-19 11:11:29,022 [INFO] ApiDb:274 - Set plugin database path to: C:\ST\STM32CubeIDE_1.15.1\STM32CubeIDE\plugins\com.st.stm32cube.common.mx_6.11.1.202404110753\\db\/plugins/boardmanager/
2024-11-19 11:11:29,022 [INFO] ApiDb:261 - Set plugin images path to: C:\ST\STM32CubeIDE_1.15.1\STM32CubeIDE\plugins\com.st.stm32cube.common.mx_6.11.1.202404110753\\db\/plugins/mcufinder/images/
2024-11-19 11:11:29,023 [WARN] DbFile:41 - Overriding database path with different value: C:\Users\HP\.stmcufinder\plugins\mcufinder/ => C:\Users\HP\.stmcufinder\plugins\mcufinder
2024-11-19 11:11:29,023 [INFO] ApiDb:250 - Set database path to: C:\Users\HP\.stmcufinder\plugins\mcufinder//mcu/
2024-11-19 11:11:29,023 [WARN] DbFile:41 - Overriding database path with different value: C:\Users\HP\.stmcufinder\plugins\mcufinder/ => C:\Users\HP\.stmcufinder\plugins\mcufinder
2024-11-19 11:11:29,023 [INFO] DbMcusAds:125 - Set database path to: C:\Users\HP\.stmcufinder\plugins\mcufinder//mcu/
2024-11-19 11:11:29,024 [WARN] DbFile:41 - Overriding database path with different value: C:\Users\HP\.stmcufinder\plugins\mcufinder/ => C:\Users\HP\.stmcufinder\plugins\mcufinder
2024-11-19 11:11:29,024 [WARN] DbFile:41 - Overriding database path with different value: C:\Users\HP\.stmcufinder\plugins\mcufinder/ => C:\Users\HP\.stmcufinder\plugins\mcufinder
2024-11-19 11:11:29,024 [INFO] CrossReferenceDbSqlite:203 - Set database path to: C:\Users\HP\.stmcufinder\plugins\mcufinder//mcu/cs/
2024-11-19 11:11:29,056 [INFO] ApplicationProperties:184 - Using Application install path: C:\ST\STM32CubeIDE_1.15.1\STM32CubeIDE\plugins\com.st.stm32cube.common.mx_6.11.1.202404110753
2024-11-19 11:11:29,059 [INFO] PluginManage:196 - Search for loadable plugins [exclusion list=, ]
2024-11-19 11:11:29,062 [INFO] PluginManage:310 - Check plugin analytics
2024-11-19 11:11:29,296 [INFO] AnalyticsPlugin:253 - Accepted Software Licenses: 
2024-11-19 11:11:29,296 [INFO] AnalyticsPlugin:255 - Accepted CMSIS Pack Licenses: 
2024-11-19 11:11:29,296 [INFO] AnalyticsPlugin:257 - Accepted Firmware Licenses: 
2024-11-19 11:11:29,299 [INFO] PluginManage:359 - Loaded plugin analytics (category:tool,tabindex:-1)
2024-11-19 11:11:29,299 [INFO] PluginManage:310 - Check plugin cadmodel
2024-11-19 11:11:29,325 [INFO] CADModel:105 - Init CAD model plugin
2024-11-19 11:11:29,325 [INFO] PluginManage:359 - Loaded plugin cadmodel (category:power,tabindex:5)
2024-11-19 11:11:29,325 [INFO] PluginManage:310 - Check plugin clock
2024-11-19 11:11:29,373 [INFO] PluginManage:359 - Loaded plugin clock (category:base,tabindex:2)
2024-11-19 11:11:29,374 [INFO] PluginManage:310 - Check plugin ddr
2024-11-19 11:11:29,377 [INFO] PluginManage:359 - Loaded plugin ddr (category:tool,tabindex:6)
2024-11-19 11:11:29,378 [INFO] PluginManage:310 - Check plugin filemanager
2024-11-19 11:11:29,629 [INFO] PluginManage:359 - Loaded plugin filemanager (category:base,tabindex:10)
2024-11-19 11:11:29,631 [INFO] PluginManage:310 - Check plugin ipmanager
2024-11-19 11:11:29,641 [INFO] PluginManage:359 - Loaded plugin ipmanager (category:base,tabindex:5)
2024-11-19 11:11:29,642 [INFO] PluginManage:310 - Check plugin lpbam
2024-11-19 11:11:29,674 [INFO] PluginManage:359 - Loaded plugin lpbam (category:base,tabindex:0)
2024-11-19 11:11:29,674 [INFO] PluginManage:310 - Check plugin memorymap
2024-11-19 11:11:29,728 [INFO] PluginManage:359 - Loaded plugin memorymap (category:base,tabindex:4)
2024-11-19 11:11:29,729 [INFO] PluginManage:310 - Check plugin pinoutandconfiguration
2024-11-19 11:11:29,762 [INFO] PluginManage:359 - Loaded plugin pinoutandconfiguration (category:base,tabindex:1)
2024-11-19 11:11:29,762 [INFO] PluginManage:310 - Check plugin pinoutconfig
2024-11-19 11:11:29,948 [WARN] SupportedApi:132 - Cannot load RTOS API schema: s4s-elt-must-match.1: The content of 'definitions' must match (annotation?, (simpleType | complexType)?, (unique | key | keyref)*)). A problem was found starting at: attribute.
2024-11-19 11:11:30,222 [INFO] PluginManage:359 - Loaded plugin pinoutconfig (category:base,tabindex:0)
2024-11-19 11:11:30,223 [INFO] PluginManage:310 - Check plugin power
2024-11-19 11:11:30,261 [INFO] PluginManage:359 - Loaded plugin power (category:power,tabindex:4)
2024-11-19 11:11:30,262 [INFO] PluginManage:310 - Check plugin projectmanager
2024-11-19 11:11:30,290 [INFO] PluginManage:359 - Loaded plugin projectmanager (category:projectmanager,tabindex:3)
2024-11-19 11:11:30,291 [INFO] PluginManage:310 - Check plugin thirdparty
2024-11-19 11:11:30,786 [INFO] PluginManage:359 - Loaded plugin thirdparty (category:base,tabindex:-1)
2024-11-19 11:11:30,786 [INFO] PluginManage:310 - Check plugin tools
2024-11-19 11:11:30,786 [WARN] IntegrityCheckThread:84 - waiting for thirdparty lock release [integrity check]
2024-11-19 11:11:30,787 [INFO] IntegrityCheckThread:86 - entering critical section [integrity check]
2024-11-19 11:11:30,789 [INFO] ThirdPartyUpdaterWithRetryManager:70 - Updater plugin not ready yet. [1/15]
2024-11-19 11:11:30,860 [INFO] PluginManage:359 - Loaded plugin tools (category:base,tabindex:7)
2024-11-19 11:11:30,861 [INFO] PluginManage:310 - Check plugin tutovideos
2024-11-19 11:11:31,141 [INFO] PluginManage:359 - Loaded plugin tutovideos (category:base,tabindex:-1)
2024-11-19 11:11:31,142 [INFO] PluginManage:310 - Check plugin updater
2024-11-19 11:11:31,157 [INFO] PluginManage:359 - Loaded plugin updater (category:base,tabindex:12)
2024-11-19 11:11:31,157 [INFO] PluginManage:310 - Check plugin userauth
2024-11-19 11:11:31,165 [INFO] UserAuth:114 - Init User Auth plugin
2024-11-19 11:11:31,165 [INFO] PluginManage:359 - Loaded plugin userauth (category:base,tabindex:14)
2024-11-19 11:11:31,166 [INFO] PluginManage:283 - PluginManage : Loaded plugins [17]
2024-11-19 11:11:31,633 [INFO] PinOutPanel:1561 - setPackage(No Configuration,No Configuration)
2024-11-19 11:11:31,918 [INFO] CADModel:165 - CPN selected for project level
2024-11-19 11:11:31,918 [INFO] CADModel:114 - Register for checkConnection events
2024-11-19 11:11:31,991 [INFO] IPUIPlugin:80 - create IPUIPlugin
2024-11-19 11:11:31,991 [INFO] PluginManager:220 - loadIPPluginJar : add adc
2024-11-19 11:11:32,063 [INFO] IPUIPlugin:80 - create IPUIPlugin
2024-11-19 11:11:32,064 [INFO] PluginManager:220 - loadIPPluginJar : add aes
2024-11-19 11:11:32,144 [INFO] IPUIPlugin:80 - create IPUIPlugin
2024-11-19 11:11:32,145 [INFO] PluginManager:220 - loadIPPluginJar : add can
2024-11-19 11:11:32,192 [INFO] IPUIPlugin:80 - create IPUIPlugin
2024-11-19 11:11:32,192 [INFO] PluginManager:220 - loadIPPluginJar : add comp
2024-11-19 11:11:32,255 [INFO] IPUIPlugin:80 - create IPUIPlugin
2024-11-19 11:11:32,256 [INFO] PluginManager:220 - loadIPPluginJar : add cryp
2024-11-19 11:11:32,329 [INFO] IPUIPlugin:80 - create IPUIPlugin
2024-11-19 11:11:32,330 [INFO] PluginManager:220 - loadIPPluginJar : add dfsdm
2024-11-19 11:11:32,358 [INFO] IPUIPlugin:80 - create IPUIPlugin
2024-11-19 11:11:32,359 [INFO] PluginManager:220 - loadIPPluginJar : add dma
2024-11-19 11:11:32,449 [INFO] IPUIPlugin:80 - create IPUIPlugin
2024-11-19 11:11:32,449 [INFO] PluginManager:220 - loadIPPluginJar : add dma3
2024-11-19 11:11:32,539 [INFO] IPUIPlugin:80 - create IPUIPlugin
2024-11-19 11:11:32,539 [INFO] PluginManager:220 - loadIPPluginJar : add extmemmanager
2024-11-19 11:11:32,586 [INFO] IPUIPlugin:80 - create IPUIPlugin
2024-11-19 11:11:32,586 [INFO] PluginManager:220 - loadIPPluginJar : add fatfs
2024-11-19 11:11:32,679 [INFO] IPUIPlugin:80 - create IPUIPlugin
2024-11-19 11:11:32,680 [INFO] PluginManager:220 - loadIPPluginJar : add fmc
2024-11-19 11:11:32,712 [INFO] IPUIPlugin:80 - create IPUIPlugin
2024-11-19 11:11:32,713 [INFO] PluginManager:220 - loadIPPluginJar : add freertos
2024-11-19 11:11:32,757 [INFO] IPUIPlugin:80 - create IPUIPlugin
2024-11-19 11:11:32,757 [INFO] PluginManager:220 - loadIPPluginJar : add genericplugin
2024-11-19 11:11:32,979 [INFO] IPUIPlugin:80 - create IPUIPlugin
2024-11-19 11:11:32,979 [INFO] PluginManager:220 - loadIPPluginJar : add gfxmmu
2024-11-19 11:11:33,296 [INFO] IPUIPlugin:80 - create IPUIPlugin
2024-11-19 11:11:33,301 [INFO] PluginManager:220 - loadIPPluginJar : add gic
2024-11-19 11:11:33,331 [INFO] IPUIPlugin:80 - create IPUIPlugin
2024-11-19 11:11:33,332 [INFO] PluginManager:220 - loadIPPluginJar : add gpio
2024-11-19 11:11:33,516 [INFO] IPUIPlugin:80 - create IPUIPlugin
2024-11-19 11:11:33,516 [INFO] PluginManager:220 - loadIPPluginJar : add gtzc
2024-11-19 11:11:33,594 [INFO] IPUIPlugin:80 - create IPUIPlugin
2024-11-19 11:11:33,595 [INFO] PluginManager:220 - loadIPPluginJar : add hash
2024-11-19 11:11:33,702 [INFO] IPUIPlugin:80 - create IPUIPlugin
2024-11-19 11:11:33,702 [INFO] PluginManager:220 - loadIPPluginJar : add i2c
2024-11-19 11:11:33,789 [INFO] ThirdPartyUpdaterWithRetryManager:70 - Updater plugin not ready yet. [2/15]
2024-11-19 11:11:33,794 [INFO] IPUIPlugin:80 - create IPUIPlugin
2024-11-19 11:11:33,794 [INFO] PluginManager:220 - loadIPPluginJar : add i2s
2024-11-19 11:11:33,874 [INFO] IPUIPlugin:80 - create IPUIPlugin
2024-11-19 11:11:33,874 [INFO] PluginManager:220 - loadIPPluginJar : add i3c
2024-11-19 11:11:34,093 [INFO] IPUIPlugin:80 - create IPUIPlugin
2024-11-19 11:11:34,093 [INFO] PluginManager:220 - loadIPPluginJar : add ipddr
2024-11-19 11:11:34,298 [INFO] IPUIPlugin:80 - create IPUIPlugin
2024-11-19 11:11:34,299 [INFO] PluginManager:220 - loadIPPluginJar : add linkedlist
2024-11-19 11:11:34,371 [INFO] IPUIPlugin:80 - create IPUIPlugin
2024-11-19 11:11:34,371 [INFO] PluginManager:220 - loadIPPluginJar : add lorawan
2024-11-19 11:11:34,443 [INFO] IPUIPlugin:80 - create IPUIPlugin
2024-11-19 11:11:34,443 [INFO] PluginManager:220 - loadIPPluginJar : add ltdc
2024-11-19 11:11:34,489 [INFO] IPUIPlugin:80 - create IPUIPlugin
2024-11-19 11:11:34,489 [INFO] PluginManager:220 - loadIPPluginJar : add mdma
2024-11-19 11:11:34,514 [INFO] IPUIPlugin:80 - create IPUIPlugin
2024-11-19 11:11:34,516 [INFO] PluginManager:220 - loadIPPluginJar : add nvic
2024-11-19 11:11:34,651 [INFO] IPUIPlugin:80 - create IPUIPlugin
2024-11-19 11:11:34,651 [INFO] PluginManager:220 - loadIPPluginJar : add opamp
2024-11-19 11:11:34,846 [INFO] IPUIPlugin:80 - create IPUIPlugin
2024-11-19 11:11:34,846 [INFO] PluginManager:220 - loadIPPluginJar : add openamp
2024-11-19 11:11:34,944 [INFO] IPUIPlugin:80 - create IPUIPlugin
2024-11-19 11:11:34,944 [INFO] PluginManager:220 - loadIPPluginJar : add pdm2pcm
2024-11-19 11:11:34,981 [INFO] IPUIPlugin:80 - create IPUIPlugin
2024-11-19 11:11:34,988 [INFO] PluginManager:220 - loadIPPluginJar : add plateformsettings
2024-11-19 11:11:35,035 [INFO] IPUIPlugin:80 - create IPUIPlugin
2024-11-19 11:11:35,036 [INFO] PluginManager:220 - loadIPPluginJar : add quadspi
2024-11-19 11:11:35,057 [INFO] IPUIPlugin:80 - create IPUIPlugin
2024-11-19 11:11:35,057 [INFO] PluginManager:220 - loadIPPluginJar : add resmgrutility
2024-11-19 11:11:35,140 [INFO] IPUIPlugin:80 - create IPUIPlugin
2024-11-19 11:11:35,141 [INFO] PluginManager:220 - loadIPPluginJar : add sai
2024-11-19 11:11:35,210 [INFO] IPUIPlugin:80 - create IPUIPlugin
2024-11-19 11:11:35,210 [INFO] PluginManager:220 - loadIPPluginJar : add spi
2024-11-19 11:11:35,323 [INFO] IPUIPlugin:80 - create IPUIPlugin
2024-11-19 11:11:35,323 [INFO] PluginManager:220 - loadIPPluginJar : add stm32_wpan
2024-11-19 11:11:35,368 [INFO] IPUIPlugin:80 - create IPUIPlugin
2024-11-19 11:11:35,368 [INFO] PluginManager:220 - loadIPPluginJar : add tim
2024-11-19 11:11:35,503 [INFO] IPUIPlugin:80 - create IPUIPlugin
2024-11-19 11:11:35,503 [INFO] PluginManager:220 - loadIPPluginJar : add touchsensing
2024-11-19 11:11:35,548 [INFO] IPUIPlugin:80 - create IPUIPlugin
2024-11-19 11:11:35,549 [INFO] PluginManager:220 - loadIPPluginJar : add tracer_emb
2024-11-19 11:11:35,595 [INFO] IPUIPlugin:80 - create IPUIPlugin
2024-11-19 11:11:35,595 [INFO] PluginManager:220 - loadIPPluginJar : add ts
2024-11-19 11:11:35,647 [INFO] IPUIPlugin:80 - create IPUIPlugin
2024-11-19 11:11:35,647 [INFO] PluginManager:220 - loadIPPluginJar : add tsc
2024-11-19 11:11:35,689 [INFO] IPUIPlugin:80 - create IPUIPlugin
2024-11-19 11:11:35,690 [INFO] PluginManager:220 - loadIPPluginJar : add ucpd
2024-11-19 11:11:35,766 [INFO] IPUIPlugin:80 - create IPUIPlugin
2024-11-19 11:11:35,766 [INFO] PluginManager:220 - loadIPPluginJar : add usart
2024-11-19 11:11:35,848 [INFO] IPUIPlugin:80 - create IPUIPlugin
2024-11-19 11:11:35,850 [INFO] PluginManager:220 - loadIPPluginJar : add usbx
2024-11-19 11:11:36,062 [INFO] CADModel:165 - CPN selected for project level
2024-11-19 11:11:36,063 [INFO] CADModel:114 - Register for checkConnection events
2024-11-19 11:11:36,063 [FATAL] Updater:308 - Updater called before beeing initialized
2024-11-19 11:11:36,063 [ERROR] CADModel:125 - Updater not yet initialized, retry later 
2024-11-19 11:11:36,400 [INFO] CADModel:165 - CPN selected for project level
2024-11-19 11:11:36,401 [INFO] CADModel:114 - Register for checkConnection events
2024-11-19 11:11:36,401 [FATAL] Updater:308 - Updater called before beeing initialized
2024-11-19 11:11:36,401 [ERROR] CADModel:125 - Updater not yet initialized, retry later 
2024-11-19 11:11:36,411 [FATAL] Updater:308 - Updater called before beeing initialized
2024-11-19 11:11:36,647 [FATAL] Updater:308 - Updater called before beeing initialized
2024-11-19 11:11:36,670 [INFO] DbMcusAds:53 - JSON generation date=Fri Sep 20 18:04:23 PKT 2024 (1726837463113)
2024-11-19 11:11:36,670 [FATAL] Updater:308 - Updater called before beeing initialized
2024-11-19 11:11:36,792 [INFO] ThirdPartyUpdaterWithRetryManager:70 - Updater plugin not ready yet. [3/15]
2024-11-19 11:11:36,808 [WARN] DetailPanel:346 - Failed to get advertising image, set to default
2024-11-19 11:11:36,995 [FATAL] Updater:308 - Updater called before beeing initialized
2024-11-19 11:11:36,999 [FATAL] Updater:308 - Updater called before beeing initialized
2024-11-19 11:11:36,999 [FATAL] Updater:308 - Updater called before beeing initialized
2024-11-19 11:11:36,999 [WARN] DetailPanel:346 - Failed to get advertising image, set to default
2024-11-19 11:11:37,001 [FATAL] Updater:308 - Updater called before beeing initialized
2024-11-19 11:11:37,129 [ERROR] Updater:1120 - MainUpdater not yet initialized. External WinMGr cannot be set.
2024-11-19 11:11:37,148 [INFO] Updater:1056 - Updater Version found : 6.11.1
2024-11-19 11:11:37,195 [INFO] ApplicationProperties:184 - Using Application install path: C:\ST\STM32CubeIDE_1.15.1\STM32CubeIDE\plugins\com.st.stm32cube.common.mx_6.11.1.202404110753
2024-11-19 11:11:38,793 [ERROR] LogOutputStream:75 - [STDERR_REDIRECT] Nov 19, 2024 11:11:38 AM java.util.prefs.WindowsPreferences <init>
2024-11-19 11:11:38,795 [ERROR] LogOutputStream:75 - [STDERR_REDIRECT] WARNING: Could not open/create prefs root node Software\JavaSoft\Prefs at root 0xffffffff80000002. Windows RegCreateKeyEx(...) returned error code 5.
2024-11-19 11:11:38,796 [ERROR] LogOutputStream:75 - [STDERR_REDIRECT] 
2024-11-19 11:11:39,580 [INFO] MainUpdater:2873 - connection check result : 10
2024-11-19 11:11:39,581 [INFO] MainUpdater:3567 - Updater definition file requires update
2024-11-19 11:11:39,582 [INFO] MainUpdater:290 - Updater Check For Update Now.
2024-11-19 11:11:39,583 [INFO] MicroXplorer:498 - Change Database Version : DB.6.0.111
2024-11-19 11:11:39,607 [INFO] McuFinderGlobals:63 - Set McuFinder mode to 2 (CubeIDE integrated)
2024-11-19 11:11:39,608 [INFO] UserAuth:179 - activating auth plugin
2024-11-19 11:11:39,611 [INFO] UserAuth:415 - Internet connection configuration mode: 1
2024-11-19 11:11:39,644 [INFO] JxBrowserEngine:152 - Initiate JxBrowser Engine with user profile folder
2024-11-19 11:11:39,794 [WARN] MainUpdater:1194 - Updater busy. Cannot search thirdparties
2024-11-19 11:11:39,795 [INFO] ThirdPartyUpdaterWithRetryManager:96 - Updater plugin is busy. [1/15]
2024-11-19 11:11:40,154 [INFO] ServerAccessManage:473 - Download File updaters.zip
2024-11-19 11:11:40,340 [INFO] FileExtend:240 - Unzip File : updaters.zip
2024-11-19 11:11:40,340 [INFO] FileExtend:255 - Standard Zip Deflate
2024-11-19 11:11:40,988 [INFO] ServerAccessManage:473 - Download File PacksControlFlags.xml
2024-11-19 11:11:41,504 [INFO] ServerAccessManage:473 - Download File cubemx.pidx
2024-11-19 11:11:41,920 [INFO] ServerAccessManage:473 - Download File STMicroelectronics.FP-ATR-ASTRA1.pdsc
2024-11-19 11:11:42,795 [WARN] MainUpdater:1194 - Updater busy. Cannot search thirdparties
2024-11-19 11:11:42,795 [INFO] ThirdPartyUpdaterWithRetryManager:96 - Updater plugin is busy. [2/15]
2024-11-19 11:11:45,797 [WARN] MainUpdater:1194 - Updater busy. Cannot search thirdparties
2024-11-19 11:11:45,798 [INFO] ThirdPartyUpdaterWithRetryManager:96 - Updater plugin is busy. [3/15]
2024-11-19 11:11:45,938 [INFO] ServerAccessManage:473 - Download File quantropi.X-CUBE-qispace-sdk-base.pdsc
2024-11-19 11:11:46,286 [WARN] PackLoader:240 - Cannot read IP mode file for STMicroelectronics.FP-ATR-ASTRA1.2.0.1
2024-11-19 11:11:46,297 [WARN] ConditionMgr:438 - getConditionDescription Invalid condition id : Cortex-A Device cause : null
2024-11-19 11:11:46,338 [WARN] ConditionMgr:1039 - genDependencies : Invalid condition id : Cortex-A Device cause : null
2024-11-19 11:11:46,338 [WARN] ConditionMgr:1039 - genDependencies : Invalid condition id : Cortex-A Device cause : null
2024-11-19 11:11:46,338 [WARN] ConditionMgr:1039 - genDependencies : Invalid condition id : Cortex-A Device cause : null
2024-11-19 11:11:46,338 [INFO] PopulateThirdPartyThread:66 - Ending populate Thread
2024-11-19 11:11:46,341 [INFO] ThirdParty:1030 - CMSIS Pack Vendor :STMicroelectronics FP-ATR-ASTRA1 2.0.1
2024-11-19 11:11:46,341 [INFO] ThirdParty:1030 - CMSIS Pack Vendor :quantropi X-CUBE-qispace-sdk-base 1.9.3
2024-11-19 11:11:46,341 [INFO] LoadServerUpdatesThread:375 - End of LoadServerUpdate Thread
2024-11-19 11:11:46,470 [INFO] CheckServerUpdateThread:120 - End of CheckServer Thread
2024-11-19 11:11:49,018 [INFO] WebApp:161 - Instantiating new browser for Auth
2024-11-19 11:11:49,088 [WARN] PackLoader:240 - Cannot read IP mode file for STMicroelectronics.FP-SNS-MOTENVWB1.1.4.0
2024-11-19 11:11:49,095 [WARN] PackLoader:240 - Cannot read IP mode file for STMicroelectronics.FP-ATR-ASTRA1.2.0.1
2024-11-19 11:11:49,115 [WARN] PackLoader:240 - Cannot read IP mode file for STMicroelectronics.X-CUBE-SMBUS.2.1.0
2024-11-19 11:11:49,139 [WARN] PackLoader:240 - Cannot read IP mode file for STMicroelectronics.X-CUBE-WB05N.1.1.0
2024-11-19 11:11:49,199 [WARN] PackLoader:240 - Cannot read IP mode file for STMicroelectronics.X-CUBE-AZRTOS-F7.1.1.0
2024-11-19 11:11:49,308 [WARN] PackLoader:240 - Cannot read IP mode file for STMicroelectronics.X-CUBE-MEMS1.11.0.0
2024-11-19 11:11:49,497 [WARN] PackLoader:240 - Cannot read IP mode file for STMicroelectronics.FP-SNS-FLIGHT1.5.0.2
2024-11-19 11:11:49,522 [WARN] PackLoader:240 - Cannot read IP mode file for STMicroelectronics.X-CUBE-DISPLAY.3.0.0
2024-11-19 11:11:49,548 [WARN] PackLoader:240 - Cannot read IP mode file for STMicroelectronics.X-CUBE-BLE1.7.0.0
2024-11-19 11:11:49,568 [WARN] PackLoader:240 - Cannot read IP mode file for STMicroelectronics.X-CUBE-NFC10.1.0.0
2024-11-19 11:11:49,589 [WARN] PackLoader:240 - Cannot read IP mode file for emotas.I-CUBE-CANOPEN.1.3.0
2024-11-19 11:11:49,613 [WARN] PackLoader:240 - Cannot read IP mode file for STMicroelectronics.X-CUBE-BLEMGR.3.1.0
2024-11-19 11:11:49,637 [WARN] PackLoader:240 - Cannot read IP mode file for STMicroelectronics.FP-SNS-SMARTAG2.1.2.0
2024-11-19 11:11:49,665 [INFO] LogOutputStream:77 - [STDOUT_REDIRECT] 1 : Invalid condition id : UX_CORESTACK_Condition cause : null
2024-11-19 11:11:49,667 [INFO] LogOutputStream:77 - [STDOUT_REDIRECT] 1 : Invalid condition id : UX_CORESTACK_Condition cause : null
2024-11-19 11:11:49,668 [INFO] LogOutputStream:77 - [STDOUT_REDIRECT] 1 : Invalid condition id : UX_CORESTACK_Condition cause : null
2024-11-19 11:11:49,669 [INFO] LogOutputStream:77 - [STDOUT_REDIRECT] 1 : Invalid condition id : UX_CORESTACK_Condition cause : null
2024-11-19 11:11:49,670 [INFO] LogOutputStream:77 - [STDOUT_REDIRECT] 1 : Invalid condition id : UX_CORESTACK_Condition cause : null
2024-11-19 11:11:49,673 [WARN] PackLoader:240 - Cannot read IP mode file for STMicroelectronics.X-CUBE-AZRTOS-WL.2.0.0
2024-11-19 11:11:49,696 [WARN] PackLoader:240 - Cannot read IP mode file for STMicroelectronics.FP-SNS-MOTENV1.5.0.0
2024-11-19 11:11:49,703 [WARN] PackLoader:240 - Cannot read IP mode file for wolfSSL.I-CUBE-wolfMQTT.1.19.0
2024-11-19 11:11:49,723 [WARN] PackLoader:240 - Cannot read IP mode file for WES.I-CUBE-Cesium.1.3.0
2024-11-19 11:11:49,745 [WARN] PackLoader:240 - Cannot read IP mode file for STMicroelectronics.X-CUBE-BLE2.3.3.0
2024-11-19 11:11:49,764 [WARN] PackLoader:240 - Cannot read IP mode file for STMicroelectronics.X-CUBE-NFC9.1.0.0
2024-11-19 11:11:49,785 [WARN] PackLoader:240 - Cannot read IP mode file for STMicroelectronics.X-CUBE-TCPP.4.1.0
2024-11-19 11:11:49,819 [WARN] PackLoader:240 - Cannot read IP mode file for STMicroelectronics.X-CUBE-AZRTOS-G0.1.1.0
2024-11-19 11:11:49,845 [WARN] PackLoader:240 - Cannot read IP mode file for STMicroelectronics.X-CUBE-SAFEA1.1.2.2
2024-11-19 11:11:49,869 [WARN] PackLoader:240 - Cannot read IP mode file for STMicroelectronics.X-CUBE-NFC4.3.0.0
2024-11-19 11:11:49,895 [WARN] PackLoader:240 - Cannot read IP mode file for EmbeddedOffice.I-CUBE-FS-RTOS.1.0.1
2024-11-19 11:11:49,896 [ERROR] ConditionMgr:805 - Attr not supported : Dmpu
2024-11-19 11:11:49,896 [ERROR] ConditionMgr:805 - Attr not supported : Dmpu
2024-11-19 11:11:49,896 [ERROR] ConditionMgr:805 - Attr not supported : Dmpu
2024-11-19 11:11:49,896 [ERROR] ConditionMgr:805 - Attr not supported : Dmpu
2024-11-19 11:11:49,897 [ERROR] ConditionMgr:805 - Attr not supported : Dmpu
2024-11-19 11:11:49,897 [ERROR] ConditionMgr:805 - Attr not supported : Dmpu
2024-11-19 11:11:49,897 [ERROR] ConditionMgr:805 - Attr not supported : Dmpu
2024-11-19 11:11:49,897 [ERROR] ConditionMgr:805 - Attr not supported : Dmpu
2024-11-19 11:11:49,897 [ERROR] ConditionMgr:805 - Attr not supported : Dmpu
2024-11-19 11:11:49,897 [ERROR] ConditionMgr:805 - Attr not supported : Dmpu
2024-11-19 11:11:49,897 [ERROR] ConditionMgr:805 - Attr not supported : Dmpu
2024-11-19 11:11:49,897 [ERROR] ConditionMgr:805 - Attr not supported : Dmpu
2024-11-19 11:11:49,897 [ERROR] ConditionMgr:805 - Attr not supported : Dmpu
2024-11-19 11:11:49,897 [ERROR] ConditionMgr:805 - Attr not supported : Dmpu
2024-11-19 11:11:49,897 [ERROR] ConditionMgr:805 - Attr not supported : Dmpu
2024-11-19 11:11:49,897 [ERROR] ConditionMgr:805 - Attr not supported : Dmpu
2024-11-19 11:11:49,897 [ERROR] ConditionMgr:805 - Attr not supported : Dmpu
2024-11-19 11:11:49,897 [ERROR] ConditionMgr:805 - Attr not supported : Dmpu
2024-11-19 11:11:49,897 [ERROR] ConditionMgr:805 - Attr not supported : Dmpu
2024-11-19 11:11:49,898 [ERROR] ConditionMgr:805 - Attr not supported : Dmpu
2024-11-19 11:11:49,898 [ERROR] ConditionMgr:805 - Attr not supported : Dmpu
2024-11-19 11:11:49,898 [ERROR] ConditionMgr:805 - Attr not supported : Dmpu
2024-11-19 11:11:49,898 [ERROR] ConditionMgr:805 - Attr not supported : Dmpu
2024-11-19 11:11:49,898 [ERROR] ConditionMgr:805 - Attr not supported : Dmpu
2024-11-19 11:11:49,898 [ERROR] ConditionMgr:805 - Attr not supported : Dmpu
2024-11-19 11:11:49,898 [ERROR] ConditionMgr:805 - Attr not supported : Dmpu
2024-11-19 11:11:49,898 [ERROR] ConditionMgr:805 - Attr not supported : Dmpu
2024-11-19 11:11:49,898 [ERROR] ConditionMgr:805 - Attr not supported : Dmpu
2024-11-19 11:11:49,898 [ERROR] ConditionMgr:805 - Attr not supported : Dmpu
2024-11-19 11:11:49,898 [ERROR] ConditionMgr:805 - Attr not supported : Dmpu
2024-11-19 11:11:49,898 [ERROR] ConditionMgr:805 - Attr not supported : Dmpu
2024-11-19 11:11:49,898 [ERROR] ConditionMgr:805 - Attr not supported : Dmpu
2024-11-19 11:11:49,898 [ERROR] ConditionMgr:805 - Attr not supported : Dmpu
2024-11-19 11:11:49,898 [ERROR] ConditionMgr:805 - Attr not supported : Dmpu
2024-11-19 11:11:49,898 [ERROR] ConditionMgr:805 - Attr not supported : Dmpu
2024-11-19 11:11:49,898 [ERROR] ConditionMgr:805 - Attr not supported : Dmpu
2024-11-19 11:11:49,898 [ERROR] ConditionMgr:805 - Attr not supported : Dmpu
2024-11-19 11:11:49,899 [ERROR] ConditionMgr:805 - Attr not supported : Dmpu
2024-11-19 11:11:49,899 [ERROR] ConditionMgr:805 - Attr not supported : Dmpu
2024-11-19 11:11:49,899 [ERROR] ConditionMgr:805 - Attr not supported : Dmpu
2024-11-19 11:11:49,899 [ERROR] ConditionMgr:805 - Attr not supported : Dmpu
2024-11-19 11:11:49,899 [ERROR] ConditionMgr:805 - Attr not supported : Dmpu
2024-11-19 11:11:49,899 [ERROR] ConditionMgr:805 - Attr not supported : Dmpu
2024-11-19 11:11:49,899 [ERROR] ConditionMgr:805 - Attr not supported : Dmpu
2024-11-19 11:11:49,899 [ERROR] ConditionMgr:805 - Attr not supported : Dmpu
2024-11-19 11:11:49,899 [ERROR] ConditionMgr:805 - Attr not supported : Dmpu
2024-11-19 11:11:49,899 [ERROR] ConditionMgr:805 - Attr not supported : Dmpu
2024-11-19 11:11:49,899 [ERROR] ConditionMgr:805 - Attr not supported : Dmpu
2024-11-19 11:11:49,899 [ERROR] ConditionMgr:805 - Attr not supported : Dmpu
2024-11-19 11:11:49,899 [ERROR] ConditionMgr:805 - Attr not supported : Dmpu
2024-11-19 11:11:49,899 [ERROR] ConditionMgr:805 - Attr not supported : Dmpu
2024-11-19 11:11:49,899 [ERROR] ConditionMgr:805 - Attr not supported : Dmpu
2024-11-19 11:11:49,899 [ERROR] ConditionMgr:805 - Attr not supported : Dmpu
2024-11-19 11:11:49,899 [ERROR] ConditionMgr:805 - Attr not supported : Dmpu
2024-11-19 11:11:49,899 [ERROR] ConditionMgr:805 - Attr not supported : Dmpu
2024-11-19 11:11:49,899 [ERROR] ConditionMgr:805 - Attr not supported : Dmpu
2024-11-19 11:11:49,899 [ERROR] ConditionMgr:805 - Attr not supported : Dmpu
2024-11-19 11:11:49,900 [ERROR] ConditionMgr:805 - Attr not supported : Dmpu
2024-11-19 11:11:49,900 [ERROR] ConditionMgr:805 - Attr not supported : Dmpu
2024-11-19 11:11:49,900 [ERROR] ConditionMgr:805 - Attr not supported : Dmpu
2024-11-19 11:11:49,900 [ERROR] ConditionMgr:805 - Attr not supported : Dmpu
2024-11-19 11:11:49,900 [ERROR] ConditionMgr:805 - Attr not supported : Dmpu
2024-11-19 11:11:49,900 [ERROR] ConditionMgr:805 - Attr not supported : Dmpu
2024-11-19 11:11:49,900 [ERROR] ConditionMgr:805 - Attr not supported : Dmpu
2024-11-19 11:11:49,921 [WARN] PackLoader:240 - Cannot read IP mode file for RealThread.X-CUBE-RT-Thread_Nano.4.1.1
2024-11-19 11:11:49,940 [WARN] PackLoader:240 - Cannot read IP mode file for wolfSSL.I-CUBE-wolfSSL.5.7.0
2024-11-19 11:11:49,946 [WARN] PackLoader:240 - Cannot read IP mode file for STMicroelectronics.FP-ATR-SIGFOX1.3.2.0
2024-11-19 11:11:49,951 [WARN] ConditionMgr:438 - getConditionDescription Invalid condition id : Cortex-A Device cause : null
2024-11-19 11:11:49,976 [WARN] ConditionMgr:1039 - genDependencies : Invalid condition id : Cortex-A Device cause : null
2024-11-19 11:11:49,977 [WARN] ConditionMgr:1039 - genDependencies : Invalid condition id : Cortex-A Device cause : null
2024-11-19 11:11:49,977 [WARN] ConditionMgr:1039 - genDependencies : Invalid condition id : Cortex-A Device cause : null
2024-11-19 11:11:49,998 [WARN] PackLoader:240 - Cannot read IP mode file for STMicroelectronics.X-CUBE-EEPRMA1.5.1.0
2024-11-19 11:11:50,027 [WARN] PackLoader:240 - Cannot read IP mode file for ITTIA_DB.I-CUBE-ITTIADB.8.9.0
2024-11-19 11:11:50,074 [WARN] PackLoader:240 - Cannot read IP mode file for SEGGER.I-CUBE-embOS.1.3.1
2024-11-19 11:11:50,128 [WARN] PackLoader:240 - Cannot read IP mode file for STMicroelectronics.X-CUBE-ALGOBUILD.1.4.0
2024-11-19 11:11:50,147 [WARN] PackLoader:240 - Cannot read IP mode file for STMicroelectronics.X-CUBE-AI.9.1.0
2024-11-19 11:11:50,168 [INFO] WebApp:779 - Register for checkConnection events
2024-11-19 11:11:50,168 [INFO] WebApp:414 - Apply proxy settings
2024-11-19 11:11:50,168 [INFO] WebApp:499 - Chromium requires no authentication
2024-11-19 11:11:50,170 [WARN] PackLoader:240 - Cannot read IP mode file for STMicroelectronics.X-CUBE-GNSS1.6.0.0
2024-11-19 11:11:50,183 [INFO] WebApp:442 - Direct internet connection detected
2024-11-19 11:11:50,217 [WARN] PackLoader:240 - Cannot read IP mode file for STMicroelectronics.X-CUBE-AZRTOS-F4.1.1.0
2024-11-19 11:11:50,241 [WARN] PackLoader:240 - Cannot read IP mode file for STMicroelectronics.X-CUBE-ISPU.2.1.0
2024-11-19 11:11:50,263 [WARN] PackLoader:240 - Cannot read IP mode file for STMicroelectronics.X-CUBE-FREERTOS.1.2.0
2024-11-19 11:11:50,299 [WARN] PackLoader:240 - Cannot read IP mode file for STMicroelectronics.X-CUBE-AZRTOS-L5.2.0.0
2024-11-19 11:11:50,328 [WARN] PackLoader:240 - Cannot read IP mode file for STMicroelectronics.X-CUBE-NFC6.3.1.0
2024-11-19 11:11:50,351 [WARN] PackLoader:240 - Cannot read IP mode file for STMicroelectronics.X-CUBE-DPower.1.2.0
2024-11-19 11:11:50,373 [WARN] PackLoader:240 - Cannot read IP mode file for STMicroelectronics.X-CUBE-AI.9.0.0
2024-11-19 11:11:50,406 [WARN] PackLoader:240 - Cannot read IP mode file for STMicroelectronics.X-CUBE-NFC7.1.0.1
2024-11-19 11:11:50,414 [WARN] PackLoader:240 - Cannot read IP mode file for wolfSSL.I-CUBE-wolfTPM.3.2.0
2024-11-19 11:11:50,453 [WARN] ConditionMgr:438 - getConditionDescription Invalid condition id : LAN8742 Phy interface Condition cause : null
2024-11-19 11:11:50,454 [WARN] PackLoader:240 - Cannot read IP mode file for STMicroelectronics.X-CUBE-AZRTOS-L4.2.0.0
2024-11-19 11:11:50,456 [WARN] ConditionMgr:1039 - genDependencies : Invalid condition id : LAN8742 Phy interface Condition cause : null
2024-11-19 11:11:50,456 [WARN] ConditionMgr:1039 - genDependencies : Invalid condition id : LAN8742 Phy interface Condition cause : null
2024-11-19 11:11:50,457 [WARN] ConditionMgr:1039 - genDependencies : Invalid condition id : LAN8742 Phy interface Condition cause : null
2024-11-19 11:11:50,480 [WARN] PackLoader:240 - Cannot read IP mode file for STMicroelectronics.X-CUBE-SFXS2LP1.4.0.0
2024-11-19 11:11:50,516 [INFO] WebApp:192 - Starting web application
2024-11-19 11:11:50,516 [INFO] WebApp:544 - Web application path used C:\ST\STM32CubeIDE_1.15.1\STM32CubeIDE\plugins\com.st.stm32cube.common.mx_6.11.1.202404110753\db\plugins\mcufinder\reactClient1\index.html
2024-11-19 11:11:50,526 [WARN] PackLoader:240 - Cannot read IP mode file for STMicroelectronics.X-CUBE-AZRTOS-H7.3.3.0
2024-11-19 11:11:50,556 [WARN] PackLoader:240 - Cannot read IP mode file for STMicroelectronics.X-CUBE-IPS.3.0.0
2024-11-19 11:11:50,591 [WARN] ConditionMgr:438 - getConditionDescription Invalid condition id : UX DEVICE CLASS RTOS Condition cause : null
2024-11-19 11:11:50,592 [WARN] ConditionMgr:438 - getConditionDescription Invalid condition id : UX DEVICE CLASS RTOS Condition cause : null
2024-11-19 11:11:50,593 [WARN] PackLoader:240 - Cannot read IP mode file for STMicroelectronics.X-CUBE-AZRTOS-WB.2.0.0
2024-11-19 11:11:50,594 [WARN] ConditionMgr:1039 - genDependencies : Invalid condition id : UX DEVICE CLASS RTOS Condition cause : null
2024-11-19 11:11:50,594 [WARN] ConditionMgr:1039 - genDependencies : Invalid condition id : UX DEVICE CLASS RTOS Condition cause : null
2024-11-19 11:11:50,595 [WARN] ConditionMgr:1039 - genDependencies : Invalid condition id : UX DEVICE CLASS RTOS Condition cause : null
2024-11-19 11:11:50,595 [WARN] ConditionMgr:1039 - genDependencies : Invalid condition id : UX DEVICE CLASS RTOS Condition cause : null
2024-11-19 11:11:50,595 [WARN] ConditionMgr:1039 - genDependencies : Invalid condition id : UX DEVICE CLASS RTOS Condition cause : null
2024-11-19 11:11:50,614 [WARN] PackLoader:240 - Cannot read IP mode file for STMicroelectronics.X-CUBE-GNSS1.7.0.0
2024-11-19 11:11:50,634 [WARN] PackLoader:240 - Cannot read IP mode file for STMicroelectronics.FP-SNS-STBOX1.2.0.0
2024-11-19 11:11:50,658 [WARN] PackLoader:240 - Cannot read IP mode file for STMicroelectronics.X-CUBE-SUBG2.5.0.0
2024-11-19 11:11:50,667 [WARN] PackLoader:240 - Cannot read IP mode file for Cesanta.I-CUBE-Mongoose.7.13.0
2024-11-19 11:11:50,695 [WARN] PackLoader:240 - Cannot read IP mode file for STMicroelectronics.X-CUBE-AZRTOS-G4.2.0.0
2024-11-19 11:11:50,713 [WARN] PackLoader:240 - Cannot read IP mode file for STMicroelectronics.X-CUBE-ISPU.2.0.0
2024-11-19 11:11:50,729 [WARN] PackLoader:240 - Cannot read IP mode file for STMicroelectronics.X-CUBE-ALS.1.0.2
2024-11-19 11:11:50,803 [WARN] PackLoader:240 - Cannot read IP mode file for STMicroelectronics.X-CUBE-MEMS1.10.0.0
2024-11-19 11:11:50,951 [WARN] PackLoader:240 - Cannot read IP mode file for STMicroelectronics.X-CUBE-TOUCHGFX.4.24.0
2024-11-19 11:11:50,972 [WARN] PackLoader:240 - Cannot read IP mode file for STMicroelectronics.X-CUBE-TOUCHGFX.4.24.1
2024-11-19 11:11:50,992 [WARN] PackLoader:240 - Cannot read IP mode file for portGmbH.I-Cube-SoM-uGOAL.1.1.0
2024-11-19 11:11:51,050 [WARN] PackLoader:240 - Cannot read IP mode file for STMicroelectronics.X-CUBE-AZRTOS-H7RS.1.0.0
2024-11-19 11:11:51,057 [WARN] PackLoader:240 - Cannot read IP mode file for STMicroelectronics.FP-ATR-ASTRA1.2.0.0
2024-11-19 11:11:51,084 [WARN] PackLoader:240 - Cannot read IP mode file for STMicroelectronics.X-CUBE-TOF1.3.4.2
2024-11-19 11:11:51,116 [WARN] PackLoader:240 - Cannot read IP mode file for STMicroelectronics.X-CUBE-TOF1.3.4.1
2024-11-19 11:11:51,163 [WARN] PackLoader:240 - Cannot read IP mode file for STMicroelectronics.X-CUBE-AZRTOS-H7.3.2.0
2024-11-19 11:11:51,199 [WARN] PackLoader:240 - Cannot read IP mode file for Infineon.AIROC-Wi-Fi-Bluetooth-STM32.1.6.0
2024-11-19 11:11:51,207 [WARN] PackLoader:240 - Cannot read IP mode file for wolfSSL.I-CUBE-wolfSSH.1.4.17
2024-11-19 11:11:51,208 [INFO] ThirdParty:978 - Integrity check success = true
2024-11-19 11:11:51,208 [INFO] IntegrityCheckThread:100 - exiting critical section [integrity check]
2024-11-19 11:11:51,208 [INFO] IntegrityCheckThread:103 - End integrity checks thread
2024-11-19 12:08:11,720 [ERROR] LogOutputStream:75 - [STDERR_REDIRECT] 
