2024-09-27 09:20:44,306 [INFO] Activator:176 - 


2024-09-27 09:20:44,312 [INFO] Activator:177 - !SESSION log4j initialized
2024-09-27 09:21:02,910 [INFO] LogOutputStream:77 - [STDOUT_REDIRECT] 
2024-09-27 09:21:03,180 [ERROR] ConfigurationRetriever:142 - IOException on connection: sw-center.st.com
2024-09-27 09:21:03,181 [ERROR] ConfigurationRetriever:142 - IOException on connection: sw-center.st.com
2024-09-27 09:21:03,181 [ERROR] ConfigurationRetriever:142 - IOException on connection: sw-center.st.com
2024-09-27 09:21:03,188 [ERROR] ConfigurationRetriever:142 - IOException on connection: sw-center.st.com
2024-09-27 09:21:03,189 [ERROR] ConfigurationRetriever:142 - IOException on connection: sw-center.st.com
2024-09-27 09:21:03,190 [ERROR] ConfigurationRetriever:142 - IOException on connection: sw-center.st.com
2024-09-27 09:21:04,760 [INFO] ApplicationProperties:184 - Using Application install path: C:\ST\STM32CubeIDE_1.15.1\STM32CubeIDE\plugins\com.st.stm32cube.common.mx_6.11.1.202404110753
2024-09-27 09:21:04,780 [INFO] DbMcusXml:78 - Set database path to: C:\ST\STM32CubeIDE_1.15.1\STM32CubeIDE\plugins\com.st.stm32cube.common.mx_6.11.1.202404110753\\db\/mcu/
2024-09-27 09:21:04,780 [INFO] ApiDb:274 - Set plugin database path to: C:\ST\STM32CubeIDE_1.15.1\STM32CubeIDE\plugins\com.st.stm32cube.common.mx_6.11.1.202404110753\\db\/plugins/boardmanager/
2024-09-27 09:21:04,781 [WARN] ApiDb:259 - Overriding images path with different value:  => C:\ST\STM32CubeIDE_1.15.1\STM32CubeIDE\plugins\com.st.stm32cube.common.mx_6.11.1.202404110753\\db\/plugins/mcufinder/images/
2024-09-27 09:21:04,790 [INFO] ApiDb:250 - Set database path to: C:\Users\Asif\.stmcufinder\plugins\mcufinder//mcu/
2024-09-27 09:21:04,791 [INFO] DbMcusAds:125 - Set database path to: C:\Users\Asif\.stmcufinder\plugins\mcufinder//mcu/
2024-09-27 09:21:04,793 [INFO] CrossReferenceDbSqlite:203 - Set database path to: C:\Users\Asif\.stmcufinder\plugins\mcufinder//mcu/cs/
2024-09-27 09:21:04,927 [INFO] RulesReader:64 - Compatibility file has been processed (297 Rules)
2024-09-27 09:21:05,019 [INFO] DbMcusXml:78 - Set database path to: C:\ST\STM32CubeIDE_1.15.1\STM32CubeIDE\plugins\com.st.stm32cube.common.mx_6.11.1.202404110753\\db\/mcu/
2024-09-27 09:21:05,019 [INFO] ApiDb:274 - Set plugin database path to: C:\ST\STM32CubeIDE_1.15.1\STM32CubeIDE\plugins\com.st.stm32cube.common.mx_6.11.1.202404110753\\db\/plugins/boardmanager/
2024-09-27 09:21:05,019 [INFO] ApiDb:261 - Set plugin images path to: C:\ST\STM32CubeIDE_1.15.1\STM32CubeIDE\plugins\com.st.stm32cube.common.mx_6.11.1.202404110753\\db\/plugins/mcufinder/images/
2024-09-27 09:21:05,020 [WARN] DbFile:41 - Overriding database path with different value: C:\Users\Asif\.stmcufinder\plugins\mcufinder/ => C:\Users\Asif\.stmcufinder\plugins\mcufinder
2024-09-27 09:21:05,020 [INFO] ApiDb:250 - Set database path to: C:\Users\Asif\.stmcufinder\plugins\mcufinder//mcu/
2024-09-27 09:21:05,020 [WARN] DbFile:41 - Overriding database path with different value: C:\Users\Asif\.stmcufinder\plugins\mcufinder/ => C:\Users\Asif\.stmcufinder\plugins\mcufinder
2024-09-27 09:21:05,020 [INFO] DbMcusAds:125 - Set database path to: C:\Users\Asif\.stmcufinder\plugins\mcufinder//mcu/
2024-09-27 09:21:05,020 [WARN] DbFile:41 - Overriding database path with different value: C:\Users\Asif\.stmcufinder\plugins\mcufinder/ => C:\Users\Asif\.stmcufinder\plugins\mcufinder
2024-09-27 09:21:05,020 [WARN] DbFile:41 - Overriding database path with different value: C:\Users\Asif\.stmcufinder\plugins\mcufinder/ => C:\Users\Asif\.stmcufinder\plugins\mcufinder
2024-09-27 09:21:05,020 [INFO] CrossReferenceDbSqlite:203 - Set database path to: C:\Users\Asif\.stmcufinder\plugins\mcufinder//mcu/cs/
2024-09-27 09:21:05,095 [INFO] MainPanel:264 - HeapMemory: 268435456
2024-09-27 09:21:05,193 [INFO] DbMcusXml:78 - Set database path to: C:\ST\STM32CubeIDE_1.15.1\STM32CubeIDE\plugins\com.st.stm32cube.common.mx_6.11.1.202404110753\\db\/mcu/
2024-09-27 09:21:05,193 [INFO] ApiDb:274 - Set plugin database path to: C:\ST\STM32CubeIDE_1.15.1\STM32CubeIDE\plugins\com.st.stm32cube.common.mx_6.11.1.202404110753\\db\/plugins/boardmanager/
2024-09-27 09:21:05,194 [INFO] ApiDb:261 - Set plugin images path to: C:\ST\STM32CubeIDE_1.15.1\STM32CubeIDE\plugins\com.st.stm32cube.common.mx_6.11.1.202404110753\\db\/plugins/mcufinder/images/
2024-09-27 09:21:05,194 [WARN] DbFile:41 - Overriding database path with different value: C:\Users\Asif\.stmcufinder\plugins\mcufinder/ => C:\Users\Asif\.stmcufinder\plugins\mcufinder
2024-09-27 09:21:05,194 [INFO] ApiDb:250 - Set database path to: C:\Users\Asif\.stmcufinder\plugins\mcufinder//mcu/
2024-09-27 09:21:05,194 [WARN] DbFile:41 - Overriding database path with different value: C:\Users\Asif\.stmcufinder\plugins\mcufinder/ => C:\Users\Asif\.stmcufinder\plugins\mcufinder
2024-09-27 09:21:05,194 [INFO] DbMcusAds:125 - Set database path to: C:\Users\Asif\.stmcufinder\plugins\mcufinder//mcu/
2024-09-27 09:21:05,194 [WARN] DbFile:41 - Overriding database path with different value: C:\Users\Asif\.stmcufinder\plugins\mcufinder/ => C:\Users\Asif\.stmcufinder\plugins\mcufinder
2024-09-27 09:21:05,194 [WARN] DbFile:41 - Overriding database path with different value: C:\Users\Asif\.stmcufinder\plugins\mcufinder/ => C:\Users\Asif\.stmcufinder\plugins\mcufinder
2024-09-27 09:21:05,194 [INFO] CrossReferenceDbSqlite:203 - Set database path to: C:\Users\Asif\.stmcufinder\plugins\mcufinder//mcu/cs/
2024-09-27 09:21:05,214 [INFO] ApplicationProperties:184 - Using Application install path: C:\ST\STM32CubeIDE_1.15.1\STM32CubeIDE\plugins\com.st.stm32cube.common.mx_6.11.1.202404110753
2024-09-27 09:21:05,216 [INFO] PluginManage:196 - Search for loadable plugins [exclusion list=, ]
2024-09-27 09:21:05,217 [INFO] PluginManage:310 - Check plugin analytics
2024-09-27 09:21:05,392 [INFO] AnalyticsPlugin:253 - Accepted Software Licenses: 
2024-09-27 09:21:05,392 [INFO] AnalyticsPlugin:255 - Accepted CMSIS Pack Licenses: 
2024-09-27 09:21:05,392 [INFO] AnalyticsPlugin:257 - Accepted Firmware Licenses: FW.F4.1.28.0
2024-09-27 09:21:05,394 [INFO] PluginManage:359 - Loaded plugin analytics (category:tool,tabindex:-1)
2024-09-27 09:21:05,395 [INFO] PluginManage:310 - Check plugin cadmodel
2024-09-27 09:21:05,395 [ERROR] ConfigurationRetriever:142 - IOException on connection: sw-center.st.com
2024-09-27 09:21:05,396 [ERROR] ConfigurationRetriever:142 - IOException on connection: sw-center.st.com
2024-09-27 09:21:05,396 [ERROR] ConfigurationRetriever:142 - IOException on connection: sw-center.st.com
2024-09-27 09:21:05,412 [INFO] CADModel:105 - Init CAD model plugin
2024-09-27 09:21:05,412 [INFO] PluginManage:359 - Loaded plugin cadmodel (category:power,tabindex:5)
2024-09-27 09:21:05,412 [INFO] PluginManage:310 - Check plugin clock
2024-09-27 09:21:05,432 [INFO] PluginManage:359 - Loaded plugin clock (category:base,tabindex:2)
2024-09-27 09:21:05,433 [INFO] PluginManage:310 - Check plugin ddr
2024-09-27 09:21:05,435 [INFO] PluginManage:359 - Loaded plugin ddr (category:tool,tabindex:6)
2024-09-27 09:21:05,435 [INFO] PluginManage:310 - Check plugin filemanager
2024-09-27 09:21:05,587 [INFO] PluginManage:359 - Loaded plugin filemanager (category:base,tabindex:10)
2024-09-27 09:21:05,588 [INFO] PluginManage:310 - Check plugin ipmanager
2024-09-27 09:21:05,596 [INFO] PluginManage:359 - Loaded plugin ipmanager (category:base,tabindex:5)
2024-09-27 09:21:05,597 [INFO] PluginManage:310 - Check plugin lpbam
2024-09-27 09:21:05,615 [INFO] PluginManage:359 - Loaded plugin lpbam (category:base,tabindex:0)
2024-09-27 09:21:05,615 [INFO] PluginManage:310 - Check plugin memorymap
2024-09-27 09:21:05,640 [INFO] PluginManage:359 - Loaded plugin memorymap (category:base,tabindex:4)
2024-09-27 09:21:05,640 [INFO] PluginManage:310 - Check plugin pinoutandconfiguration
2024-09-27 09:21:05,657 [INFO] PluginManage:359 - Loaded plugin pinoutandconfiguration (category:base,tabindex:1)
2024-09-27 09:21:05,657 [INFO] PluginManage:310 - Check plugin pinoutconfig
2024-09-27 09:21:05,756 [WARN] SupportedApi:132 - Cannot load RTOS API schema: s4s-elt-must-match.1: The content of 'definitions' must match (annotation?, (simpleType | complexType)?, (unique | key | keyref)*)). A problem was found starting at: attribute.
2024-09-27 09:21:05,910 [INFO] PluginManage:359 - Loaded plugin pinoutconfig (category:base,tabindex:0)
2024-09-27 09:21:05,911 [INFO] PluginManage:310 - Check plugin power
2024-09-27 09:21:05,934 [INFO] PluginManage:359 - Loaded plugin power (category:power,tabindex:4)
2024-09-27 09:21:05,934 [INFO] PluginManage:310 - Check plugin projectmanager
2024-09-27 09:21:05,951 [INFO] PluginManage:359 - Loaded plugin projectmanager (category:projectmanager,tabindex:3)
2024-09-27 09:21:05,952 [INFO] PluginManage:310 - Check plugin thirdparty
2024-09-27 09:21:06,255 [INFO] PluginManage:359 - Loaded plugin thirdparty (category:base,tabindex:-1)
2024-09-27 09:21:06,255 [INFO] PluginManage:310 - Check plugin tools
2024-09-27 09:21:06,255 [WARN] IntegrityCheckThread:84 - waiting for thirdparty lock release [integrity check]
2024-09-27 09:21:06,256 [INFO] IntegrityCheckThread:86 - entering critical section [integrity check]
2024-09-27 09:21:06,256 [INFO] ThirdPartyUpdaterWithRetryManager:70 - Updater plugin not ready yet. [1/15]
2024-09-27 09:21:06,289 [INFO] PluginManage:359 - Loaded plugin tools (category:base,tabindex:7)
2024-09-27 09:21:06,289 [INFO] PluginManage:310 - Check plugin tutovideos
2024-09-27 09:21:06,479 [INFO] PluginManage:359 - Loaded plugin tutovideos (category:base,tabindex:-1)
2024-09-27 09:21:06,479 [INFO] PluginManage:310 - Check plugin updater
2024-09-27 09:21:06,490 [INFO] PluginManage:359 - Loaded plugin updater (category:base,tabindex:12)
2024-09-27 09:21:06,490 [INFO] PluginManage:310 - Check plugin userauth
2024-09-27 09:21:06,497 [INFO] UserAuth:114 - Init User Auth plugin
2024-09-27 09:21:06,497 [INFO] PluginManage:359 - Loaded plugin userauth (category:base,tabindex:14)
2024-09-27 09:21:06,498 [INFO] PluginManage:283 - PluginManage : Loaded plugins [17]
2024-09-27 09:21:06,717 [INFO] PinOutPanel:1561 - setPackage(No Configuration,No Configuration)
2024-09-27 09:21:06,788 [INFO] CADModel:165 - CPN selected for project level
2024-09-27 09:21:06,788 [INFO] CADModel:114 - Register for checkConnection events
2024-09-27 09:21:06,812 [INFO] IPUIPlugin:80 - create IPUIPlugin
2024-09-27 09:21:06,812 [INFO] PluginManager:220 - loadIPPluginJar : add adc
2024-09-27 09:21:06,848 [INFO] IPUIPlugin:80 - create IPUIPlugin
2024-09-27 09:21:06,848 [INFO] PluginManager:220 - loadIPPluginJar : add aes
2024-09-27 09:21:06,894 [INFO] IPUIPlugin:80 - create IPUIPlugin
2024-09-27 09:21:06,894 [INFO] PluginManager:220 - loadIPPluginJar : add can
2024-09-27 09:21:06,919 [INFO] IPUIPlugin:80 - create IPUIPlugin
2024-09-27 09:21:06,920 [INFO] PluginManager:220 - loadIPPluginJar : add comp
2024-09-27 09:21:06,953 [INFO] IPUIPlugin:80 - create IPUIPlugin
2024-09-27 09:21:06,953 [INFO] PluginManager:220 - loadIPPluginJar : add cryp
2024-09-27 09:21:06,982 [INFO] IPUIPlugin:80 - create IPUIPlugin
2024-09-27 09:21:06,982 [INFO] PluginManager:220 - loadIPPluginJar : add dfsdm
2024-09-27 09:21:06,995 [INFO] IPUIPlugin:80 - create IPUIPlugin
2024-09-27 09:21:06,995 [INFO] PluginManager:220 - loadIPPluginJar : add dma
2024-09-27 09:21:07,038 [INFO] IPUIPlugin:80 - create IPUIPlugin
2024-09-27 09:21:07,038 [INFO] PluginManager:220 - loadIPPluginJar : add dma3
2024-09-27 09:21:07,082 [INFO] IPUIPlugin:80 - create IPUIPlugin
2024-09-27 09:21:07,082 [INFO] PluginManager:220 - loadIPPluginJar : add extmemmanager
2024-09-27 09:21:07,102 [INFO] IPUIPlugin:80 - create IPUIPlugin
2024-09-27 09:21:07,102 [INFO] PluginManager:220 - loadIPPluginJar : add fatfs
2024-09-27 09:21:07,150 [INFO] IPUIPlugin:80 - create IPUIPlugin
2024-09-27 09:21:07,150 [INFO] PluginManager:220 - loadIPPluginJar : add fmc
2024-09-27 09:21:07,166 [INFO] IPUIPlugin:80 - create IPUIPlugin
2024-09-27 09:21:07,166 [INFO] PluginManager:220 - loadIPPluginJar : add freertos
2024-09-27 09:21:07,187 [INFO] IPUIPlugin:80 - create IPUIPlugin
2024-09-27 09:21:07,187 [INFO] PluginManager:220 - loadIPPluginJar : add genericplugin
2024-09-27 09:21:07,275 [INFO] IPUIPlugin:80 - create IPUIPlugin
2024-09-27 09:21:07,275 [INFO] PluginManager:220 - loadIPPluginJar : add gfxmmu
2024-09-27 09:21:07,403 [INFO] IPUIPlugin:80 - create IPUIPlugin
2024-09-27 09:21:07,403 [INFO] PluginManager:220 - loadIPPluginJar : add gic
2024-09-27 09:21:07,416 [INFO] IPUIPlugin:80 - create IPUIPlugin
2024-09-27 09:21:07,416 [INFO] PluginManager:220 - loadIPPluginJar : add gpio
2024-09-27 09:21:07,511 [INFO] IPUIPlugin:80 - create IPUIPlugin
2024-09-27 09:21:07,511 [INFO] PluginManager:220 - loadIPPluginJar : add gtzc
2024-09-27 09:21:07,544 [INFO] IPUIPlugin:80 - create IPUIPlugin
2024-09-27 09:21:07,544 [INFO] PluginManager:220 - loadIPPluginJar : add hash
2024-09-27 09:21:07,596 [INFO] IPUIPlugin:80 - create IPUIPlugin
2024-09-27 09:21:07,596 [INFO] PluginManager:220 - loadIPPluginJar : add i2c
2024-09-27 09:21:07,636 [INFO] IPUIPlugin:80 - create IPUIPlugin
2024-09-27 09:21:07,636 [INFO] PluginManager:220 - loadIPPluginJar : add i2s
2024-09-27 09:21:07,678 [INFO] IPUIPlugin:80 - create IPUIPlugin
2024-09-27 09:21:07,678 [INFO] PluginManager:220 - loadIPPluginJar : add i3c
2024-09-27 09:21:07,791 [INFO] IPUIPlugin:80 - create IPUIPlugin
2024-09-27 09:21:07,791 [INFO] PluginManager:220 - loadIPPluginJar : add ipddr
2024-09-27 09:21:07,888 [INFO] IPUIPlugin:80 - create IPUIPlugin
2024-09-27 09:21:07,888 [INFO] PluginManager:220 - loadIPPluginJar : add linkedlist
2024-09-27 09:21:07,929 [INFO] IPUIPlugin:80 - create IPUIPlugin
2024-09-27 09:21:07,929 [INFO] PluginManager:220 - loadIPPluginJar : add lorawan
2024-09-27 09:21:07,964 [INFO] IPUIPlugin:80 - create IPUIPlugin
2024-09-27 09:21:07,965 [INFO] PluginManager:220 - loadIPPluginJar : add ltdc
2024-09-27 09:21:07,978 [INFO] IPUIPlugin:80 - create IPUIPlugin
2024-09-27 09:21:07,978 [INFO] PluginManager:220 - loadIPPluginJar : add mdma
2024-09-27 09:21:07,989 [INFO] IPUIPlugin:80 - create IPUIPlugin
2024-09-27 09:21:07,989 [INFO] PluginManager:220 - loadIPPluginJar : add nvic
2024-09-27 09:21:08,025 [INFO] IPUIPlugin:80 - create IPUIPlugin
2024-09-27 09:21:08,025 [INFO] PluginManager:220 - loadIPPluginJar : add opamp
2024-09-27 09:21:08,083 [INFO] IPUIPlugin:80 - create IPUIPlugin
2024-09-27 09:21:08,083 [INFO] PluginManager:220 - loadIPPluginJar : add openamp
2024-09-27 09:21:08,124 [INFO] IPUIPlugin:80 - create IPUIPlugin
2024-09-27 09:21:08,124 [INFO] PluginManager:220 - loadIPPluginJar : add pdm2pcm
2024-09-27 09:21:08,138 [INFO] IPUIPlugin:80 - create IPUIPlugin
2024-09-27 09:21:08,140 [INFO] PluginManager:220 - loadIPPluginJar : add plateformsettings
2024-09-27 09:21:08,162 [INFO] IPUIPlugin:80 - create IPUIPlugin
2024-09-27 09:21:08,162 [INFO] PluginManager:220 - loadIPPluginJar : add quadspi
2024-09-27 09:21:08,174 [INFO] IPUIPlugin:80 - create IPUIPlugin
2024-09-27 09:21:08,174 [INFO] PluginManager:220 - loadIPPluginJar : add resmgrutility
2024-09-27 09:21:08,223 [INFO] IPUIPlugin:80 - create IPUIPlugin
2024-09-27 09:21:08,223 [INFO] PluginManager:220 - loadIPPluginJar : add sai
2024-09-27 09:21:08,260 [INFO] IPUIPlugin:80 - create IPUIPlugin
2024-09-27 09:21:08,260 [INFO] PluginManager:220 - loadIPPluginJar : add spi
2024-09-27 09:21:08,328 [INFO] IPUIPlugin:80 - create IPUIPlugin
2024-09-27 09:21:08,328 [INFO] PluginManager:220 - loadIPPluginJar : add stm32_wpan
2024-09-27 09:21:08,351 [INFO] IPUIPlugin:80 - create IPUIPlugin
2024-09-27 09:21:08,351 [INFO] PluginManager:220 - loadIPPluginJar : add tim
2024-09-27 09:21:08,413 [INFO] IPUIPlugin:80 - create IPUIPlugin
2024-09-27 09:21:08,413 [INFO] PluginManager:220 - loadIPPluginJar : add touchsensing
2024-09-27 09:21:08,436 [INFO] IPUIPlugin:80 - create IPUIPlugin
2024-09-27 09:21:08,436 [INFO] PluginManager:220 - loadIPPluginJar : add tracer_emb
2024-09-27 09:21:08,461 [INFO] IPUIPlugin:80 - create IPUIPlugin
2024-09-27 09:21:08,461 [INFO] PluginManager:220 - loadIPPluginJar : add ts
2024-09-27 09:21:08,484 [INFO] IPUIPlugin:80 - create IPUIPlugin
2024-09-27 09:21:08,484 [INFO] PluginManager:220 - loadIPPluginJar : add tsc
2024-09-27 09:21:08,505 [INFO] IPUIPlugin:80 - create IPUIPlugin
2024-09-27 09:21:08,505 [INFO] PluginManager:220 - loadIPPluginJar : add ucpd
2024-09-27 09:21:08,551 [INFO] IPUIPlugin:80 - create IPUIPlugin
2024-09-27 09:21:08,551 [INFO] PluginManager:220 - loadIPPluginJar : add usart
2024-09-27 09:21:08,596 [INFO] IPUIPlugin:80 - create IPUIPlugin
2024-09-27 09:21:08,596 [INFO] PluginManager:220 - loadIPPluginJar : add usbx
2024-09-27 09:21:08,729 [INFO] CADModel:165 - CPN selected for project level
2024-09-27 09:21:08,729 [INFO] CADModel:114 - Register for checkConnection events
2024-09-27 09:21:08,730 [FATAL] Updater:308 - Updater called before beeing initialized
2024-09-27 09:21:08,730 [ERROR] CADModel:125 - Updater not yet initialized, retry later 
2024-09-27 09:21:08,899 [INFO] CADModel:165 - CPN selected for project level
2024-09-27 09:21:08,899 [INFO] CADModel:114 - Register for checkConnection events
2024-09-27 09:21:08,899 [FATAL] Updater:308 - Updater called before beeing initialized
2024-09-27 09:21:08,899 [ERROR] CADModel:125 - Updater not yet initialized, retry later 
2024-09-27 09:21:08,902 [FATAL] Updater:308 - Updater called before beeing initialized
2024-09-27 09:21:09,053 [FATAL] Updater:308 - Updater called before beeing initialized
2024-09-27 09:21:09,063 [INFO] DbMcusAds:53 - JSON generation date=Mon Sep 16 19:40:22 PKT 2024 (1726497622318)
2024-09-27 09:21:09,064 [FATAL] Updater:308 - Updater called before beeing initialized
2024-09-27 09:21:09,149 [WARN] DetailPanel:346 - Failed to get advertising image, set to default
2024-09-27 09:21:09,236 [FATAL] Updater:308 - Updater called before beeing initialized
2024-09-27 09:21:09,238 [FATAL] Updater:308 - Updater called before beeing initialized
2024-09-27 09:21:09,238 [FATAL] Updater:308 - Updater called before beeing initialized
2024-09-27 09:21:09,238 [WARN] DetailPanel:346 - Failed to get advertising image, set to default
2024-09-27 09:21:09,239 [FATAL] Updater:308 - Updater called before beeing initialized
2024-09-27 09:21:09,258 [INFO] ThirdPartyUpdaterWithRetryManager:70 - Updater plugin not ready yet. [2/15]
2024-09-27 09:21:09,297 [ERROR] Updater:1120 - MainUpdater not yet initialized. External WinMGr cannot be set.
2024-09-27 09:21:09,308 [INFO] Updater:1056 - Updater Version found : 6.11.1
2024-09-27 09:21:09,325 [INFO] ApplicationProperties:184 - Using Application install path: C:\ST\STM32CubeIDE_1.15.1\STM32CubeIDE\plugins\com.st.stm32cube.common.mx_6.11.1.202404110753
2024-09-27 09:21:10,922 [ERROR] LogOutputStream:75 - [STDERR_REDIRECT] Sep 27, 2024 9:21:10 AM java.util.prefs.WindowsPreferences <init>
2024-09-27 09:21:10,928 [ERROR] LogOutputStream:75 - [STDERR_REDIRECT] WARNING: Could not open/create prefs root node Software\JavaSoft\Prefs at root 0xffffffff80000002. Windows RegCreateKeyEx(...) returned error code 5.
2024-09-27 09:21:10,929 [ERROR] LogOutputStream:75 - [STDERR_REDIRECT] 
2024-09-27 09:21:11,164 [INFO] MainUpdater:2873 - connection check result : 22
2024-09-27 09:21:11,164 [INFO] MainUpdater:290 - Updater Check For Update Now.
2024-09-27 09:21:11,165 [INFO] MicroXplorer:498 - Change Database Version : DB.6.0.111
2024-09-27 09:21:11,188 [INFO] McuFinderGlobals:63 - Set McuFinder mode to 2 (CubeIDE integrated)
2024-09-27 09:21:11,206 [INFO] UserAuth:415 - Internet connection configuration mode: 2
2024-09-27 09:21:11,382 [INFO] CheckServerUpdateThread:120 - End of CheckServer Thread
2024-09-27 09:21:12,481 [WARN] PackLoader:240 - Cannot read IP mode file for STMicroelectronics.FP-SNS-MOTENVWB1.1.4.0
2024-09-27 09:21:12,497 [WARN] PackLoader:240 - Cannot read IP mode file for STMicroelectronics.X-CUBE-SMBUS.2.1.0
2024-09-27 09:21:12,537 [WARN] PackLoader:240 - Cannot read IP mode file for STMicroelectronics.X-CUBE-AZRTOS-F7.1.1.0
2024-09-27 09:21:12,609 [WARN] PackLoader:240 - Cannot read IP mode file for STMicroelectronics.X-CUBE-MEMS1.11.0.0
2024-09-27 09:21:12,792 [WARN] PackLoader:240 - Cannot read IP mode file for STMicroelectronics.FP-SNS-FLIGHT1.5.0.2
2024-09-27 09:21:12,809 [WARN] PackLoader:240 - Cannot read IP mode file for STMicroelectronics.X-CUBE-DISPLAY.3.0.0
2024-09-27 09:21:12,826 [WARN] PackLoader:240 - Cannot read IP mode file for STMicroelectronics.X-CUBE-BLE1.7.0.0
2024-09-27 09:21:12,842 [WARN] PackLoader:240 - Cannot read IP mode file for emotas.I-CUBE-CANOPEN.1.3.0
2024-09-27 09:21:12,861 [WARN] PackLoader:240 - Cannot read IP mode file for STMicroelectronics.X-CUBE-BLEMGR.3.1.0
2024-09-27 09:21:12,878 [WARN] PackLoader:240 - Cannot read IP mode file for STMicroelectronics.FP-SNS-SMARTAG2.1.2.0
2024-09-27 09:21:12,899 [INFO] LogOutputStream:77 - [STDOUT_REDIRECT] 1 : Invalid condition id : UX_CORESTACK_Condition cause : null
2024-09-27 09:21:12,900 [INFO] LogOutputStream:77 - [STDOUT_REDIRECT] 1 : Invalid condition id : UX_CORESTACK_Condition cause : null
2024-09-27 09:21:12,901 [INFO] LogOutputStream:77 - [STDOUT_REDIRECT] 1 : Invalid condition id : UX_CORESTACK_Condition cause : null
2024-09-27 09:21:12,902 [INFO] LogOutputStream:77 - [STDOUT_REDIRECT] 1 : Invalid condition id : UX_CORESTACK_Condition cause : null
2024-09-27 09:21:12,903 [INFO] LogOutputStream:77 - [STDOUT_REDIRECT] 1 : Invalid condition id : UX_CORESTACK_Condition cause : null
2024-09-27 09:21:12,905 [WARN] PackLoader:240 - Cannot read IP mode file for STMicroelectronics.X-CUBE-AZRTOS-WL.2.0.0
2024-09-27 09:21:12,920 [WARN] PackLoader:240 - Cannot read IP mode file for STMicroelectronics.FP-SNS-MOTENV1.5.0.0
2024-09-27 09:21:12,933 [WARN] PackLoader:240 - Cannot read IP mode file for wolfSSL.I-CUBE-wolfMQTT.1.19.0
2024-09-27 09:21:12,948 [WARN] PackLoader:240 - Cannot read IP mode file for WES.I-CUBE-Cesium.1.3.0
2024-09-27 09:21:12,960 [WARN] PackLoader:240 - Cannot read IP mode file for STMicroelectronics.X-CUBE-BLE2.3.3.0
2024-09-27 09:21:12,974 [WARN] PackLoader:240 - Cannot read IP mode file for STMicroelectronics.X-CUBE-TCPP.4.1.0
2024-09-27 09:21:13,002 [WARN] PackLoader:240 - Cannot read IP mode file for STMicroelectronics.X-CUBE-AZRTOS-G0.1.1.0
2024-09-27 09:21:13,017 [WARN] PackLoader:240 - Cannot read IP mode file for STMicroelectronics.X-CUBE-SAFEA1.1.2.2
2024-09-27 09:21:13,031 [WARN] PackLoader:240 - Cannot read IP mode file for STMicroelectronics.X-CUBE-NFC4.3.0.0
2024-09-27 09:21:13,047 [WARN] PackLoader:240 - Cannot read IP mode file for EmbeddedOffice.I-CUBE-FS-RTOS.1.0.1
2024-09-27 09:21:13,047 [ERROR] ConditionMgr:805 - Attr not supported : Dmpu
2024-09-27 09:21:13,047 [ERROR] ConditionMgr:805 - Attr not supported : Dmpu
2024-09-27 09:21:13,047 [ERROR] ConditionMgr:805 - Attr not supported : Dmpu
2024-09-27 09:21:13,047 [ERROR] ConditionMgr:805 - Attr not supported : Dmpu
2024-09-27 09:21:13,047 [ERROR] ConditionMgr:805 - Attr not supported : Dmpu
2024-09-27 09:21:13,047 [ERROR] ConditionMgr:805 - Attr not supported : Dmpu
2024-09-27 09:21:13,047 [ERROR] ConditionMgr:805 - Attr not supported : Dmpu
2024-09-27 09:21:13,047 [ERROR] ConditionMgr:805 - Attr not supported : Dmpu
2024-09-27 09:21:13,047 [ERROR] ConditionMgr:805 - Attr not supported : Dmpu
2024-09-27 09:21:13,047 [ERROR] ConditionMgr:805 - Attr not supported : Dmpu
2024-09-27 09:21:13,048 [ERROR] ConditionMgr:805 - Attr not supported : Dmpu
2024-09-27 09:21:13,048 [ERROR] ConditionMgr:805 - Attr not supported : Dmpu
2024-09-27 09:21:13,048 [ERROR] ConditionMgr:805 - Attr not supported : Dmpu
2024-09-27 09:21:13,048 [ERROR] ConditionMgr:805 - Attr not supported : Dmpu
2024-09-27 09:21:13,048 [ERROR] ConditionMgr:805 - Attr not supported : Dmpu
2024-09-27 09:21:13,048 [ERROR] ConditionMgr:805 - Attr not supported : Dmpu
2024-09-27 09:21:13,048 [ERROR] ConditionMgr:805 - Attr not supported : Dmpu
2024-09-27 09:21:13,048 [ERROR] ConditionMgr:805 - Attr not supported : Dmpu
2024-09-27 09:21:13,048 [ERROR] ConditionMgr:805 - Attr not supported : Dmpu
2024-09-27 09:21:13,048 [ERROR] ConditionMgr:805 - Attr not supported : Dmpu
2024-09-27 09:21:13,048 [ERROR] ConditionMgr:805 - Attr not supported : Dmpu
2024-09-27 09:21:13,048 [ERROR] ConditionMgr:805 - Attr not supported : Dmpu
2024-09-27 09:21:13,048 [ERROR] ConditionMgr:805 - Attr not supported : Dmpu
2024-09-27 09:21:13,048 [ERROR] ConditionMgr:805 - Attr not supported : Dmpu
2024-09-27 09:21:13,048 [ERROR] ConditionMgr:805 - Attr not supported : Dmpu
2024-09-27 09:21:13,049 [ERROR] ConditionMgr:805 - Attr not supported : Dmpu
2024-09-27 09:21:13,049 [ERROR] ConditionMgr:805 - Attr not supported : Dmpu
2024-09-27 09:21:13,049 [ERROR] ConditionMgr:805 - Attr not supported : Dmpu
2024-09-27 09:21:13,049 [ERROR] ConditionMgr:805 - Attr not supported : Dmpu
2024-09-27 09:21:13,049 [ERROR] ConditionMgr:805 - Attr not supported : Dmpu
2024-09-27 09:21:13,049 [ERROR] ConditionMgr:805 - Attr not supported : Dmpu
2024-09-27 09:21:13,049 [ERROR] ConditionMgr:805 - Attr not supported : Dmpu
2024-09-27 09:21:13,049 [ERROR] ConditionMgr:805 - Attr not supported : Dmpu
2024-09-27 09:21:13,049 [ERROR] ConditionMgr:805 - Attr not supported : Dmpu
2024-09-27 09:21:13,049 [ERROR] ConditionMgr:805 - Attr not supported : Dmpu
2024-09-27 09:21:13,049 [ERROR] ConditionMgr:805 - Attr not supported : Dmpu
2024-09-27 09:21:13,049 [ERROR] ConditionMgr:805 - Attr not supported : Dmpu
2024-09-27 09:21:13,049 [ERROR] ConditionMgr:805 - Attr not supported : Dmpu
2024-09-27 09:21:13,050 [ERROR] ConditionMgr:805 - Attr not supported : Dmpu
2024-09-27 09:21:13,050 [ERROR] ConditionMgr:805 - Attr not supported : Dmpu
2024-09-27 09:21:13,050 [ERROR] ConditionMgr:805 - Attr not supported : Dmpu
2024-09-27 09:21:13,050 [ERROR] ConditionMgr:805 - Attr not supported : Dmpu
2024-09-27 09:21:13,050 [ERROR] ConditionMgr:805 - Attr not supported : Dmpu
2024-09-27 09:21:13,050 [ERROR] ConditionMgr:805 - Attr not supported : Dmpu
2024-09-27 09:21:13,050 [ERROR] ConditionMgr:805 - Attr not supported : Dmpu
2024-09-27 09:21:13,050 [ERROR] ConditionMgr:805 - Attr not supported : Dmpu
2024-09-27 09:21:13,050 [ERROR] ConditionMgr:805 - Attr not supported : Dmpu
2024-09-27 09:21:13,050 [ERROR] ConditionMgr:805 - Attr not supported : Dmpu
2024-09-27 09:21:13,050 [ERROR] ConditionMgr:805 - Attr not supported : Dmpu
2024-09-27 09:21:13,050 [ERROR] ConditionMgr:805 - Attr not supported : Dmpu
2024-09-27 09:21:13,050 [ERROR] ConditionMgr:805 - Attr not supported : Dmpu
2024-09-27 09:21:13,050 [ERROR] ConditionMgr:805 - Attr not supported : Dmpu
2024-09-27 09:21:13,051 [ERROR] ConditionMgr:805 - Attr not supported : Dmpu
2024-09-27 09:21:13,051 [ERROR] ConditionMgr:805 - Attr not supported : Dmpu
2024-09-27 09:21:13,051 [ERROR] ConditionMgr:805 - Attr not supported : Dmpu
2024-09-27 09:21:13,051 [ERROR] ConditionMgr:805 - Attr not supported : Dmpu
2024-09-27 09:21:13,051 [ERROR] ConditionMgr:805 - Attr not supported : Dmpu
2024-09-27 09:21:13,051 [ERROR] ConditionMgr:805 - Attr not supported : Dmpu
2024-09-27 09:21:13,051 [ERROR] ConditionMgr:805 - Attr not supported : Dmpu
2024-09-27 09:21:13,051 [ERROR] ConditionMgr:805 - Attr not supported : Dmpu
2024-09-27 09:21:13,051 [ERROR] ConditionMgr:805 - Attr not supported : Dmpu
2024-09-27 09:21:13,051 [ERROR] ConditionMgr:805 - Attr not supported : Dmpu
2024-09-27 09:21:13,051 [ERROR] ConditionMgr:805 - Attr not supported : Dmpu
2024-09-27 09:21:13,051 [ERROR] ConditionMgr:805 - Attr not supported : Dmpu
2024-09-27 09:21:13,064 [WARN] PackLoader:240 - Cannot read IP mode file for RealThread.X-CUBE-RT-Thread_Nano.4.1.1
2024-09-27 09:21:13,075 [WARN] PackLoader:240 - Cannot read IP mode file for STMicroelectronics.FP-ATR-SIGFOX1.3.2.0
2024-09-27 09:21:13,087 [WARN] PackLoader:240 - Cannot read IP mode file for wolfSSL.I-CUBE-wolfSSL.5.7.2
2024-09-27 09:21:13,099 [WARN] PackLoader:240 - Cannot read IP mode file for STMicroelectronics.X-CUBE-EEPRMA1.5.1.0
2024-09-27 09:21:13,114 [WARN] PackLoader:240 - Cannot read IP mode file for ITTIA_DB.I-CUBE-ITTIADB.8.9.0
2024-09-27 09:21:13,155 [WARN] PackLoader:240 - Cannot read IP mode file for SEGGER.I-CUBE-embOS.1.3.1
2024-09-27 09:21:13,202 [WARN] PackLoader:240 - Cannot read IP mode file for STMicroelectronics.X-CUBE-ALGOBUILD.1.4.0
2024-09-27 09:21:13,215 [WARN] PackLoader:240 - Cannot read IP mode file for STMicroelectronics.X-CUBE-GNSS1.6.0.0
2024-09-27 09:21:13,241 [WARN] PackLoader:240 - Cannot read IP mode file for STMicroelectronics.X-CUBE-AZRTOS-F4.1.1.0
2024-09-27 09:21:13,254 [WARN] PackLoader:240 - Cannot read IP mode file for STMicroelectronics.X-CUBE-ISPU.2.1.0
2024-09-27 09:21:13,268 [WARN] PackLoader:240 - Cannot read IP mode file for STMicroelectronics.X-CUBE-FREERTOS.1.2.0
2024-09-27 09:21:13,304 [WARN] PackLoader:240 - Cannot read IP mode file for STMicroelectronics.X-CUBE-AZRTOS-L5.2.0.0
2024-09-27 09:21:13,320 [WARN] PackLoader:240 - Cannot read IP mode file for STMicroelectronics.X-CUBE-NFC6.3.1.0
2024-09-27 09:21:13,335 [WARN] PackLoader:240 - Cannot read IP mode file for STMicroelectronics.X-CUBE-DPower.1.2.0
2024-09-27 09:21:13,348 [WARN] PackLoader:240 - Cannot read IP mode file for STMicroelectronics.X-CUBE-AI.9.0.0
2024-09-27 09:21:13,362 [WARN] PackLoader:240 - Cannot read IP mode file for STMicroelectronics.X-CUBE-NFC7.1.0.1
2024-09-27 09:21:13,375 [WARN] PackLoader:240 - Cannot read IP mode file for wolfSSL.I-CUBE-wolfTPM.3.2.0
2024-09-27 09:21:13,403 [WARN] ConditionMgr:438 - getConditionDescription Invalid condition id : LAN8742 Phy interface Condition cause : null
2024-09-27 09:21:13,404 [WARN] PackLoader:240 - Cannot read IP mode file for STMicroelectronics.X-CUBE-AZRTOS-L4.2.0.0
2024-09-27 09:21:13,405 [WARN] ConditionMgr:1039 - genDependencies : Invalid condition id : LAN8742 Phy interface Condition cause : null
2024-09-27 09:21:13,405 [WARN] ConditionMgr:1039 - genDependencies : Invalid condition id : LAN8742 Phy interface Condition cause : null
2024-09-27 09:21:13,405 [WARN] ConditionMgr:1039 - genDependencies : Invalid condition id : LAN8742 Phy interface Condition cause : null
2024-09-27 09:21:13,420 [WARN] PackLoader:240 - Cannot read IP mode file for STMicroelectronics.X-CUBE-SFXS2LP1.4.0.0
2024-09-27 09:21:13,456 [WARN] PackLoader:240 - Cannot read IP mode file for STMicroelectronics.X-CUBE-AZRTOS-H7.3.3.0
2024-09-27 09:21:13,483 [WARN] ConditionMgr:438 - getConditionDescription Invalid condition id : UX DEVICE CLASS RTOS Condition cause : null
2024-09-27 09:21:13,484 [WARN] ConditionMgr:438 - getConditionDescription Invalid condition id : UX DEVICE CLASS RTOS Condition cause : null
2024-09-27 09:21:13,485 [WARN] PackLoader:240 - Cannot read IP mode file for STMicroelectronics.X-CUBE-AZRTOS-WB.2.0.0
2024-09-27 09:21:13,486 [WARN] ConditionMgr:1039 - genDependencies : Invalid condition id : UX DEVICE CLASS RTOS Condition cause : null
2024-09-27 09:21:13,486 [WARN] ConditionMgr:1039 - genDependencies : Invalid condition id : UX DEVICE CLASS RTOS Condition cause : null
2024-09-27 09:21:13,487 [WARN] ConditionMgr:1039 - genDependencies : Invalid condition id : UX DEVICE CLASS RTOS Condition cause : null
2024-09-27 09:21:13,487 [WARN] ConditionMgr:1039 - genDependencies : Invalid condition id : UX DEVICE CLASS RTOS Condition cause : null
2024-09-27 09:21:13,487 [WARN] ConditionMgr:1039 - genDependencies : Invalid condition id : UX DEVICE CLASS RTOS Condition cause : null
2024-09-27 09:21:13,501 [WARN] PackLoader:240 - Cannot read IP mode file for STMicroelectronics.X-CUBE-GNSS1.7.0.0
2024-09-27 09:21:13,515 [WARN] PackLoader:240 - Cannot read IP mode file for STMicroelectronics.FP-SNS-STBOX1.2.0.0
2024-09-27 09:21:13,534 [WARN] PackLoader:240 - Cannot read IP mode file for STMicroelectronics.X-CUBE-SUBG2.5.0.0
2024-09-27 09:21:13,550 [WARN] PackLoader:240 - Cannot read IP mode file for Cesanta.I-CUBE-Mongoose.7.13.0
2024-09-27 09:21:13,573 [WARN] PackLoader:240 - Cannot read IP mode file for STMicroelectronics.X-CUBE-AZRTOS-G4.2.0.0
2024-09-27 09:21:13,585 [WARN] PackLoader:240 - Cannot read IP mode file for STMicroelectronics.X-CUBE-ISPU.2.0.0
2024-09-27 09:21:13,597 [WARN] PackLoader:240 - Cannot read IP mode file for STMicroelectronics.X-CUBE-ALS.1.0.2
2024-09-27 09:21:13,641 [WARN] PackLoader:240 - Cannot read IP mode file for STMicroelectronics.X-CUBE-MEMS1.10.0.0
2024-09-27 09:21:13,754 [WARN] PackLoader:240 - Cannot read IP mode file for STMicroelectronics.X-CUBE-TOUCHGFX.4.24.0
2024-09-27 09:21:13,766 [WARN] PackLoader:240 - Cannot read IP mode file for STMicroelectronics.X-CUBE-TOUCHGFX.4.24.1
2024-09-27 09:21:13,800 [WARN] PackLoader:240 - Cannot read IP mode file for portGmbH.I-Cube-SoM-uGOAL.1.1.0
2024-09-27 09:21:13,830 [WARN] PackLoader:240 - Cannot read IP mode file for STMicroelectronics.X-CUBE-AZRTOS-H7RS.1.0.0
2024-09-27 09:21:13,890 [WARN] PackLoader:240 - Cannot read IP mode file for STMicroelectronics.FP-ATR-ASTRA1.2.0.0
2024-09-27 09:21:13,950 [WARN] PackLoader:240 - Cannot read IP mode file for STMicroelectronics.X-CUBE-TOF1.3.4.2
2024-09-27 09:21:13,978 [WARN] PackLoader:240 - Cannot read IP mode file for STMicroelectronics.X-CUBE-TOF1.3.4.1
2024-09-27 09:21:14,024 [WARN] PackLoader:240 - Cannot read IP mode file for STMicroelectronics.X-CUBE-AZRTOS-H7.3.2.0
2024-09-27 09:21:14,050 [WARN] PackLoader:240 - Cannot read IP mode file for Infineon.AIROC-Wi-Fi-Bluetooth-STM32.1.6.0
2024-09-27 09:21:14,065 [WARN] PackLoader:240 - Cannot read IP mode file for wolfSSL.I-CUBE-wolfSSH.1.4.17
2024-09-27 09:21:14,065 [INFO] ThirdParty:978 - Integrity check success = true
2024-09-27 09:21:14,066 [INFO] IntegrityCheckThread:100 - exiting critical section [integrity check]
2024-09-27 09:21:14,066 [INFO] IntegrityCheckThread:103 - End integrity checks thread
2024-09-27 10:04:28,006 [ERROR] ConfigurationRetriever:142 - IOException on connection: sw-center.st.com
2024-09-27 10:04:28,008 [ERROR] ConfigurationRetriever:142 - IOException on connection: sw-center.st.com
2024-09-27 10:04:28,009 [ERROR] ConfigurationRetriever:142 - IOException on connection: sw-center.st.com
